
Copyright (C) 1994-2020 Synopsys, Inc.
This Synopsys software and all associated documentation are proprietary to Synopsys, Inc.
and may only be used pursuant to the terms and conditions of a written license agreement
with Synopsys, Inc. All other use, reproduction, modification, or distribution of the
Synopsys software or the associated documentation is strictly prohibited.
Tool: Synplify Pro (R)
Build: Q-2020.03L-SP1
Install: C:\lscc\diamond\3.12\synpbase
OS: Windows 6.2

Hostname: ASUSISAAC

Implementation : barrelSRL0
Synopsys HDL compiler and linker, Version comp202003synp2, Build 182R, Built Oct 29 2020 10:49:53, @

Modified Files: 3
FID:  path (prevtimestamp, timestamp)
4        C:\Users\sando_m929gqi\Desktop\ESCOM\7moSemestre\ArquitecturaDeComputadoras\PrimerParcial\Practicas\11-barrelSRL00\barrel00.vhdl (2022-11-11 02:49:11, 2022-11-12 18:56:20)
5        C:\Users\sando_m929gqi\Desktop\ESCOM\7moSemestre\ArquitecturaDeComputadoras\PrimerParcial\Practicas\11-barrelSRL00\barrelSRL00.vhdl (2022-11-11 02:36:56, 2022-11-12 18:47:37)
6        C:\Users\sando_m929gqi\Desktop\ESCOM\7moSemestre\ArquitecturaDeComputadoras\PrimerParcial\Practicas\11-barrelSRL00\packagebarrelSRL00.vhdl (2022-11-11 02:29:18, 2022-11-12 18:47:19)

*******************************************************************
Modules that may have changed as a result of file changes: 5
MID:  lib.cell.view
0        work.barrel00.barrel0 may have changed because the following files changed:
                        C:\Users\sando_m929gqi\Desktop\ESCOM\7moSemestre\ArquitecturaDeComputadoras\PrimerParcial\Practicas\11-barrelSRL00\barrel00.vhdl (2022-11-11 02:49:11, 2022-11-12 18:56:20) <-- (architecture and entity definition)
                        C:\Users\sando_m929gqi\Desktop\ESCOM\7moSemestre\ArquitecturaDeComputadoras\PrimerParcial\Practicas\11-barrelSRL00\barrelSRL00.vhdl (2022-11-11 02:36:56, 2022-11-12 18:47:37) <-- (may instantiate this module)
2        work.barrelsrl00.barrelsrl0 may have changed because the following files changed:
                        C:\Users\sando_m929gqi\Desktop\ESCOM\7moSemestre\ArquitecturaDeComputadoras\PrimerParcial\Practicas\11-barrelSRL00\barrelSRL00.vhdl (2022-11-11 02:36:56, 2022-11-12 18:47:37) <-- (architecture and entity definition)
4        work.div00.div0 may have changed because the following files changed:
                        C:\Users\sando_m929gqi\Desktop\ESCOM\7moSemestre\ArquitecturaDeComputadoras\PrimerParcial\Practicas\11-barrelSRL00\barrelSRL00.vhdl (2022-11-11 02:36:56, 2022-11-12 18:47:37) <-- (may instantiate this module)
6        work.osc00.osc0 may have changed because the following files changed:
                        C:\Users\sando_m929gqi\Desktop\ESCOM\7moSemestre\ArquitecturaDeComputadoras\PrimerParcial\Practicas\11-barrelSRL00\barrelSRL00.vhdl (2022-11-11 02:36:56, 2022-11-12 18:47:37) <-- (may instantiate this module)
8        work.oscint00.oscint0 may have changed because the following files changed:
                        C:\Users\sando_m929gqi\Desktop\ESCOM\7moSemestre\ArquitecturaDeComputadoras\PrimerParcial\Practicas\11-barrelSRL00\barrelSRL00.vhdl (2022-11-11 02:36:56, 2022-11-12 18:47:37) <-- (may instantiate this module)

*******************************************************************
Unmodified files: 15
FID:  path (timestamp)
0        C:\Users\sando_m929gqi\Desktop\ESCOM\7moSemestre\ArquitecturaDeComputadoras\PrimerParcial\Practicas\09-os00-vhdl\div00.vhdl (2022-11-10 23:52:01)
1        C:\Users\sando_m929gqi\Desktop\ESCOM\7moSemestre\ArquitecturaDeComputadoras\PrimerParcial\Practicas\09-os00-vhdl\osc00.vhdl (2022-11-11 00:38:05)
2        C:\Users\sando_m929gqi\Desktop\ESCOM\7moSemestre\ArquitecturaDeComputadoras\PrimerParcial\Practicas\09-os00-vhdl\oscint00.vhdl (2022-11-10 23:25:15)
3        C:\Users\sando_m929gqi\Desktop\ESCOM\7moSemestre\ArquitecturaDeComputadoras\PrimerParcial\Practicas\09-os00-vhdl\packageosc00.vhdl (2022-11-11 00:14:28)
7        C:\lscc\diamond\3.12\cae_library\synthesis\vhdl\machxo2.vhd (2018-11-14 23:32:12)
8        C:\lscc\diamond\3.12\synpbase\lib\cpld\lattice.vhd (2020-10-29 09:20:44)
9        C:\lscc\diamond\3.12\synpbase\lib\vhd\arith.vhd (2020-10-29 09:23:10)
10       C:\lscc\diamond\3.12\synpbase\lib\vhd\hyperents.vhd (2020-10-29 09:23:10)
11       C:\lscc\diamond\3.12\synpbase\lib\vhd\location.map (2020-11-02 16:26:20)
12       C:\lscc\diamond\3.12\synpbase\lib\vhd\numeric.vhd (2020-10-29 09:23:10)
13       C:\lscc\diamond\3.12\synpbase\lib\vhd\snps_haps_pkg.vhd (2020-10-29 09:23:10)
14       C:\lscc\diamond\3.12\synpbase\lib\vhd\std.vhd (2020-10-29 09:23:10)
15       C:\lscc\diamond\3.12\synpbase\lib\vhd\std1164.vhd (2020-10-29 09:23:10)
16       C:\lscc\diamond\3.12\synpbase\lib\vhd\umr_capim.vhd (2020-10-29 09:23:10)
17       C:\lscc\diamond\3.12\synpbase\lib\vhd\unsigned.vhd (2020-10-29 09:23:10)

*******************************************************************
Unchanged modules: 0
MID:  lib.cell.view
