
Loading design for application trce from file adder4bit00_adder4bit0.ncd.
Design name: adder4bits00
NCD version: 3.3
Vendor:      LATTICE
Device:      LCMXO2-7000HE
Package:     TQFP144
Performance: 5
Loading device for application trce from file 'xo2c7000.nph' in environment: C:/lscc/diamond/3.12/ispfpga.
Package Status:                     Final          Version 1.39.
Performance Hardware Data Status:   Final          Version 34.4.
Setup and Hold Report

--------------------------------------------------------------------------------
Lattice TRACE Report - Setup, Version Diamond (64-bit) 3.12.0.240.2
Thu Oct 27 21:01:14 2022

Copyright (c) 1991-1994 by NeoCAD Inc. All rights reserved.
Copyright (c) 1995 AT&T Corp.   All rights reserved.
Copyright (c) 1995-2001 Lucent Technologies Inc.  All rights reserved.
Copyright (c) 2001 Agere Systems   All rights reserved.
Copyright (c) 2002-2020 Lattice Semiconductor Corporation,  All rights reserved.

Report Information
------------------
Command line:    trce -v 10 -gt -sethld -sp 5 -sphld m -o adder4bit00_adder4bit0.twr -gui -msgset C:/Users/OzkArItO/Desktop/ESCOM/7mo_Semestre/ArquitecturaDeComputadoras/Practicas/01-projectDiamont-PrimerParcial/03-adder4bit/promote.xml adder4bit00_adder4bit0.ncd adder4bit00_adder4bit0.prf 
Design file:     adder4bit00_adder4bit0.ncd
Preference file: adder4bit00_adder4bit0.prf
Device,speed:    LCMXO2-7000HE,5
Report level:    verbose report, limited to 10 items per preference
--------------------------------------------------------------------------------

BLOCK ASYNCPATHS
BLOCK RESETPATHS
--------------------------------------------------------------------------------



================================================================================
Preference: Default path enumeration
            77 items scored, 0 timing errors detected.
--------------------------------------------------------------------------------

Report:   17.619ns delay SL to So[2]

   Name    Fanout   Delay (ns)          Site               Resource
PADI_DEL    ---     1.372         57.PAD to       57.PADDI SL
ROUTE         7     3.078       57.PADDI to     R25C13C.A1 SL_c
CTOF_DEL    ---     0.452     R25C13C.A1 to     R25C13C.F1 SLICE_1
ROUTE         2     0.392     R25C13C.F1 to     R25C13C.C0 SC[0]
CTOF_DEL    ---     0.452     R25C13C.C0 to     R25C13C.F0 SLICE_1
ROUTE         2     0.392     R25C13C.F0 to     R25C13B.C1 SC[1]
CTOF_DEL    ---     0.452     R25C13B.C1 to     R25C13B.F1 SLICE_0
ROUTE         2     0.893     R25C13B.F1 to     R25C13B.B0 SC[2]
CTOF_DEL    ---     0.452     R25C13B.B0 to     R25C13B.F0 SLICE_0
ROUTE         4     0.935     R25C13B.F0 to     R25C14A.D0 LED_c
CTOF_DEL    ---     0.452     R25C14A.D0 to     R25C14A.F0 SLICE_2
ROUTE         1     4.849     R25C14A.F0 to      109.PADDO So_c[2]
DOPAD_DEL   ---     3.448      109.PADDO to        109.PAD So[2]
                  --------
                   17.619   (40.2% logic, 59.8% route), 7 logic levels.

Report:   16.493ns delay Ai[0] to So[2]

   Name    Fanout   Delay (ns)          Site               Resource
PADI_DEL    ---     1.372         41.PAD to       41.PADDI Ai[0]
ROUTE         2     1.952       41.PADDI to     R25C13C.C1 Ai_c[0]
CTOF_DEL    ---     0.452     R25C13C.C1 to     R25C13C.F1 SLICE_1
ROUTE         2     0.392     R25C13C.F1 to     R25C13C.C0 SC[0]
CTOF_DEL    ---     0.452     R25C13C.C0 to     R25C13C.F0 SLICE_1
ROUTE         2     0.392     R25C13C.F0 to     R25C13B.C1 SC[1]
CTOF_DEL    ---     0.452     R25C13B.C1 to     R25C13B.F1 SLICE_0
ROUTE         2     0.893     R25C13B.F1 to     R25C13B.B0 SC[2]
CTOF_DEL    ---     0.452     R25C13B.B0 to     R25C13B.F0 SLICE_0
ROUTE         4     0.935     R25C13B.F0 to     R25C14A.D0 LED_c
CTOF_DEL    ---     0.452     R25C14A.D0 to     R25C14A.F0 SLICE_2
ROUTE         1     4.849     R25C14A.F0 to      109.PADDO So_c[2]
DOPAD_DEL   ---     3.448      109.PADDO to        109.PAD So[2]
                  --------
                   16.493   (42.9% logic, 57.1% route), 7 logic levels.

Report:   16.478ns delay SL to So[2]

   Name    Fanout   Delay (ns)          Site               Resource
PADI_DEL    ---     1.372         57.PAD to       57.PADDI SL
ROUTE         7     2.781       57.PADDI to     R25C13C.D0 SL_c
CTOF_DEL    ---     0.452     R25C13C.D0 to     R25C13C.F0 SLICE_1
ROUTE         2     0.392     R25C13C.F0 to     R25C13B.C1 SC[1]
CTOF_DEL    ---     0.452     R25C13B.C1 to     R25C13B.F1 SLICE_0
ROUTE         2     0.893     R25C13B.F1 to     R25C13B.B0 SC[2]
CTOF_DEL    ---     0.452     R25C13B.B0 to     R25C13B.F0 SLICE_0
ROUTE         4     0.935     R25C13B.F0 to     R25C14A.D0 LED_c
CTOF_DEL    ---     0.452     R25C14A.D0 to     R25C14A.F0 SLICE_2
ROUTE         1     4.849     R25C14A.F0 to      109.PADDO So_c[2]
DOPAD_DEL   ---     3.448      109.PADDO to        109.PAD So[2]
                  --------
                   16.478   (40.2% logic, 59.8% route), 6 logic levels.

Report:   16.368ns delay SL to LED

   Name    Fanout   Delay (ns)          Site               Resource
PADI_DEL    ---     1.372         57.PAD to       57.PADDI SL
ROUTE         7     3.078       57.PADDI to     R25C13C.A1 SL_c
CTOF_DEL    ---     0.452     R25C13C.A1 to     R25C13C.F1 SLICE_1
ROUTE         2     0.392     R25C13C.F1 to     R25C13C.C0 SC[0]
CTOF_DEL    ---     0.452     R25C13C.C0 to     R25C13C.F0 SLICE_1
ROUTE         2     0.392     R25C13C.F0 to     R25C13B.C1 SC[1]
CTOF_DEL    ---     0.452     R25C13B.C1 to     R25C13B.F1 SLICE_0
ROUTE         2     0.893     R25C13B.F1 to     R25C13B.B0 SC[2]
CTOF_DEL    ---     0.452     R25C13B.B0 to     R25C13B.F0 SLICE_0
ROUTE         4     4.985     R25C13B.F0 to      114.PADDO LED_c
DOPAD_DEL   ---     3.448      114.PADDO to        114.PAD LED
                  --------
                   16.368   (40.5% logic, 59.5% route), 6 logic levels.

Report:   16.315ns delay Bi[0] to So[2]

   Name    Fanout   Delay (ns)          Site               Resource
PADI_DEL    ---     1.372         50.PAD to       50.PADDI Bi[0]
ROUTE         2     1.774       50.PADDI to     R25C13C.D1 Bi_c[0]
CTOF_DEL    ---     0.452     R25C13C.D1 to     R25C13C.F1 SLICE_1
ROUTE         2     0.392     R25C13C.F1 to     R25C13C.C0 SC[0]
CTOF_DEL    ---     0.452     R25C13C.C0 to     R25C13C.F0 SLICE_1
ROUTE         2     0.392     R25C13C.F0 to     R25C13B.C1 SC[1]
CTOF_DEL    ---     0.452     R25C13B.C1 to     R25C13B.F1 SLICE_0
ROUTE         2     0.893     R25C13B.F1 to     R25C13B.B0 SC[2]
CTOF_DEL    ---     0.452     R25C13B.B0 to     R25C13B.F0 SLICE_0
ROUTE         4     0.935     R25C13B.F0 to     R25C14A.D0 LED_c
CTOF_DEL    ---     0.452     R25C14A.D0 to     R25C14A.F0 SLICE_2
ROUTE         1     4.849     R25C14A.F0 to      109.PADDO So_c[2]
DOPAD_DEL   ---     3.448      109.PADDO to        109.PAD So[2]
                  --------
                   16.315   (43.4% logic, 56.6% route), 7 logic levels.

Report:   15.987ns delay Ai[1] to So[2]

   Name    Fanout   Delay (ns)          Site               Resource
PADI_DEL    ---     1.372         40.PAD to       40.PADDI Ai[1]
ROUTE         2     2.290       40.PADDI to     R25C13C.B0 Ai_c[1]
CTOF_DEL    ---     0.452     R25C13C.B0 to     R25C13C.F0 SLICE_1
ROUTE         2     0.392     R25C13C.F0 to     R25C13B.C1 SC[1]
CTOF_DEL    ---     0.452     R25C13B.C1 to     R25C13B.F1 SLICE_0
ROUTE         2     0.893     R25C13B.F1 to     R25C13B.B0 SC[2]
CTOF_DEL    ---     0.452     R25C13B.B0 to     R25C13B.F0 SLICE_0
ROUTE         4     0.935     R25C13B.F0 to     R25C14A.D0 LED_c
CTOF_DEL    ---     0.452     R25C14A.D0 to     R25C14A.F0 SLICE_2
ROUTE         1     4.849     R25C14A.F0 to      109.PADDO So_c[2]
DOPAD_DEL   ---     3.448      109.PADDO to        109.PAD So[2]
                  --------
                   15.987   (41.5% logic, 58.5% route), 6 logic levels.

Report:   15.931ns delay SL to So[2]

   Name    Fanout   Delay (ns)          Site               Resource
PADI_DEL    ---     1.372         57.PAD to       57.PADDI SL
ROUTE         7     3.078       57.PADDI to     R25C13B.A1 SL_c
CTOF_DEL    ---     0.452     R25C13B.A1 to     R25C13B.F1 SLICE_0
ROUTE         2     0.893     R25C13B.F1 to     R25C13B.B0 SC[2]
CTOF_DEL    ---     0.452     R25C13B.B0 to     R25C13B.F0 SLICE_0
ROUTE         4     0.935     R25C13B.F0 to     R25C14A.D0 LED_c
CTOF_DEL    ---     0.452     R25C14A.D0 to     R25C14A.F0 SLICE_2
ROUTE         1     4.849     R25C14A.F0 to      109.PADDO So_c[2]
DOPAD_DEL   ---     3.448      109.PADDO to        109.PAD So[2]
                  --------
                   15.931   (38.8% logic, 61.2% route), 5 logic levels.

Report:   15.760ns delay SL to So[3]

   Name    Fanout   Delay (ns)          Site               Resource
PADI_DEL    ---     1.372         57.PAD to       57.PADDI SL
ROUTE         7     3.078       57.PADDI to     R25C13C.A1 SL_c
CTOF_DEL    ---     0.452     R25C13C.A1 to     R25C13C.F1 SLICE_1
ROUTE         2     0.392     R25C13C.F1 to     R25C13C.C0 SC[0]
CTOF_DEL    ---     0.452     R25C13C.C0 to     R25C13C.F0 SLICE_1
ROUTE         2     0.392     R25C13C.F0 to     R25C13B.C1 SC[1]
CTOF_DEL    ---     0.452     R25C13B.C1 to     R25C13B.F1 SLICE_0
ROUTE         2     0.392     R25C13B.F1 to     R25C13D.C1 SC[2]
CTOF_DEL    ---     0.452     R25C13D.C1 to     R25C13D.F1 SLICE_4
ROUTE         1     4.878     R25C13D.F1 to      110.PADDO So_c[3]
DOPAD_DEL   ---     3.448      110.PADDO to        110.PAD So[3]
                  --------
                   15.760   (42.1% logic, 57.9% route), 6 logic levels.

Report:   15.577ns delay Bi[1] to So[2]

   Name    Fanout   Delay (ns)          Site               Resource
PADI_DEL    ---     1.372         49.PAD to       49.PADDI Bi[1]
ROUTE         2     1.880       49.PADDI to     R25C13C.A0 Bi_c[1]
CTOF_DEL    ---     0.452     R25C13C.A0 to     R25C13C.F0 SLICE_1
ROUTE         2     0.392     R25C13C.F0 to     R25C13B.C1 SC[1]
CTOF_DEL    ---     0.452     R25C13B.C1 to     R25C13B.F1 SLICE_0
ROUTE         2     0.893     R25C13B.F1 to     R25C13B.B0 SC[2]
CTOF_DEL    ---     0.452     R25C13B.B0 to     R25C13B.F0 SLICE_0
ROUTE         4     0.935     R25C13B.F0 to     R25C14A.D0 LED_c
CTOF_DEL    ---     0.452     R25C14A.D0 to     R25C14A.F0 SLICE_2
ROUTE         1     4.849     R25C14A.F0 to      109.PADDO So_c[2]
DOPAD_DEL   ---     3.448      109.PADDO to        109.PAD So[2]
                  --------
                   15.577   (42.5% logic, 57.5% route), 6 logic levels.

Report:   15.242ns delay Ai[0] to LED

   Name    Fanout   Delay (ns)          Site               Resource
PADI_DEL    ---     1.372         41.PAD to       41.PADDI Ai[0]
ROUTE         2     1.952       41.PADDI to     R25C13C.C1 Ai_c[0]
CTOF_DEL    ---     0.452     R25C13C.C1 to     R25C13C.F1 SLICE_1
ROUTE         2     0.392     R25C13C.F1 to     R25C13C.C0 SC[0]
CTOF_DEL    ---     0.452     R25C13C.C0 to     R25C13C.F0 SLICE_1
ROUTE         2     0.392     R25C13C.F0 to     R25C13B.C1 SC[1]
CTOF_DEL    ---     0.452     R25C13B.C1 to     R25C13B.F1 SLICE_0
ROUTE         2     0.893     R25C13B.F1 to     R25C13B.B0 SC[2]
CTOF_DEL    ---     0.452     R25C13B.B0 to     R25C13B.F0 SLICE_0
ROUTE         4     4.985     R25C13B.F0 to      114.PADDO LED_c
DOPAD_DEL   ---     3.448      114.PADDO to        114.PAD LED
                  --------
                   15.242   (43.5% logic, 56.5% route), 6 logic levels.

Report:   17.619ns is the maximum delay for this preference.


================================================================================
Preference: Default net enumeration
            19 items scored, 0 timing errors detected.
--------------------------------------------------------------------------------

Report:    4.985ns maximum delay on LED_c

           Delays             Connection(s)
           4.985ns       R25C13B.F0 to 114.PADDO       
           0.399ns       R25C13B.F0 to R25C13D.C0      
           0.399ns       R25C13B.F0 to R25C13A.C0      
           0.935ns       R25C13B.F0 to R25C14A.D0      

Report:    4.878ns maximum delay on So_c[3]

           Delays             Connection(s)
           4.878ns       R25C13D.F1 to 110.PADDO       

Report:    4.849ns maximum delay on So_c[2]

           Delays             Connection(s)
           4.849ns       R25C14A.F0 to 109.PADDO       

Report:    3.078ns maximum delay on SL_c

           Delays             Connection(s)
           2.781ns         57.PADDI to R25C13D.D1      
           2.781ns         57.PADDI to R25C13A.D1      
           2.672ns         57.PADDI to R25C14A.A1      
           3.078ns         57.PADDI to R25C13C.A1      
           2.781ns         57.PADDI to R25C13C.D0      
           3.078ns         57.PADDI to R25C13B.A1      
           2.519ns         57.PADDI to R25C13B.C0      

Report:    3.051ns maximum delay on Ai_c[2]

           Delays             Connection(s)
           3.051ns         39.PADDI to R25C14A.A0      
           2.362ns         39.PADDI to R25C13B.D1      

Report:    2.528ns maximum delay on Ai_c[0]

           Delays             Connection(s)
           2.528ns         41.PADDI to R25C13D.B0      
           1.952ns         41.PADDI to R25C13C.C1      

Report:    2.526ns maximum delay on Ai_c[3]

           Delays             Connection(s)
           2.526ns         38.PADDI to R25C13D.A1      
           2.526ns         38.PADDI to R25C13B.A0      

Report:    2.290ns maximum delay on Ai_c[1]

           Delays             Connection(s)
           1.949ns         40.PADDI to R25C13A.D0      
           2.290ns         40.PADDI to R25C13C.B0      

Report:    1.880ns maximum delay on Bi_c[1]

           Delays             Connection(s)
           1.685ns         49.PADDI to R25C13A.C1      
           1.880ns         49.PADDI to R25C13C.A0      

Report:    1.878ns maximum delay on So_c[1]

           Delays             Connection(s)
           1.878ns       R25C13A.F0 to 34.PADDO        

Report:    4.985ns is the maximum delay for this preference.

Report Summary
--------------
----------------------------------------------------------------------------
Preference                              |   Constraint|       Actual|Levels
----------------------------------------------------------------------------
                                        |             |             |
Default path enumeration                |     0.000 ns|    17.619 ns|   0  
                                        |             |             |
Default net enumeration                 |     0.000 ns|     4.985 ns|   0  
                                        |             |             |
----------------------------------------------------------------------------


All preferences were met.


Clock Domains Analysis
------------------------

Found 0 clocks:


Timing summary (Setup):
---------------

Timing errors: 0  Score: 0
Cumulative negative slack: 0

Constraints cover 77 paths, 19 nets, and 39 connections (100.00% coverage)

--------------------------------------------------------------------------------

