Running in Lattice mode

Starting:    C:\lscc\diamond\3.12\synpbase\bin64\mbin\synbatch.exe
Install:     C:\lscc\diamond\3.12\synpbase
Hostname:    SANDOVALCHICLES
Date:        Thu Oct 27 21:00:45 2022
Version:     Q-2020.03L-SP1

Arguments:   -product synplify_pro -batch adder4bit00_adder4bit0_synplify.tcl
ProductType: synplify_pro




log file: "C:\Users\OzkArItO\Desktop\ESCOM\7mo_Semestre\ArquitecturaDeComputadoras\Practicas\01-projectDiamont-PrimerParcial\03-adder4bit\adder4bit0\adder4bit00_adder4bit0.srr"
Running: hdl_info_gen in foreground

Generating HDL info...
Copied C:\Users\OzkArItO\Desktop\ESCOM\7mo_Semestre\ArquitecturaDeComputadoras\Practicas\01-projectDiamont-PrimerParcial\03-adder4bit\adder4bit0\adder4bit00_adder4bit0.srr to C:\Users\OzkArItO\Desktop\ESCOM\7mo_Semestre\ArquitecturaDeComputadoras\Practicas\01-projectDiamont-PrimerParcial\03-adder4bit\adder4bit0\adder4bit00_adder4bit0.srf

hdl_info_gen completed
# Thu Oct 27 21:00:46 2022

Return Code: 0
Run Time:00h:00m:01s
log file: "C:\Users\OzkArItO\Desktop\ESCOM\7mo_Semestre\ArquitecturaDeComputadoras\Practicas\01-projectDiamont-PrimerParcial\03-adder4bit\adder4bit0\adder4bit00_adder4bit0.srr"
Running: adder4bit0 in foreground

Running proj_1|adder4bit0

Running Flow: compile (Compile) on proj_1|adder4bit0
# Thu Oct 27 21:00:47 2022

Running Flow: compile_flow (Compile Process) on proj_1|adder4bit0
# Thu Oct 27 21:00:47 2022

Running: compiler (Compile Input) on proj_1|adder4bit0
# Thu Oct 27 21:00:47 2022

compiler completed
# Thu Oct 27 21:00:49 2022

Return Code: 0
Run Time:00h:00m:02s

Running: multi_srs_gen (Multi-srs Generator) on proj_1|adder4bit0
# Thu Oct 27 21:00:49 2022

multi_srs_gen completed
# Thu Oct 27 21:00:50 2022

Return Code: 0
Run Time:00h:00m:01s
Copied C:\Users\OzkArItO\Desktop\ESCOM\7mo_Semestre\ArquitecturaDeComputadoras\Practicas\01-projectDiamont-PrimerParcial\03-adder4bit\adder4bit0\adder4bit00_adder4bit0.srr to C:\Users\OzkArItO\Desktop\ESCOM\7mo_Semestre\ArquitecturaDeComputadoras\Practicas\01-projectDiamont-PrimerParcial\03-adder4bit\adder4bit0\adder4bit00_adder4bit0.srf
Complete: Compile Process on proj_1|adder4bit0

Running: premap (Premap) on proj_1|adder4bit0
# Thu Oct 27 21:00:50 2022

premap completed
# Thu Oct 27 21:00:55 2022

Return Code: 0
Run Time:00h:00m:05s
Complete: Compile on proj_1|adder4bit0

Running Flow: map (Map) on proj_1|adder4bit0
# Thu Oct 27 21:00:55 2022

Running: fpga_mapper (Map & Optimize) on proj_1|adder4bit0
# Thu Oct 27 21:00:55 2022

fpga_mapper completed
# Thu Oct 27 21:01:01 2022

Return Code: 0
Run Time:00h:00m:06s
Complete: Map on proj_1|adder4bit0
Copied C:\Users\OzkArItO\Desktop\ESCOM\7mo_Semestre\ArquitecturaDeComputadoras\Practicas\01-projectDiamont-PrimerParcial\03-adder4bit\adder4bit0\adder4bit00_adder4bit0.srr to C:\Users\OzkArItO\Desktop\ESCOM\7mo_Semestre\ArquitecturaDeComputadoras\Practicas\01-projectDiamont-PrimerParcial\03-adder4bit\adder4bit0\adder4bit00_adder4bit0.srf
Complete: Logic Synthesis on proj_1|adder4bit0
TCL script complete: "adder4bit00_adder4bit0_synplify.tcl"
exit status=0
exit status=0
Save changes for project:
C:\Users\OzkArItO\Desktop\ESCOM\7mo_Semestre\ArquitecturaDeComputadoras\Practicas\01-projectDiamont-PrimerParcial\03-adder4bit\adder4bit0\proj_1.prj
batch mode default:no
