
            Lattice Mapping Report File for Design Module 'word00'


Design Information
------------------

Command line:   map -a MachXO2 -p LCMXO2-7000HE -t TQFP144 -s 4 -oc Commercial
     word00_word0.ngd -o word00_word0_map.ncd -pr word00_word0.prf -mp
     word00_word0.mrp -lpf C:/Users/sando_m929gqi/Desktop/ESCOM/7moSemestre/Arqu
     itecturaDeComputadoras/SegundoParcial/Practicas/01-word00/word0/word00_word
     0_synplify.lpf -lpf C:/Users/sando_m929gqi/Desktop/ESCOM/7moSemestre/Arquit
     ecturaDeComputadoras/SegundoParcial/Practicas/01-word00/word00.lpf -c 0
     -gui -msgset C:/Users/sando_m929gqi/Desktop/ESCOM/7moSemestre/ArquitecturaD
     eComputadoras/SegundoParcial/Practicas/01-word00/promote.xml 
Target Vendor:  LATTICE
Target Device:  LCMXO2-7000HETQFP144
Target Performance:   4
Mapper:  xo2c00,  version:  Diamond (64-bit) 3.12.0.240.2
Mapped on:  12/06/22  21:47:59

Design Summary
--------------

   Number of registers:     27 out of  7209 (0%)
      PFU registers:           26 out of  6864 (0%)
      PIO registers:            1 out of   345 (0%)
   Number of SLICEs:        32 out of  3432 (1%)
      SLICEs as Logic/ROM:     32 out of  3432 (1%)
      SLICEs as RAM:            0 out of  2574 (0%)
      SLICEs as Carry:         12 out of  3432 (0%)
   Number of LUT4s:         62 out of  6864 (1%)
      Number used as logic LUTs:         38
      Number used as distributed RAM:     0
      Number used as ripple logic:       24
      Number used as shift registers:     0
   Number of PIO sites used: 19 + 4(JTAG) out of 115 (20%)
   Number of block RAMs:  0 out of 26 (0%)
   Number of GSRs:        0 out of 1 (0%)
   EFB used :        No
   JTAG used :       No
   Readback used :   No
   Oscillator used : Yes
   Startup used :    No
   POR :             On
   Bandgap :         On
   Number of Power Controller:  0 out of 1 (0%)
   Number of Dynamic Bank Controller (BCINRD):  0 out of 6 (0%)
   Number of Dynamic Bank Controller (BCLVDSO):  0 out of 1 (0%)
   Number of DCCA:  0 out of 8 (0%)
   Number of DCMA:  0 out of 2 (0%)
   Number of PLLs:  0 out of 2 (0%)
   Number of DQSDLLs:  0 out of 2 (0%)
   Number of CLKDIVC:  0 out of 4 (0%)
   Number of ECLKSYNCA:  0 out of 4 (0%)
   Number of ECLKBRIDGECS:  0 out of 2 (0%)
   Notes:-
      1. Total number of LUT4s = (Number of logic LUT4s) + 2*(Number of
     distributed RAMs) + 2*(Number of ripple logic)
      2. Number of logic LUT4s does not include count of distributed RAM and
     ripple logic.
   Number of clocks:  2

                                    Page 1




Design:  word00                                        Date:  12/06/22  21:47:59

Design Summary (cont)
---------------------
     Net clk0_c: 3 loads, 3 rising, 0 falling (Driver: W00/OS01/oscout )
     Net W00/sclk: 13 loads, 13 rising, 0 falling (Driver: W00/OS00/OSCInst0 )
   Number of Clock Enables:  0
   Number of LSRs:  3
     Net en0_c: 2 loads, 2 LSLICEs
     Net outtransist0_c[1]: 1 loads, 0 LSLICEs
     Net W00/OS01/N_4_i: 12 loads, 12 LSLICEs
   Number of nets driven by tri-state buffers:  0
   Top 10 highest fanout non-clock nets:
     Net W00/OS01/N_4_i: 13 loads
     Net cdiv0_c[3]: 10 loads
     Net cdiv0_c[1]: 9 loads
     Net cdiv0_c[2]: 9 loads
     Net cdiv0_c[0]: 7 loads
     Net cdiv0_c[5]: 7 loads
     Net cdiv0_c[4]: 6 loads
     Net outtransist0_c[0]: 5 loads
     Net outtransist0_c[1]: 5 loads
     Net outtransist0_c[2]: 5 loads




   Number of warnings:  0
   Number of errors:    0
     

Design Errors/Warnings
----------------------

   No errors or warnings present.

IO (PIO) Attributes
-------------------

+---------------------+-----------+-----------+------------+
| IO Name             | Direction | Levelmode | IO         |
|                     |           |  IO_TYPE  | Register   |
+---------------------+-----------+-----------+------------+
| clk0                | OUTPUT    | LVCMOS25  |            |
+---------------------+-----------+-----------+------------+
| cdiv0[0]            | INPUT     | LVCMOS25  |            |
+---------------------+-----------+-----------+------------+
| outcoder0[6]        | OUTPUT    | LVCMOS25  |            |
+---------------------+-----------+-----------+------------+
| outcoder0[5]        | OUTPUT    | LVCMOS25  |            |
+---------------------+-----------+-----------+------------+
| outcoder0[4]        | OUTPUT    | LVCMOS25  |            |
+---------------------+-----------+-----------+------------+
| outcoder0[3]        | OUTPUT    | LVCMOS25  |            |
+---------------------+-----------+-----------+------------+
| outcoder0[2]        | OUTPUT    | LVCMOS25  |            |
+---------------------+-----------+-----------+------------+
| outcoder0[1]        | OUTPUT    | LVCMOS25  |            |
+---------------------+-----------+-----------+------------+
| outcoder0[0]        | OUTPUT    | LVCMOS25  |            |

                                    Page 2




Design:  word00                                        Date:  12/06/22  21:47:59

IO (PIO) Attributes (cont)
--------------------------
+---------------------+-----------+-----------+------------+
| outtransist0[3]     | OUTPUT    | LVCMOS25  |            |
+---------------------+-----------+-----------+------------+
| outtransist0[2]     | OUTPUT    | LVCMOS25  |            |
+---------------------+-----------+-----------+------------+
| outtransist0[1]     | OUTPUT    | LVCMOS25  |            |
+---------------------+-----------+-----------+------------+
| outtransist0[0]     | OUTPUT    | LVCMOS25  |            |
+---------------------+-----------+-----------+------------+
| en0                 | INPUT     | LVCMOS25  | IN         |
+---------------------+-----------+-----------+------------+
| cdiv0[5]            | INPUT     | LVCMOS25  |            |
+---------------------+-----------+-----------+------------+
| cdiv0[4]            | INPUT     | LVCMOS25  |            |
+---------------------+-----------+-----------+------------+
| cdiv0[3]            | INPUT     | LVCMOS25  |            |
+---------------------+-----------+-----------+------------+
| cdiv0[2]            | INPUT     | LVCMOS25  |            |
+---------------------+-----------+-----------+------------+
| cdiv0[1]            | INPUT     | LVCMOS25  |            |
+---------------------+-----------+-----------+------------+

Removed logic
-------------

Block VCC undriven or does not drive anything - clipped.
Block GSR_INST undriven or does not drive anything - clipped.
Block GND undriven or does not drive anything - clipped.
Block W00/OS01/VCC undriven or does not drive anything - clipped.
Block W01/VCC undriven or does not drive anything - clipped.
Block W02/GND undriven or does not drive anything - clipped.
Signal en0_c_i was merged into signal en0_c
Signal outtransist0_c_i[1] was merged into signal outtransist0_c[1]
Signal W00/OS00/GND undriven or does not drive anything - clipped.
Signal W00/OS01/GND undriven or does not drive anything - clipped.
Signal VCC undriven or does not drive anything - clipped.
Signal W00/OS00/OSCInst0_SEDSTDBY undriven or does not drive anything - clipped.
     
Signal W00/OS01/un2_sdiv_s_21_0_S1 undriven or does not drive anything -
     clipped.
Signal W00/OS01/un2_sdiv_s_21_0_COUT undriven or does not drive anything -
     clipped.
Signal W00/OS01/un2_sdiv_cry_0_0_S0 undriven or does not drive anything -
     clipped.
Signal W00/OS01/N_1 undriven or does not drive anything - clipped.
Block en0_pad_RNINM18 was optimized away.
Block W01/outc_RNIAV13[1] was optimized away.
Block W00/OS00/GND was optimized away.
Block W00/OS01/GND was optimized away.

     

OSC Summary
-----------

OSC 1:                                     Pin/Node Value

                                    Page 3




Design:  word00                                        Date:  12/06/22  21:47:59

OSC Summary (cont)
------------------
  OSC Instance Name:                                W00/OS00/OSCInst0
  OSC Type:                                         OSCH
  STDBY Input:                                      NONE
  OSC Output:                              NODE     W00/sclk
  OSC Nominal Frequency (MHz):                      2.08

ASIC Components
---------------

Instance Name: W00/OS00/OSCInst0
         Type: OSCH

Run Time and Memory Usage
-------------------------

   Total CPU Time: 0 secs  
   Total REAL Time: 0 secs  
   Peak Memory Usage: 58 MB
        






































                                    Page 4


Copyright (c) 1991-1994 by NeoCAD Inc. All rights reserved.
     Copyright (c) 1995 AT&T Corp.   All rights reserved.
     Copyright (c) 1995-2001 Lucent Technologies Inc.  All rights reserved.
     Copyright (c) 2001 Agere Systems   All rights reserved.
     Copyright (c) 2002-2020 Lattice Semiconductor Corporation,  All rights
     reserved.
