
Copyright (C) 1994-2020 Synopsys, Inc.
This Synopsys software and all associated documentation are proprietary to Synopsys, Inc.
and may only be used pursuant to the terms and conditions of a written license agreement
with Synopsys, Inc. All other use, reproduction, modification, or distribution of the
Synopsys software or the associated documentation is strictly prohibited.
Tool: Synplify Pro (R)
Build: Q-2020.03L-SP1
Install: C:\lscc\diamond\3.12\synpbase
OS: Windows 6.2

Hostname: ASUSISAAC

Implementation : word0
Synopsys HDL compiler and linker, Version comp202003synp2, Build 182R, Built Oct 29 2020 10:49:53, @

Modified Files: 1
FID:  path (prevtimestamp, timestamp)
4        C:\Users\sando_m929gqi\Desktop\ESCOM\7moSemestre\ArquitecturaDeComputadoras\SegundoParcial\Practicas\01-word00\coder00.vhdl (2022-12-06 21:43:04, 2022-12-06 21:47:49)

*******************************************************************
Modules that may have changed as a result of file changes: 1
MID:  lib.cell.view
0        work.coder00.coder0 may have changed because the following files changed:
                        C:\Users\sando_m929gqi\Desktop\ESCOM\7moSemestre\ArquitecturaDeComputadoras\SegundoParcial\Practicas\01-word00\coder00.vhdl (2022-12-06 21:43:04, 2022-12-06 21:47:49) <-- (architecture and entity definition)

*******************************************************************
Unmodified files: 18
FID:  path (timestamp)
0        C:\Users\sando_m929gqi\Desktop\ESCOM\7moSemestre\ArquitecturaDeComputadoras\SegundoParcial\Practicas\00-os00-vhdl\div00.vhdl (2022-12-06 20:22:12)
1        C:\Users\sando_m929gqi\Desktop\ESCOM\7moSemestre\ArquitecturaDeComputadoras\SegundoParcial\Practicas\00-os00-vhdl\osc00.vhdl (2022-12-06 20:22:12)
2        C:\Users\sando_m929gqi\Desktop\ESCOM\7moSemestre\ArquitecturaDeComputadoras\SegundoParcial\Practicas\00-os00-vhdl\oscint00.vhdl (2022-12-06 20:22:12)
3        C:\Users\sando_m929gqi\Desktop\ESCOM\7moSemestre\ArquitecturaDeComputadoras\SegundoParcial\Practicas\00-os00-vhdl\packageosc00.vhdl (2022-12-06 20:22:12)
5        C:\Users\sando_m929gqi\Desktop\ESCOM\7moSemestre\ArquitecturaDeComputadoras\SegundoParcial\Practicas\01-word00\contring00.vhdl (2022-12-06 21:34:14)
6        C:\Users\sando_m929gqi\Desktop\ESCOM\7moSemestre\ArquitecturaDeComputadoras\SegundoParcial\Practicas\01-word00\packageword00.vhdl (2022-12-06 20:22:13)
7        C:\Users\sando_m929gqi\Desktop\ESCOM\7moSemestre\ArquitecturaDeComputadoras\SegundoParcial\Practicas\01-word00\word00.vhdl (2022-12-06 20:22:13)
8        C:\lscc\diamond\3.12\cae_library\synthesis\vhdl\machxo2.vhd (2018-11-14 23:32:12)
9        C:\lscc\diamond\3.12\synpbase\lib\cpld\lattice.vhd (2020-10-29 09:20:44)
10       C:\lscc\diamond\3.12\synpbase\lib\vhd\arith.vhd (2020-10-29 09:23:10)
11       C:\lscc\diamond\3.12\synpbase\lib\vhd\hyperents.vhd (2020-10-29 09:23:10)
12       C:\lscc\diamond\3.12\synpbase\lib\vhd\location.map (2020-11-02 16:26:20)
13       C:\lscc\diamond\3.12\synpbase\lib\vhd\numeric.vhd (2020-10-29 09:23:10)
14       C:\lscc\diamond\3.12\synpbase\lib\vhd\snps_haps_pkg.vhd (2020-10-29 09:23:10)
15       C:\lscc\diamond\3.12\synpbase\lib\vhd\std.vhd (2020-10-29 09:23:10)
16       C:\lscc\diamond\3.12\synpbase\lib\vhd\std1164.vhd (2020-10-29 09:23:10)
17       C:\lscc\diamond\3.12\synpbase\lib\vhd\umr_capim.vhd (2020-10-29 09:23:10)
18       C:\lscc\diamond\3.12\synpbase\lib\vhd\unsigned.vhd (2020-10-29 09:23:10)

*******************************************************************
Unchanged modules: 10
MID:  lib.cell.view
2        work.contring00.contring0
3        work.contring00.vhdl
4        work.div00.div0
5        work.div00.vhdl
6        work.osc00.osc0
7        work.osc00.vhdl
8        work.oscint00.oscint0
9        work.oscint00.vhdl
10       work.word00.vhdl
11       work.word00.word0
