Running in Lattice mode

Starting:    C:\lscc\diamond\3.12\synpbase\bin64\mbin\synbatch.exe
Install:     C:\lscc\diamond\3.12\synpbase
Hostname:    ASUSISAAC
Date:        Wed Nov  9 11:50:31 2022
Version:     Q-2020.03L-SP1

Arguments:   -product synplify_pro -batch oscint00_impl1_synplify.tcl
ProductType: synplify_pro




log file: "C:\Users\sando_m929gqi\Desktop\ESCOM\7moSemestre\ArquitecturaDeComputadoras\PrimerParcial\Practicas\08-oscint00\impl1\oscint00_impl1.srr"
Running: hdl_info_gen in foreground

Generating HDL info...

hdl_info_gen completed
# Wed Nov  9 11:50:31 2022

Return Code: 0
Run Time:00h:00m:00s
log file: "C:\Users\sando_m929gqi\Desktop\ESCOM\7moSemestre\ArquitecturaDeComputadoras\PrimerParcial\Practicas\08-oscint00\impl1\oscint00_impl1.srr"
Running: impl1 in foreground

Running proj_1|impl1

Running Flow: compile (Compile) on proj_1|impl1
# Wed Nov  9 11:50:32 2022

Running Flow: compile_flow (Compile Process) on proj_1|impl1
# Wed Nov  9 11:50:32 2022

Running: compiler (Compile Input) on proj_1|impl1
# Wed Nov  9 11:50:32 2022
Copied C:\Users\sando_m929gqi\Desktop\ESCOM\7moSemestre\ArquitecturaDeComputadoras\PrimerParcial\Practicas\08-oscint00\impl1\synwork\oscint00_impl1_comp.srs to C:\Users\sando_m929gqi\Desktop\ESCOM\7moSemestre\ArquitecturaDeComputadoras\PrimerParcial\Practicas\08-oscint00\impl1\oscint00_impl1.srs

compiler completed
# Wed Nov  9 11:50:33 2022

Return Code: 0
Run Time:00h:00m:01s

Running: multi_srs_gen (Multi-srs Generator) on proj_1|impl1
# Wed Nov  9 11:50:33 2022

multi_srs_gen completed
# Wed Nov  9 11:50:34 2022

Return Code: 0
Run Time:00h:00m:01s
Copied C:\Users\sando_m929gqi\Desktop\ESCOM\7moSemestre\ArquitecturaDeComputadoras\PrimerParcial\Practicas\08-oscint00\impl1\synwork\oscint00_impl1_mult.srs to C:\Users\sando_m929gqi\Desktop\ESCOM\7moSemestre\ArquitecturaDeComputadoras\PrimerParcial\Practicas\08-oscint00\impl1\oscint00_impl1.srs
Copied C:\Users\sando_m929gqi\Desktop\ESCOM\7moSemestre\ArquitecturaDeComputadoras\PrimerParcial\Practicas\08-oscint00\impl1\oscint00_impl1.srr to C:\Users\sando_m929gqi\Desktop\ESCOM\7moSemestre\ArquitecturaDeComputadoras\PrimerParcial\Practicas\08-oscint00\impl1\oscint00_impl1.srf
Complete: Compile Process on proj_1|impl1

Running: premap (Premap) on proj_1|impl1
# Wed Nov  9 11:50:34 2022

premap completed
# Wed Nov  9 11:50:35 2022

Return Code: 0
Run Time:00h:00m:01s
Complete: Compile on proj_1|impl1

Running Flow: map (Map) on proj_1|impl1
# Wed Nov  9 11:50:35 2022

Running: fpga_mapper (Map & Optimize) on proj_1|impl1
# Wed Nov  9 11:50:35 2022
Copied C:\Users\sando_m929gqi\Desktop\ESCOM\7moSemestre\ArquitecturaDeComputadoras\PrimerParcial\Practicas\08-oscint00\impl1\synwork\oscint00_impl1_m.srm to C:\Users\sando_m929gqi\Desktop\ESCOM\7moSemestre\ArquitecturaDeComputadoras\PrimerParcial\Practicas\08-oscint00\impl1\oscint00_impl1.srm

fpga_mapper completed
# Wed Nov  9 11:50:38 2022

Return Code: 0
Run Time:00h:00m:03s
Complete: Map on proj_1|impl1
Copied C:\Users\sando_m929gqi\Desktop\ESCOM\7moSemestre\ArquitecturaDeComputadoras\PrimerParcial\Practicas\08-oscint00\impl1\oscint00_impl1.srr to C:\Users\sando_m929gqi\Desktop\ESCOM\7moSemestre\ArquitecturaDeComputadoras\PrimerParcial\Practicas\08-oscint00\impl1\oscint00_impl1.srf
Complete: Logic Synthesis on proj_1|impl1
TCL script complete: "oscint00_impl1_synplify.tcl"
exit status=0
exit status=0
Save changes for project:
C:\Users\sando_m929gqi\Desktop\ESCOM\7moSemestre\ArquitecturaDeComputadoras\PrimerParcial\Practicas\08-oscint00\impl1\proj_1.prj
batch mode default:no
