Running in Lattice mode

Starting:    C:\lscc\diamond\3.12\synpbase\bin64\mbin\synbatch.exe
Install:     C:\lscc\diamond\3.12\synpbase
Hostname:    ASUSISAAC
Date:        Fri Nov 11 00:38:09 2022
Version:     Q-2020.03L-SP1

Arguments:   -product synplify_pro -batch os00_os0_synplify.tcl
ProductType: synplify_pro




Copied C:\Users\sando_m929gqi\Desktop\ESCOM\7moSemestre\ArquitecturaDeComputadoras\PrimerParcial\Practicas\09-os00\os0\os00_os0.srr to C:\Users\sando_m929gqi\Desktop\ESCOM\7moSemestre\ArquitecturaDeComputadoras\PrimerParcial\Practicas\09-os00\os0\backup\os00_os0.srr
log file: "C:\Users\sando_m929gqi\Desktop\ESCOM\7moSemestre\ArquitecturaDeComputadoras\PrimerParcial\Practicas\09-os00\os0\os00_os0.srr"
Running: hdl_info_gen in foreground

Generating HDL info...
Copied C:\Users\sando_m929gqi\Desktop\ESCOM\7moSemestre\ArquitecturaDeComputadoras\PrimerParcial\Practicas\09-os00\os0\os00_os0.srr to C:\Users\sando_m929gqi\Desktop\ESCOM\7moSemestre\ArquitecturaDeComputadoras\PrimerParcial\Practicas\09-os00\os0\os00_os0.srf

hdl_info_gen completed
# Fri Nov 11 00:38:09 2022

Return Code: 0
Run Time:00h:00m:00s
log file: "C:\Users\sando_m929gqi\Desktop\ESCOM\7moSemestre\ArquitecturaDeComputadoras\PrimerParcial\Practicas\09-os00\os0\os00_os0.srr"
Running: os0 in foreground

Running proj_1|os0

Running Flow: compile (Compile) on proj_1|os0
# Fri Nov 11 00:38:09 2022

Running Flow: compile_flow (Compile Process) on proj_1|os0
# Fri Nov 11 00:38:09 2022

Running: compiler (Compile Input) on proj_1|os0
# Fri Nov 11 00:38:09 2022
Copied C:\Users\sando_m929gqi\Desktop\ESCOM\7moSemestre\ArquitecturaDeComputadoras\PrimerParcial\Practicas\09-os00\os0\synwork\os00_os0_comp.srs to C:\Users\sando_m929gqi\Desktop\ESCOM\7moSemestre\ArquitecturaDeComputadoras\PrimerParcial\Practicas\09-os00\os0\os00_os0.srs

compiler completed
# Fri Nov 11 00:38:11 2022

Return Code: 0
Run Time:00h:00m:02s

Running: multi_srs_gen (Multi-srs Generator) on proj_1|os0
# Fri Nov 11 00:38:11 2022

multi_srs_gen completed
# Fri Nov 11 00:38:11 2022

Return Code: 0
Run Time:00h:00m:00s
Copied C:\Users\sando_m929gqi\Desktop\ESCOM\7moSemestre\ArquitecturaDeComputadoras\PrimerParcial\Practicas\09-os00\os0\synwork\os00_os0_mult.srs to C:\Users\sando_m929gqi\Desktop\ESCOM\7moSemestre\ArquitecturaDeComputadoras\PrimerParcial\Practicas\09-os00\os0\os00_os0.srs
Copied C:\Users\sando_m929gqi\Desktop\ESCOM\7moSemestre\ArquitecturaDeComputadoras\PrimerParcial\Practicas\09-os00\os0\os00_os0.srr to C:\Users\sando_m929gqi\Desktop\ESCOM\7moSemestre\ArquitecturaDeComputadoras\PrimerParcial\Practicas\09-os00\os0\os00_os0.srf
Complete: Compile Process on proj_1|os0

Running: premap (Premap) on proj_1|os0
# Fri Nov 11 00:38:11 2022

premap completed with warnings
# Fri Nov 11 00:38:13 2022

Return Code: 1
Run Time:00h:00m:02s
Complete: Compile on proj_1|os0

Running Flow: map (Map) on proj_1|os0
# Fri Nov 11 00:38:13 2022

Running: fpga_mapper (Map & Optimize) on proj_1|os0
# Fri Nov 11 00:38:13 2022
Copied C:\Users\sando_m929gqi\Desktop\ESCOM\7moSemestre\ArquitecturaDeComputadoras\PrimerParcial\Practicas\09-os00\os0\synwork\os00_os0_m.srm to C:\Users\sando_m929gqi\Desktop\ESCOM\7moSemestre\ArquitecturaDeComputadoras\PrimerParcial\Practicas\09-os00\os0\os00_os0.srm

fpga_mapper completed with warnings
# Fri Nov 11 00:38:15 2022

Return Code: 1
Run Time:00h:00m:02s
Complete: Map on proj_1|os0
Copied C:\Users\sando_m929gqi\Desktop\ESCOM\7moSemestre\ArquitecturaDeComputadoras\PrimerParcial\Practicas\09-os00\os0\os00_os0.srr to C:\Users\sando_m929gqi\Desktop\ESCOM\7moSemestre\ArquitecturaDeComputadoras\PrimerParcial\Practicas\09-os00\os0\os00_os0.srf
Complete: Logic Synthesis on proj_1|os0
TCL script complete: "os00_os0_synplify.tcl"
exit status=0
exit status=0
Save changes for project:
C:\Users\sando_m929gqi\Desktop\ESCOM\7moSemestre\ArquitecturaDeComputadoras\PrimerParcial\Practicas\09-os00\os0\proj_1.prj
batch mode default:no
