
Copyright (C) 1994-2020 Synopsys, Inc.
This Synopsys software and all associated documentation are proprietary to Synopsys, Inc.
and may only be used pursuant to the terms and conditions of a written license agreement
with Synopsys, Inc. All other use, reproduction, modification, or distribution of the
Synopsys software or the associated documentation is strictly prohibited.
Tool: Synplify Pro (R)
Build: Q-2020.03L-SP1
Install: C:\lscc\diamond\3.12\synpbase
OS: Windows 6.2

Hostname: ASUSISAAC

Implementation : ramEBR0
Synopsys HDL compiler and linker, Version comp202003synp2, Build 182R, Built Oct 29 2020 10:49:53, @

Modified Files: 28
FID:  path (prevtimestamp, timestamp)
0        C:\Users\migue\OneDrive\Documentos\ADC\03-3CM12-3erParcial\01-Practicas\02-ramEBR00\contRead00.vhdl (2022-05-24 09:23:02, N/A)
1        C:\Users\migue\OneDrive\Documentos\ADC\03-3CM12-3erParcial\01-Practicas\02-ramEBR00\packageramEBR00.vhdl (2022-05-24 09:02:54, N/A)
2        C:\Users\migue\OneDrive\Documentos\ADC\03-3CM12-3erParcial\01-Practicas\02-ramEBR00\ramEBR00.vhdl (2022-05-24 09:02:58, N/A)
3        C:\Users\migue\OneDrive\Documentos\ADC\03-3CM12-3erParcial\01-Practicas\02-ramEBR00\ramEBR0\source\div00.vhd (2021-11-23 21:14:12, N/A)
4        C:\Users\migue\OneDrive\Documentos\ADC\03-3CM12-3erParcial\01-Practicas\02-ramEBR00\ramEBR0\source\osc00.vhd (2022-03-14 06:49:20, N/A)
5        C:\Users\migue\OneDrive\Documentos\ADC\03-3CM12-3erParcial\01-Practicas\02-ramEBR00\ramEBR0\source\oscint00.vhd (2021-11-23 21:14:12, N/A)
6        C:\Users\migue\OneDrive\Documentos\ADC\03-3CM12-3erParcial\01-Practicas\02-ramEBR00\ramEBR0\source\packageOsc00.vhd (2021-11-23 21:14:12, N/A)
7        C:\Users\migue\OneDrive\Documentos\ADC\03-3CM12-3erParcial\01-Practicas\02-ramEBR00\ram_EBR_00.vhd (2022-05-23 11:35:34, N/A)
20       C:\Users\sando_m929gqi\Desktop\ESCOM\7moSemestre\ArquitecturaDeComputadoras\X\Arqui_practicas-main\Arqui_practicas-main\03-TercerParcial\02-ramEBR00\contRead00.vhdl (N/A, 2022-06-20 21:40:58)
21       C:\Users\sando_m929gqi\Desktop\ESCOM\7moSemestre\ArquitecturaDeComputadoras\X\Arqui_practicas-main\Arqui_practicas-main\03-TercerParcial\02-ramEBR00\packageramEBR00.vhdl (N/A, 2022-06-20 21:40:58)
22       C:\Users\sando_m929gqi\Desktop\ESCOM\7moSemestre\ArquitecturaDeComputadoras\X\Arqui_practicas-main\Arqui_practicas-main\03-TercerParcial\02-ramEBR00\ramEBR00.vhdl (N/A, 2022-06-20 21:40:58)
23       C:\Users\sando_m929gqi\Desktop\ESCOM\7moSemestre\ArquitecturaDeComputadoras\X\Arqui_practicas-main\Arqui_practicas-main\03-TercerParcial\02-ramEBR00\ramEBR0\source\div00.vhd (N/A, 2022-06-20 21:40:58)
24       C:\Users\sando_m929gqi\Desktop\ESCOM\7moSemestre\ArquitecturaDeComputadoras\X\Arqui_practicas-main\Arqui_practicas-main\03-TercerParcial\02-ramEBR00\ramEBR0\source\osc00.vhd (N/A, 2022-06-20 21:40:58)
25       C:\Users\sando_m929gqi\Desktop\ESCOM\7moSemestre\ArquitecturaDeComputadoras\X\Arqui_practicas-main\Arqui_practicas-main\03-TercerParcial\02-ramEBR00\ramEBR0\source\oscint00.vhd (N/A, 2023-01-13 23:54:35)
26       C:\Users\sando_m929gqi\Desktop\ESCOM\7moSemestre\ArquitecturaDeComputadoras\X\Arqui_practicas-main\Arqui_practicas-main\03-TercerParcial\02-ramEBR00\ramEBR0\source\packageOsc00.vhd (N/A, 2022-06-20 21:40:58)
27       C:\Users\sando_m929gqi\Desktop\ESCOM\7moSemestre\ArquitecturaDeComputadoras\X\Arqui_practicas-main\Arqui_practicas-main\03-TercerParcial\02-ramEBR00\ram_EBR_00.vhd (N/A, 2022-06-20 21:40:58)
8        C:\lscc\diamond\3.12\cae_library\synthesis\vhdl\machxo2.vhd (2018-11-15 00:32:12, 2018-11-14 23:32:12)
9        C:\lscc\diamond\3.12\synpbase\lib\cpld\lattice.vhd (2020-10-29 10:20:44, 2020-10-29 09:20:44)
10       C:\lscc\diamond\3.12\synpbase\lib\lucent\machxo2.vhd (2020-10-29 10:20:54, 2020-10-29 09:20:54)
11       C:\lscc\diamond\3.12\synpbase\lib\vhd\arith.vhd (2020-10-29 10:23:10, 2020-10-29 09:23:10)
12       C:\lscc\diamond\3.12\synpbase\lib\vhd\hyperents.vhd (2020-10-29 10:23:10, 2020-10-29 09:23:10)
13       C:\lscc\diamond\3.12\synpbase\lib\vhd\location.map (2020-11-02 17:26:20, 2020-11-02 16:26:20)
14       C:\lscc\diamond\3.12\synpbase\lib\vhd\numeric.vhd (2020-10-29 10:23:10, 2020-10-29 09:23:10)
15       C:\lscc\diamond\3.12\synpbase\lib\vhd\snps_haps_pkg.vhd (2020-10-29 10:23:10, 2020-10-29 09:23:10)
16       C:\lscc\diamond\3.12\synpbase\lib\vhd\std.vhd (2020-10-29 10:23:10, 2020-10-29 09:23:10)
17       C:\lscc\diamond\3.12\synpbase\lib\vhd\std1164.vhd (2020-10-29 10:23:10, 2020-10-29 09:23:10)
18       C:\lscc\diamond\3.12\synpbase\lib\vhd\umr_capim.vhd (2020-10-29 10:23:10, 2020-10-29 09:23:10)
19       C:\lscc\diamond\3.12\synpbase\lib\vhd\unsigned.vhd (2020-10-29 10:23:10, 2020-10-29 09:23:10)

*******************************************************************
Modules that may have changed as a result of file changes: 0
MID:  lib.cell.view

*******************************************************************
Unmodified files: 0
FID:  path (timestamp)

*******************************************************************
Unchanged modules: 0
MID:  lib.cell.view
