###########################################################[

Copyright (C) 1994-2020 Synopsys, Inc.
This Synopsys software and all associated documentation are proprietary to Synopsys, Inc.
and may only be used pursuant to the terms and conditions of a written license agreement
with Synopsys, Inc. All other use, reproduction, modification, or distribution of the
Synopsys software or the associated documentation is strictly prohibited.
Tool: Synplify Pro (R)
Build: Q-2020.03L-SP1
Install: C:\lscc\diamond\3.12\synpbase
OS: Windows 6.2

Hostname: TO

Implementation : mux0
Synopsys VHDL Compiler, Version comp202003synp2, Build 182R, Built Oct 29 2020 10:49:53, @

@N|Running in 64-bit mode
@N:"C:\Users\Isaac\Desktop\ESCOM\7moSemestre\ArquitecturaDeComputadoras\01-projectDiamont-PrimerParcial\02-mux00\mux00.vhdl":6:7:6:11|Top entity is set to mux00.

At c_vhdl Exit (Real Time elapsed 0h:00m:01s; CPU Time elapsed 0h:00m:00s; Memory used current: 93MB peak: 93MB)

Process took 0h:00m:01s realtime, 0h:00m:01s cputime

Process completed successfully.
# Fri Sep  9 15:54:30 2022

###########################################################]
