
synthesis -f "romEBR00_romEBR0_lattice.synproj"
synthesis:  version Diamond (64-bit) 3.12.0.240.2

Copyright (c) 1991-1994 by NeoCAD Inc. All rights reserved.
Copyright (c) 1995 AT&T Corp.   All rights reserved.
Copyright (c) 1995-2001 Lucent Technologies Inc.  All rights reserved.
Copyright (c) 2001 Agere Systems   All rights reserved.
Copyright (c) 2002-2020 Lattice Semiconductor Corporation,  All rights reserved.
Sat Jan 14 01:13:27 2023


Command Line:  synthesis -f romEBR00_romEBR0_lattice.synproj -gui 

    <postMsg mid="35002000" type="Info"    dynamic="0" navigation="0"  />
Synthesis options:
The -a option is MachXO2.
The -s option is 5.
The -t option is TQFP144.
The -d option is LCMXO2-7000HE.
Using package TQFP144.
Using performance grade 5.
                                                          

##########################################################

### Lattice Family : MachXO2

### Device  : LCMXO2-7000HE

### Package : TQFP144

### Speed   : 5

##########################################################

                                                          

    <postMsg mid="35001781" type="Info"    dynamic="0" navigation="0"  />
Optimization goal = Balanced
Top-level module name = ramEBR00.
Target frequency = 200.000000 MHz.
Maximum fanout = 1000.
Timing path count = 3
BRAM utilization = 100.000000 %
DSP usage = true
DSP utilization = 100.000000 %
fsm_encoding_style = auto
resolve_mixed_drivers = 0
fix_gated_clocks = 1

Mux style = Auto
Use Carry Chain = true
carry_chain_length = 0
Loop Limit = 1950.
Use IO Insertion = TRUE
Use IO Reg = AUTO

Resource Sharing = TRUE
Propagate Constants = TRUE
Remove Duplicate Registers = TRUE
force_gsr = auto
ROM style = auto
RAM style = auto
The -comp option is FALSE.
The -syn option is FALSE.
-p C:/lscc/diamond/3.12/ispfpga/xo2c00/data (searchpath added)
-p C:/Users/sando_m929gqi/Desktop/ESCOM/7moSemestre/ArquitecturaDeComputadoras/03-TercerParcial/Practicas/04-romEBR00/romEBR0 (searchpath added)
-p C:/Users/sando_m929gqi/Desktop/ESCOM/7moSemestre/ArquitecturaDeComputadoras/03-TercerParcial/Practicas/04-romEBR00 (searchpath added)
VHDL library = work
VHDL design file = C:/Users/sando_m929gqi/Desktop/ESCOM/7moSemestre/ArquitecturaDeComputadoras/03-TercerParcial/Practicas/04-romEBR00/div00.vhdl
VHDL design file = C:/Users/sando_m929gqi/Desktop/ESCOM/7moSemestre/ArquitecturaDeComputadoras/03-TercerParcial/Practicas/04-romEBR00/oscint00.vhdl
VHDL design file = C:/Users/sando_m929gqi/Desktop/ESCOM/7moSemestre/ArquitecturaDeComputadoras/03-TercerParcial/Practicas/04-romEBR00/packageosc00.vhdl
VHDL design file = C:/Users/sando_m929gqi/Desktop/ESCOM/7moSemestre/ArquitecturaDeComputadoras/03-TercerParcial/Practicas/04-romEBR00/osc00.vhdl
VHDL design file = C:/Users/sando_m929gqi/Desktop/ESCOM/7moSemestre/ArquitecturaDeComputadoras/03-TercerParcial/Practicas/04-romEBR00/contRead00.vhdl
VHDL design file = C:/Users/sando_m929gqi/Desktop/ESCOM/7moSemestre/ArquitecturaDeComputadoras/03-TercerParcial/Practicas/04-romEBR00/packageromEBR00.vhdl
VHDL design file = C:/Users/sando_m929gqi/Desktop/ESCOM/7moSemestre/ArquitecturaDeComputadoras/03-TercerParcial/Practicas/04-romEBR00/romEBR00.vhdl
VHDL design file = C:/Users/sando_m929gqi/Desktop/ESCOM/7moSemestre/ArquitecturaDeComputadoras/03-TercerParcial/Practicas/04-romEBR00/rom_EBR_00.vhd
NGD file = romEBR00_romEBR0.ngd
-sdc option: SDC file input not used.
-lpf option: Output file option is ON.
Hardtimer checking is enabled (default). The -dt option is not used.
The -r option is OFF. [ Remove LOC Properties is OFF. ]
Technology check ok...

Analyzing Verilog file C:/lscc/diamond/3.12/ispfpga/userware/NT/SYNTHESIS_HEADERS/machxo2.v. VERI-1482
Compile design.
Compile Design Begin
    <postMsg mid="35921504" type="Info"    dynamic="2" navigation="0" arg0="" arg1="C:/Users/sando_m929gqi/Desktop/ESCOM/7moSemestre/ArquitecturaDeComputadoras/03-TercerParcial/Practicas/04-romEBR00/romEBR0"  />
Analyzing VHDL file c:/users/sando_m929gqi/desktop/escom/7mosemestre/arquitecturadecomputadoras/03-tercerparcial/practicas/04-romebr00/div00.vhdl. VHDL-1481
    <postMsg mid="35921012" type="Info"    dynamic="2" navigation="2" arg0="c:/users/sando_m929gqi/desktop/escom/7mosemestre/arquitecturadecomputadoras/03-tercerparcial/practicas/04-romebr00/div00.vhdl(8): " arg1="div00" arg2="c:/users/sando_m929gqi/desktop/escom/7mosemestre/arquitecturadecomputadoras/03-tercerparcial/practicas/04-romebr00/div00.vhdl" arg3="8"  />
    <postMsg mid="35921010" type="Info"    dynamic="2" navigation="2" arg0="c:/users/sando_m929gqi/desktop/escom/7mosemestre/arquitecturadecomputadoras/03-tercerparcial/practicas/04-romebr00/div00.vhdl(15): " arg1="div0" arg2="c:/users/sando_m929gqi/desktop/escom/7mosemestre/arquitecturadecomputadoras/03-tercerparcial/practicas/04-romebr00/div00.vhdl" arg3="15"  />
unit ramEBR00 is not yet analyzed. VHDL-1485
unit ramEBR00 is not yet analyzed. VHDL-1485
Analyzing VHDL file c:/users/sando_m929gqi/desktop/escom/7mosemestre/arquitecturadecomputadoras/03-tercerparcial/practicas/04-romebr00/oscint00.vhdl. VHDL-1481
    <postMsg mid="35921012" type="Info"    dynamic="2" navigation="2" arg0="c:/users/sando_m929gqi/desktop/escom/7mosemestre/arquitecturadecomputadoras/03-tercerparcial/practicas/04-romebr00/oscint00.vhdl(6): " arg1="oscint00" arg2="c:/users/sando_m929gqi/desktop/escom/7mosemestre/arquitecturadecomputadoras/03-tercerparcial/practicas/04-romebr00/oscint00.vhdl" arg3="6"  />
    <postMsg mid="35921010" type="Info"    dynamic="2" navigation="2" arg0="c:/users/sando_m929gqi/desktop/escom/7mosemestre/arquitecturadecomputadoras/03-tercerparcial/practicas/04-romebr00/oscint00.vhdl(10): " arg1="oscint0" arg2="c:/users/sando_m929gqi/desktop/escom/7mosemestre/arquitecturadecomputadoras/03-tercerparcial/practicas/04-romebr00/oscint00.vhdl" arg3="10"  />
unit ramEBR00 is not yet analyzed. VHDL-1485
unit ramEBR00 is not yet analyzed. VHDL-1485
Analyzing VHDL file c:/users/sando_m929gqi/desktop/escom/7mosemestre/arquitecturadecomputadoras/03-tercerparcial/practicas/04-romebr00/packageosc00.vhdl. VHDL-1481
    <postMsg mid="35921014" type="Info"    dynamic="2" navigation="2" arg0="c:/users/sando_m929gqi/desktop/escom/7mosemestre/arquitecturadecomputadoras/03-tercerparcial/practicas/04-romebr00/packageosc00.vhdl(6): " arg1="packageosc00" arg2="c:/users/sando_m929gqi/desktop/escom/7mosemestre/arquitecturadecomputadoras/03-tercerparcial/practicas/04-romebr00/packageosc00.vhdl" arg3="6"  />
unit ramEBR00 is not yet analyzed. VHDL-1485
unit ramEBR00 is not yet analyzed. VHDL-1485
Analyzing VHDL file c:/users/sando_m929gqi/desktop/escom/7mosemestre/arquitecturadecomputadoras/03-tercerparcial/practicas/04-romebr00/osc00.vhdl. VHDL-1481
    <postMsg mid="35921012" type="Info"    dynamic="2" navigation="2" arg0="c:/users/sando_m929gqi/desktop/escom/7mosemestre/arquitecturadecomputadoras/03-tercerparcial/practicas/04-romebr00/osc00.vhdl(7): " arg1="osc00" arg2="c:/users/sando_m929gqi/desktop/escom/7mosemestre/arquitecturadecomputadoras/03-tercerparcial/practicas/04-romebr00/osc00.vhdl" arg3="7"  />
    <postMsg mid="35921010" type="Info"    dynamic="2" navigation="2" arg0="c:/users/sando_m929gqi/desktop/escom/7mosemestre/arquitecturadecomputadoras/03-tercerparcial/practicas/04-romebr00/osc00.vhdl(14): " arg1="osc0" arg2="c:/users/sando_m929gqi/desktop/escom/7mosemestre/arquitecturadecomputadoras/03-tercerparcial/practicas/04-romebr00/osc00.vhdl" arg3="14"  />
unit ramEBR00 is not yet analyzed. VHDL-1485
unit ramEBR00 is not yet analyzed. VHDL-1485
Analyzing VHDL file c:/users/sando_m929gqi/desktop/escom/7mosemestre/arquitecturadecomputadoras/03-tercerparcial/practicas/04-romebr00/contread00.vhdl. VHDL-1481
    <postMsg mid="35921012" type="Info"    dynamic="2" navigation="2" arg0="c:/users/sando_m929gqi/desktop/escom/7mosemestre/arquitecturadecomputadoras/03-tercerparcial/practicas/04-romebr00/contread00.vhdl(8): " arg1="contread00" arg2="c:/users/sando_m929gqi/desktop/escom/7mosemestre/arquitecturadecomputadoras/03-tercerparcial/practicas/04-romebr00/contread00.vhdl" arg3="8"  />
    <postMsg mid="35921010" type="Info"    dynamic="2" navigation="2" arg0="c:/users/sando_m929gqi/desktop/escom/7mosemestre/arquitecturadecomputadoras/03-tercerparcial/practicas/04-romebr00/contread00.vhdl(15): " arg1="contread0" arg2="c:/users/sando_m929gqi/desktop/escom/7mosemestre/arquitecturadecomputadoras/03-tercerparcial/practicas/04-romebr00/contread00.vhdl" arg3="15"  />
unit ramEBR00 is not yet analyzed. VHDL-1485
unit ramEBR00 is not yet analyzed. VHDL-1485
Analyzing VHDL file c:/users/sando_m929gqi/desktop/escom/7mosemestre/arquitecturadecomputadoras/03-tercerparcial/practicas/04-romebr00/packageromebr00.vhdl. VHDL-1481
    <postMsg mid="35921014" type="Info"    dynamic="2" navigation="2" arg0="c:/users/sando_m929gqi/desktop/escom/7mosemestre/arquitecturadecomputadoras/03-tercerparcial/practicas/04-romebr00/packageromebr00.vhdl(8): " arg1="packageramebr00" arg2="c:/users/sando_m929gqi/desktop/escom/7mosemestre/arquitecturadecomputadoras/03-tercerparcial/practicas/04-romebr00/packageromebr00.vhdl" arg3="8"  />
unit ramEBR00 is not yet analyzed. VHDL-1485
unit ramEBR00 is not yet analyzed. VHDL-1485
Analyzing VHDL file c:/users/sando_m929gqi/desktop/escom/7mosemestre/arquitecturadecomputadoras/03-tercerparcial/practicas/04-romebr00/romebr00.vhdl. VHDL-1481
    <postMsg mid="35921012" type="Info"    dynamic="2" navigation="2" arg0="c:/users/sando_m929gqi/desktop/escom/7mosemestre/arquitecturadecomputadoras/03-tercerparcial/practicas/04-romebr00/romebr00.vhdl(9): " arg1="ramebr00" arg2="c:/users/sando_m929gqi/desktop/escom/7mosemestre/arquitecturadecomputadoras/03-tercerparcial/practicas/04-romebr00/romebr00.vhdl" arg3="9"  />
    <postMsg mid="35921010" type="Info"    dynamic="2" navigation="2" arg0="c:/users/sando_m929gqi/desktop/escom/7mosemestre/arquitecturadecomputadoras/03-tercerparcial/practicas/04-romebr00/romebr00.vhdl(20): " arg1="ramebr0" arg2="c:/users/sando_m929gqi/desktop/escom/7mosemestre/arquitecturadecomputadoras/03-tercerparcial/practicas/04-romebr00/romebr00.vhdl" arg3="20"  />
unit ramEBR00 is not yet analyzed. VHDL-1485
unit ramEBR00 is not yet analyzed. VHDL-1485
Analyzing VHDL file c:/users/sando_m929gqi/desktop/escom/7mosemestre/arquitecturadecomputadoras/03-tercerparcial/practicas/04-romebr00/rom_ebr_00.vhd. VHDL-1481
    <postMsg mid="35921012" type="Info"    dynamic="2" navigation="2" arg0="c:/users/sando_m929gqi/desktop/escom/7mosemestre/arquitecturadecomputadoras/03-tercerparcial/practicas/04-romebr00/rom_ebr_00.vhd(14): " arg1="rom_ebr_00" arg2="c:/users/sando_m929gqi/desktop/escom/7mosemestre/arquitecturadecomputadoras/03-tercerparcial/practicas/04-romebr00/rom_ebr_00.vhd" arg3="14"  />
    <postMsg mid="35921010" type="Info"    dynamic="2" navigation="2" arg0="c:/users/sando_m929gqi/desktop/escom/7mosemestre/arquitecturadecomputadoras/03-tercerparcial/practicas/04-romebr00/rom_ebr_00.vhd(23): " arg1="structure" arg2="c:/users/sando_m929gqi/desktop/escom/7mosemestre/arquitecturadecomputadoras/03-tercerparcial/practicas/04-romebr00/rom_ebr_00.vhd" arg3="23"  />
unit ramEBR00 is not yet analyzed. VHDL-1485
unit ramEBR00 is not yet analyzed. VHDL-1485
unit ramEBR00 is not yet analyzed. VHDL-1485
c:/users/sando_m929gqi/desktop/escom/7mosemestre/arquitecturadecomputadoras/03-tercerparcial/practicas/04-romebr00/romebr00.vhdl(9): executing ramEBR00(ramEBR0)

    <postMsg mid="35921205" type="Warning" dynamic="3" navigation="2" arg0="c:/users/sando_m929gqi/desktop/escom/7mosemestre/arquitecturadecomputadoras/03-tercerparcial/practicas/04-romebr00/romebr00.vhdl(18): " arg1="ramEBR00" arg2="ramEBR0" arg3="c:/users/sando_m929gqi/desktop/escom/7mosemestre/arquitecturadecomputadoras/03-tercerparcial/practicas/04-romebr00/romebr00.vhdl" arg4="18"  />
Top module name (VHDL): ramEBR00
Last elaborated design is ramEBR00(ramEBR0)
Loading NGL library 'C:/lscc/diamond/3.12/ispfpga/xo2c00a/data/xo2alib.ngl'...
Loading NGL library 'C:/lscc/diamond/3.12/ispfpga/xo2c00/data/xo2clib.ngl'...
Loading NGL library 'C:/lscc/diamond/3.12/ispfpga/mg5g00/data/mg5glib.ngl'...
Loading NGL library 'C:/lscc/diamond/3.12/ispfpga/or5g00/data/orc5glib.ngl'...
Loading device for application map from file 'xo2c7000.nph' in environment: C:/lscc/diamond/3.12/ispfpga.
Package Status:                     Final          Version 1.39.
Top-level module name = ramEBR00.
######## Converting I/O port clk0 to output.



GSR will not be inferred because no asynchronous signal was found in the netlist.
Applying 200.000000 MHz constraint to all clocks

    <postMsg mid="35001611" type="Warning" dynamic="0" navigation="0"  />
Results of NGD DRC are available in ramEBR00_drc.log.
Loading NGL library 'C:/lscc/diamond/3.12/ispfpga/xo2c00a/data/xo2alib.ngl'...
Loading NGL library 'C:/lscc/diamond/3.12/ispfpga/xo2c00/data/xo2clib.ngl'...
Loading NGL library 'C:/lscc/diamond/3.12/ispfpga/mg5g00/data/mg5glib.ngl'...
Loading NGL library 'C:/lscc/diamond/3.12/ispfpga/or5g00/data/orc5glib.ngl'...


Running DRC...

DRC complete with no errors or warnings

Design Results:
    142 blocks expanded
completed the first expansion
All blocks are expanded and NGD expansion is successful.
Writing NGD file romEBR00_romEBR0.ngd.

################### Begin Area Report (ramEBR00)######################
Number of register bits => 29 of 7209 (0 % )
CCU2D => 16
DP8KC => 2
FD1P3AX => 1
FD1P3IX => 28
GSR => 1
IB => 8
L6MUX21 => 1
LUT4 => 42
OB => 33
PFUMX => 6
################### End Area Report ##################

################### Begin BlackBox Report ######################
OSCH => 1
TSALL => 1
################### End BlackBox Report ##################

################### Begin Clock Report ######################
Clock Nets
Number of Clocks: 2
  Net : RAEBR00/OS00/sclk, loads : 23
  Net : RAEBR00/OS01/clk0_c, loads : 15
Clock Enable Nets
Number of Clock Enables: 3
Top 3 highest fanout Clock Enables:
  Net : RAEBR00/OS01/sclk_enable_23, loads : 23
  Net : en0_c, loads : 2
  Net : RAEBR00/OS01/sclk_enable_2, loads : 1
Highest fanout non-clock nets
Top 10 highest fanout non-clock nets:
  Net : RAEBR00/OS01/sclk_enable_23, loads : 23
  Net : RAEBR00/OS01/n755, loads : 22
  Net : en0_c, loads : 15
  Net : cdiv0_c_2, loads : 10
  Net : cdiv0_c_1, loads : 10
  Net : cdiv0_c_0, loads : 10
  Net : RAEBR00/OS01/sdiv_21, loads : 9
  Net : cdiv0_c_5, loads : 8
  Net : cdiv0_c_3, loads : 8
  Net : RAEBR00/OS01/sdiv_19, loads : 8
################### End Clock Report ##################

Timing Report Summary
--------------
--------------------------------------------------------------------------------
Constraint                              |   Constraint|       Actual|Levels
--------------------------------------------------------------------------------
                                        |             |             |
create_clock -period 5.000000 -name     |             |             |
clk1 [get_nets \RAEBR00/sclk]           |  200.000 MHz|   90.074 MHz|     9 *
                                        |             |             |
create_clock -period 5.000000 -name     |             |             |
clk0 [get_nets clk0_c]                  |  200.000 MHz|  148.876 MHz|     7 *
                                        |             |             |
--------------------------------------------------------------------------------


2 constraints not met.


Peak Memory Usage: 79.203  MB

--------------------------------------------------------------
Elapsed CPU time for LSE flow : 0.625  secs
--------------------------------------------------------------

map -a "MachXO2" -p LCMXO2-7000HE -t TQFP144 -s 5 -oc Commercial   "romEBR00_romEBR0.ngd" -o "romEBR00_romEBR0_map.ncd" -pr "romEBR00_romEBR0.prf" -mp "romEBR00_romEBR0.mrp" -lpf "C:/Users/sando_m929gqi/Desktop/ESCOM/7moSemestre/ArquitecturaDeComputadoras/03-TercerParcial/Practicas/04-romEBR00/romEBR0/romEBR00_romEBR0.lpf" -lpf "C:/Users/sando_m929gqi/Desktop/ESCOM/7moSemestre/ArquitecturaDeComputadoras/03-TercerParcial/Practicas/04-romEBR00/romEBR00.lpf"  -c 0           
map:  version Diamond (64-bit) 3.12.0.240.2

Copyright (c) 1991-1994 by NeoCAD Inc. All rights reserved.
Copyright (c) 1995 AT&T Corp.   All rights reserved.
Copyright (c) 1995-2001 Lucent Technologies Inc.  All rights reserved.
Copyright (c) 2001 Agere Systems   All rights reserved.
Copyright (c) 2002-2020 Lattice Semiconductor Corporation,  All rights reserved.
   Process the file: romEBR00_romEBR0.ngd
   Picdevice="LCMXO2-7000HE"

   Pictype="TQFP144"

   Picspeed=5

   Remove unused logic

   Do not produce over sized NCDs.

Part used: LCMXO2-7000HETQFP144, Performance used: 5.

Loading device for application GENERIC from file 'xo2c7000.nph' in environment: C:/lscc/diamond/3.12/ispfpga.
Package Status:                     Final          Version 1.39.

Running general design DRC...

Removing unused logic...

Optimizing...




Design Summary:
   Number of registers:     29 out of  7209 (0%)
      PFU registers:           29 out of  6864 (0%)
      PIO registers:            0 out of   345 (0%)
   Number of SLICEs:        38 out of  3432 (1%)
      SLICEs as Logic/ROM:     38 out of  3432 (1%)
      SLICEs as RAM:            0 out of  2574 (0%)
      SLICEs as Carry:         16 out of  3432 (0%)
   Number of LUT4s:         75 out of  6864 (1%)
      Number used as logic LUTs:         43
      Number used as distributed RAM:     0
      Number used as ripple logic:       32
      Number used as shift registers:     0
   Number of PIO sites used: 41 + 4(JTAG) out of 115 (39%)
   Number of block RAMs:  2 out of 26 (8%)
   Number of GSRs:        0 out of 1 (0%)
   EFB used :        No
   JTAG used :       No
   Readback used :   No
   Oscillator used : Yes
   Startup used :    No
   POR :             On
   Bandgap :         On
   Number of Power Controller:  0 out of 1 (0%)
   Number of Dynamic Bank Controller (BCINRD):  0 out of 6 (0%)
   Number of Dynamic Bank Controller (BCLVDSO):  0 out of 1 (0%)
   Number of DCCA:  0 out of 8 (0%)
   Number of DCMA:  0 out of 2 (0%)
   Number of PLLs:  0 out of 2 (0%)
   Number of DQSDLLs:  0 out of 2 (0%)
   Number of CLKDIVC:  0 out of 4 (0%)
   Number of ECLKSYNCA:  0 out of 4 (0%)
   Number of ECLKBRIDGECS:  0 out of 2 (0%)
   Notes:-
      1. Total number of LUT4s = (Number of logic LUT4s) + 2*(Number of distributed RAMs) + 2*(Number of ripple logic)
      2. Number of logic LUT4s does not include count of distributed RAM and ripple logic.
   Number of clocks:  2
     Net clk0_c: 8 loads, 8 rising, 0 falling (Driver: RAEBR00/OS01/oscout_59 )
     Net RAEBR00/sclk: 13 loads, 13 rising, 0 falling (Driver: RAEBR00/OS00/OSCInst0 )
   Number of Clock Enables:  3
     Net en0_c: 12 loads, 4 LSLICEs
     Net RAEBR00/OS01/sclk_enable_23: 12 loads, 12 LSLICEs
     Net RAEBR00/OS01/sclk_enable_2: 1 loads, 1 LSLICEs
   Number of LSRs:  3
     Net RAEBR01/n769: 4 loads, 4 LSLICEs
     Net re0_c: 4 loads, 0 LSLICEs
     Net RAEBR00/OS01/n755: 12 loads, 12 LSLICEs
   Number of nets driven by tri-state buffers:  0
   Top 10 highest fanout non-clock nets:
     Net en0_c: 13 loads
     Net RAEBR00/OS01/sclk_enable_23: 13 loads
     Net RAEBR00/OS01/n755: 12 loads
     Net cdiv0_c_0: 10 loads
     Net cdiv0_c_1: 10 loads
     Net cdiv0_c_2: 10 loads
     Net RAEBR00/OS01/sdiv_21: 9 loads
     Net cdiv0_c_3: 8 loads
     Net cdiv0_c_5: 8 loads
     Net RAEBR00/OS01/sdiv_19: 8 loads
    <postMsg mid="51001102" type="Warning" dynamic="2" navigation="0" arg0="0" arg1="Q0[31]"  />
    <postMsg mid="51001102" type="Warning" dynamic="2" navigation="0" arg0="0" arg1="Q0[29]"  />
    <postMsg mid="51001102" type="Warning" dynamic="2" navigation="0" arg0="0" arg1="Q0[30]"  />
    <postMsg mid="1103694" type="Warning" dynamic="2" navigation="0" arg0="Semantic error in &quot;LOCATE COMP &quot;Q0[31]&quot; SITE &quot;0&quot; ;&quot;: " arg1="0"  />
    <postMsg mid="1103694" type="Warning" dynamic="2" navigation="0" arg0="Semantic error in &quot;LOCATE COMP &quot;Q0[29]&quot; SITE &quot;0&quot; ;&quot;: " arg1="0"  />
    <postMsg mid="1103694" type="Warning" dynamic="2" navigation="0" arg0="Semantic error in &quot;LOCATE COMP &quot;Q0[30]&quot; SITE &quot;0&quot; ;&quot;: " arg1="0"  />
    <postMsg mid="1103805" type="Warning" dynamic="2" navigation="0" arg0="In &quot;LOCATE COMP &quot;Q0[17]&quot; SITE &quot;130&quot; ;&quot;: " arg1="130"  />
    <postMsg mid="1103805" type="Warning" dynamic="2" navigation="0" arg0="In &quot;LOCATE COMP &quot;Q0[18]&quot; SITE &quot;131&quot; ;&quot;: " arg1="131"  />
    <postMsg mid="1103805" type="Warning" dynamic="2" navigation="0" arg0="In &quot;LOCATE COMP &quot;Q0[21]&quot; SITE &quot;136&quot; ;&quot;: " arg1="136"  />
    <postMsg mid="1103805" type="Warning" dynamic="2" navigation="0" arg0="In &quot;LOCATE COMP &quot;Q0[22]&quot; SITE &quot;137&quot; ;&quot;: " arg1="137"  />
 

   Number of warnings:  10
   Number of errors:    0



Total CPU Time: 0 secs  
Total REAL Time: 0 secs  
Peak Memory Usage: 58 MB

Dumping design to file romEBR00_romEBR0_map.ncd.

ncd2vdb "romEBR00_romEBR0_map.ncd" ".vdbs/romEBR00_romEBR0_map.vdb"

Loading device for application ncd2vdb from file 'xo2c7000.nph' in environment: C:/lscc/diamond/3.12/ispfpga.

mpartrce -p "romEBR00_romEBR0.p2t" -f "romEBR00_romEBR0.p3t" -tf "romEBR00_romEBR0.pt" "romEBR00_romEBR0_map.ncd" "romEBR00_romEBR0.ncd"

---- MParTrce Tool ----
Removing old design directory at request of -rem command line option to this program.
Running par. Please wait . . .

Lattice Place and Route Report for Design "romEBR00_romEBR0_map.ncd"
Sat Jan 14 01:13:31 2023

PAR: Place And Route Diamond (64-bit) 3.12.0.240.2.
Command Line: par -w -l 5 -i 6 -t 1 -c 0 -e 0 -gui -exp parUseNBR=1:parCDP=0:parCDR=0:parPathBased=OFF:parASE=1 romEBR00_romEBR0_map.ncd romEBR00_romEBR0.dir/5_1.ncd romEBR00_romEBR0.prf
Preference file: romEBR00_romEBR0.prf.
Placement level-cost: 5-1.
Routing Iterations: 6

Loading design for application par from file romEBR00_romEBR0_map.ncd.
Design name: ramEBR00
NCD version: 3.3
Vendor:      LATTICE
Device:      LCMXO2-7000HE
Package:     TQFP144
Performance: 5
Loading device for application par from file 'xo2c7000.nph' in environment: C:/lscc/diamond/3.12/ispfpga.
Package Status:                     Final          Version 1.39.
Performance Hardware Data Status:   Final          Version 34.4.
License checked out.


Ignore Preference Error(s):  True
Device utilization summary:

   PIO (prelim)   41+4(JTAG)/336     13% used
                  41+4(JTAG)/115     39% bonded

   SLICE             38/3432          1% used

   OSC                1/1           100% used
   EBR                2/26            7% used


INFO: Design contains pre-loadable EBR during configuration that has a requirement: Since the GSR is disabled for the EBR, make sure write enable and chip enable are inactive during wake-up, so that the pre-loaded initialization values will not be corrupted during wake-up state.
Number of Signals: 150
Number of Connections: 345

Pin Constraint Summary:
   33 out of 41 pins locked (80% locked).

The following 1 signal is selected to use the primary clock routing resources:
    RAEBR00/sclk (driver: RAEBR00/OS00/OSCInst0, clk load #: 13)


The following 4 signals are selected to use the secondary clock routing resources:
    clk0_c (driver: RAEBR00/OS01/SLICE_16, clk load #: 8, sr load #: 0, ce load #: 0)
    en0_c (driver: en0, clk load #: 0, sr load #: 0, ce load #: 12)
    RAEBR00/OS01/sclk_enable_23 (driver: RAEBR00/OS01/SLICE_29, clk load #: 0, sr load #: 0, ce load #: 12)
    RAEBR00/OS01/n755 (driver: RAEBR00/OS01/SLICE_29, clk load #: 0, sr load #: 12, ce load #: 0)

    <postMsg mid="61061008" type="Warning" dynamic="5" navigation="0" arg0="en0_c" arg1="Secondary" arg2="en0" arg3="47" arg4="Secondary"  />
No signal is selected as Global Set/Reset.
.
Starting Placer Phase 0.
...........
Finished Placer Phase 0.  REAL time: 0 secs 

Starting Placer Phase 1.
...................
Placer score = 40366.
Finished Placer Phase 1.  REAL time: 6 secs 

Starting Placer Phase 2.
.
Placer score =  40361
Finished Placer Phase 2.  REAL time: 6 secs 


------------------ Clock Report ------------------

Global Clock Resources:
  CLK_PIN    : 0 out of 8 (0%)
  General PIO: 1 out of 336 (0%)
  PLL        : 0 out of 2 (0%)
  DCM        : 0 out of 2 (0%)
  DCC        : 0 out of 8 (0%)

Global Clocks:
  PRIMARY "RAEBR00/sclk" from OSC on comp "RAEBR00/OS00/OSCInst0" on site "OSC", clk load = 13
  SECONDARY "clk0_c" from Q1 on comp "RAEBR00/OS01/SLICE_16" on site "R21C18A", clk load = 8, ce load = 0, sr load = 0
  SECONDARY "en0_c" from comp "en0" on PIO site "47 (PB13A)", clk load = 0, ce load = 12, sr load = 0
  SECONDARY "RAEBR00/OS01/sclk_enable_23" from F0 on comp "RAEBR00/OS01/SLICE_29" on site "R21C20A", clk load = 0, ce load = 12, sr load = 0
  SECONDARY "RAEBR00/OS01/n755" from F1 on comp "RAEBR00/OS01/SLICE_29" on site "R21C20A", clk load = 0, ce load = 0, sr load = 12

  PRIMARY  : 1 out of 8 (12%)
  SECONDARY: 4 out of 8 (50%)

Edge Clocks:
  No edge clock selected.

--------------- End of Clock Report ---------------


I/O Usage Summary (final):
   41 + 4(JTAG) out of 336 (13.4%) PIO sites used.
   41 + 4(JTAG) out of 115 (39.1%) bonded PIO sites used.
   Number of PIO comps: 41; differential: 0.
   Number of Vref pins used: 0.

I/O Bank Usage Summary:
+----------+----------------+------------+-----------+
| I/O Bank | Usage          | Bank Vccio | Bank Vref |
+----------+----------------+------------+-----------+
| 0        | 24 / 28 ( 85%) | 2.5V       | -         |
| 1        | 1 / 29 (  3%)  | 2.5V       | -         |
| 2        | 9 / 29 ( 31%)  | 2.5V       | -         |
| 3        | 2 / 9 ( 22%)   | 2.5V       | -         |
| 4        | 5 / 10 ( 50%)  | 2.5V       | -         |
| 5        | 0 / 10 (  0%)  | -          | -         |
+----------+----------------+------------+-----------+

Total placer CPU time: 3 secs 

Dumping design to file romEBR00_romEBR0.dir/5_1.ncd.

0 connections routed; 345 unrouted.
Starting router resource preassignment

Completed router resource preassignment. Real time: 8 secs 

Start NBR router at 01:13:39 01/14/23

*****************************************************************
Info: NBR allows conflicts(one node used by more than one signal)
      in the earlier iterations. In each iteration, it tries to  
      solve the conflicts while keeping the critical connections 
      routed as short as possible. The routing process is said to
      be completed when no conflicts exist and all connections   
      are routed.                                                
Note: NBR uses a different method to calculate timing slacks. The
      worst slack and total negative slack may not be the same as
      that in TRCE report. You should always run TRCE to verify  
      your design.                                               
*****************************************************************

Start NBR special constraint process at 01:13:39 01/14/23

Start NBR section for initial routing at 01:13:39 01/14/23
Level 4, iteration 1
11(0.00%) conflicts; 0(0.00%) untouched conn; 0 (nbr) score; 
Estimated worst slack/total negative slack<setup>: 469.017ns/0.000ns; real time: 8 secs 

Info: Initial congestion level at 75% usage is 0
Info: Initial congestion area  at 75% usage is 0 (0.00%)

Start NBR section for normal routing at 01:13:39 01/14/23
Level 4, iteration 1
2(0.00%) conflicts; 0(0.00%) untouched conn; 0 (nbr) score; 
Estimated worst slack/total negative slack<setup>: 468.283ns/0.000ns; real time: 8 secs 
Level 4, iteration 2
1(0.00%) conflict; 0(0.00%) untouched conn; 0 (nbr) score; 
Estimated worst slack/total negative slack<setup>: 468.283ns/0.000ns; real time: 8 secs 
Level 4, iteration 3
0(0.00%) conflict; 0(0.00%) untouched conn; 0 (nbr) score; 
Estimated worst slack/total negative slack<setup>: 468.283ns/0.000ns; real time: 8 secs 

Start NBR section for setup/hold timing optimization with effort level 3 at 01:13:39 01/14/23

Start NBR section for re-routing at 01:13:40 01/14/23
Level 4, iteration 1
0(0.00%) conflict; 0(0.00%) untouched conn; 0 (nbr) score; 
Estimated worst slack/total negative slack<setup>: 468.283ns/0.000ns; real time: 9 secs 

Start NBR section for post-routing at 01:13:40 01/14/23

End NBR router with 0 unrouted connection

NBR Summary
-----------
  Number of unrouted connections : 0 (0.00%)
  Number of connections with timing violations : 0 (0.00%)
  Estimated worst slack<setup> : 468.283ns
  Timing score<setup> : 0
-----------
Notes: The timing info is calculated for SETUP only and all PAR_ADJs are ignored.



Total CPU time 4 secs 
Total REAL time: 9 secs 
Completely routed.
End of route.  345 routed (100.00%); 0 unrouted.

Hold time timing score: 0, hold timing errors: 0

Timing score: 0 

Dumping design to file romEBR00_romEBR0.dir/5_1.ncd.


PAR_SUMMARY::Run status = Completed
PAR_SUMMARY::Number of unrouted conns = 0
PAR_SUMMARY::Worst  slack<setup/<ns>> = 468.283
PAR_SUMMARY::Timing score<setup/<ns>> = 0.000
PAR_SUMMARY::Worst  slack<hold /<ns>> = 0.377
PAR_SUMMARY::Timing score<hold /<ns>> = 0.000
PAR_SUMMARY::Number of errors = 0

Total CPU  time to completion: 5 secs 
Total REAL time to completion: 10 secs 

par done!

Note: user must run 'Trace' for timing closure signoff.

Copyright (c) 1991-1994 by NeoCAD Inc. All rights reserved.
Copyright (c) 1995 AT&T Corp.   All rights reserved.
Copyright (c) 1995-2001 Lucent Technologies Inc.  All rights reserved.
Copyright (c) 2001 Agere Systems   All rights reserved.
Copyright (c) 2002-2020 Lattice Semiconductor Corporation,  All rights reserved.
Exiting par with exit code 0
Exiting mpartrce with exit code 0

trce -f "romEBR00_romEBR0.pt" -o "romEBR00_romEBR0.twr" "romEBR00_romEBR0.ncd" "romEBR00_romEBR0.prf"
trce:  version Diamond (64-bit) 3.12.0.240.2

Copyright (c) 1991-1994 by NeoCAD Inc. All rights reserved.
Copyright (c) 1995 AT&T Corp.   All rights reserved.
Copyright (c) 1995-2001 Lucent Technologies Inc.  All rights reserved.
Copyright (c) 2001 Agere Systems   All rights reserved.
Copyright (c) 2002-2020 Lattice Semiconductor Corporation,  All rights reserved.

Loading design for application trce from file romebr00_romebr0.ncd.
Design name: ramEBR00
NCD version: 3.3
Vendor:      LATTICE
Device:      LCMXO2-7000HE
Package:     TQFP144
Performance: 5
Loading device for application trce from file 'xo2c7000.nph' in environment: C:/lscc/diamond/3.12/ispfpga.
Package Status:                     Final          Version 1.39.
Performance Hardware Data Status:   Final          Version 34.4.
Setup and Hold Report

--------------------------------------------------------------------------------
Lattice TRACE Report - Setup, Version Diamond (64-bit) 3.12.0.240.2
Sat Jan 14 01:13:41 2023

Copyright (c) 1991-1994 by NeoCAD Inc. All rights reserved.
Copyright (c) 1995 AT&T Corp.   All rights reserved.
Copyright (c) 1995-2001 Lucent Technologies Inc.  All rights reserved.
Copyright (c) 2001 Agere Systems   All rights reserved.
Copyright (c) 2002-2020 Lattice Semiconductor Corporation,  All rights reserved.

Report Information
------------------
Command line:    trce -v 10 -gt -sethld -sp 5 -sphld m -o romEBR00_romEBR0.twr -gui romEBR00_romEBR0.ncd romEBR00_romEBR0.prf 
Design file:     romebr00_romebr0.ncd
Preference file: romebr00_romebr0.prf
Device,speed:    LCMXO2-7000HE,5
Report level:    verbose report, limited to 10 items per preference
--------------------------------------------------------------------------------

BLOCK ASYNCPATHS
BLOCK RESETPATHS
--------------------------------------------------------------------------------



Timing summary (Setup):
---------------

Timing errors: 0  Score: 0
Cumulative negative slack: 0

Constraints cover 723 paths, 1 nets, and 254 connections (73.62% coverage)

--------------------------------------------------------------------------------
Lattice TRACE Report - Hold, Version Diamond (64-bit) 3.12.0.240.2
Sat Jan 14 01:13:41 2023

Copyright (c) 1991-1994 by NeoCAD Inc. All rights reserved.
Copyright (c) 1995 AT&T Corp.   All rights reserved.
Copyright (c) 1995-2001 Lucent Technologies Inc.  All rights reserved.
Copyright (c) 2001 Agere Systems   All rights reserved.
Copyright (c) 2002-2020 Lattice Semiconductor Corporation,  All rights reserved.

Report Information
------------------
Command line:    trce -v 10 -gt -sethld -sp 5 -sphld m -o romEBR00_romEBR0.twr -gui romEBR00_romEBR0.ncd romEBR00_romEBR0.prf 
Design file:     romebr00_romebr0.ncd
Preference file: romebr00_romebr0.prf
Device,speed:    LCMXO2-7000HE,m
Report level:    verbose report, limited to 10 items per preference
--------------------------------------------------------------------------------

BLOCK ASYNCPATHS
BLOCK RESETPATHS
--------------------------------------------------------------------------------



Timing summary (Hold):
---------------

Timing errors: 0  Score: 0
Cumulative negative slack: 0

Constraints cover 723 paths, 1 nets, and 254 connections (73.62% coverage)



Timing summary (Setup and Hold):
---------------

Timing errors: 0 (setup), 0 (hold)
Score: 0 (setup), 0 (hold)
Cumulative negative slack: 0 (0+0)
--------------------------------------------------------------------------------

--------------------------------------------------------------------------------

Total CPU Time: 0 secs 
Total REAL Time: 0 secs 
Peak Memory Usage: 67 MB


tmcheck -par "romEBR00_romEBR0.par" 

bitgen -f "romEBR00_romEBR0.t2b" -w "romEBR00_romEBR0.ncd"  -jedec "romEBR00_romEBR0.prf"


BITGEN: Bitstream Generator Diamond (64-bit) 3.12.0.240.2
Copyright (c) 1991-1994 by NeoCAD Inc. All rights reserved.
Copyright (c) 1995 AT&T Corp.   All rights reserved.
Copyright (c) 1995-2001 Lucent Technologies Inc.  All rights reserved.
Copyright (c) 2001 Agere Systems   All rights reserved.
Copyright (c) 2002-2020 Lattice Semiconductor Corporation,  All rights reserved.


Loading design for application Bitgen from file romEBR00_romEBR0.ncd.
Design name: ramEBR00
NCD version: 3.3
Vendor:      LATTICE
Device:      LCMXO2-7000HE
Package:     TQFP144
Performance: 5
Loading device for application Bitgen from file 'xo2c7000.nph' in environment: C:/lscc/diamond/3.12/ispfpga.
Package Status:                     Final          Version 1.39.
Performance Hardware Data Status:   Final          Version 34.4.

Running DRC.
INFO: Design contains pre-loadable EBR during configuration that has a requirement: Since the GSR is disabled for the EBR, make sure write enable and chip enable are inactive during wake-up, so that the pre-loaded initialization values will not be corrupted during wake-up state.
DRC detected 0 errors and 0 warnings.
Reading Preference File from romEBR00_romEBR0.prf.

Preference Summary:
+---------------------------------+---------------------------------+
|  Preference                     |  Current Setting                |
+---------------------------------+---------------------------------+
|                         RamCfg  |                        Reset**  |
+---------------------------------+---------------------------------+
|                     MCCLK_FREQ  |                         2.08**  |
+---------------------------------+---------------------------------+
|                  CONFIG_SECURE  |                          OFF**  |
+---------------------------------+---------------------------------+
|                          INBUF  |                           ON**  |
+---------------------------------+---------------------------------+
|                      JTAG_PORT  |                       ENABLE**  |
+---------------------------------+---------------------------------+
|                       SDM_PORT  |                      DISABLE**  |
+---------------------------------+---------------------------------+
|                 SLAVE_SPI_PORT  |                      DISABLE**  |
+---------------------------------+---------------------------------+
|                MASTER_SPI_PORT  |                      DISABLE**  |
+---------------------------------+---------------------------------+
|                       I2C_PORT  |                      DISABLE**  |
+---------------------------------+---------------------------------+
|        MUX_CONFIGURATION_PORTS  |                      DISABLE**  |
+---------------------------------+---------------------------------+
|                  CONFIGURATION  |                          CFG**  |
+---------------------------------+---------------------------------+
|                COMPRESS_CONFIG  |                           ON**  |
+---------------------------------+---------------------------------+
|                        MY_ASSP  |                          OFF**  |
+---------------------------------+---------------------------------+
|               ONE_TIME_PROGRAM  |                          OFF**  |
+---------------------------------+---------------------------------+
|                 ENABLE_TRANSFR  |                      DISABLE**  |
+---------------------------------+---------------------------------+
|                  SHAREDEBRINIT  |                      DISABLE**  |
+---------------------------------+---------------------------------+
|            BACKGROUND_RECONFIG  |                          OFF**  |
+---------------------------------+---------------------------------+
 *  Default setting.
 ** The specified setting matches the default setting.


Creating bit map...
 
Bitstream Status: Final           Version 1.95.
 
Saving bit stream in "romEBR00_romEBR0.jed".
 
===========
UFM Summary.
===========
UFM Size:        2046 Pages (128*2046 Bits).
UFM Utilization: General Purpose Flash Memory.
 
Available General Purpose Flash Memory: 2046 Pages (Page 0 to Page 2045).
Initialized UFM Pages:                     0 Page.
 
Total CPU Time: 1 secs 
Total REAL Time: 3 secs 
Peak Memory Usage: 290 MB
