Running in Lattice mode

Starting:    C:\lscc\diamond\3.12\synpbase\bin64\mbin\synbatch.exe
Install:     C:\lscc\diamond\3.12\synpbase
Hostname:    ASUSISAAC
Date:        Fri Jan 13 23:54:40 2023
Version:     Q-2020.03L-SP1

Arguments:   -product synplify_pro -batch ramEBR00_ramEBR0_synplify.tcl
ProductType: synplify_pro




log file: "C:\Users\sando_m929gqi\Desktop\ESCOM\7moSemestre\ArquitecturaDeComputadoras\X\Arqui_practicas-main\Arqui_practicas-main\03-TercerParcial\02-ramEBR00\ramEBR0\ramEBR00_ramEBR0.srr"
Running: hdl_info_gen in foreground

Generating HDL info...
Copied C:\Users\sando_m929gqi\Desktop\ESCOM\7moSemestre\ArquitecturaDeComputadoras\X\Arqui_practicas-main\Arqui_practicas-main\03-TercerParcial\02-ramEBR00\ramEBR0\ramEBR00_ramEBR0.srr to C:\Users\sando_m929gqi\Desktop\ESCOM\7moSemestre\ArquitecturaDeComputadoras\X\Arqui_practicas-main\Arqui_practicas-main\03-TercerParcial\02-ramEBR00\ramEBR0\ramEBR00_ramEBR0.srf

hdl_info_gen completed
# Fri Jan 13 23:54:41 2023

Return Code: 0
Run Time:00h:00m:01s
log file: "C:\Users\sando_m929gqi\Desktop\ESCOM\7moSemestre\ArquitecturaDeComputadoras\X\Arqui_practicas-main\Arqui_practicas-main\03-TercerParcial\02-ramEBR00\ramEBR0\ramEBR00_ramEBR0.srr"
Running: ramEBR0 in foreground

Running proj_1|ramEBR0

Running Flow: compile (Compile) on proj_1|ramEBR0
# Fri Jan 13 23:54:41 2023

Running Flow: compile_flow (Compile Process) on proj_1|ramEBR0
# Fri Jan 13 23:54:41 2023

Running: compiler (Compile Input) on proj_1|ramEBR0
# Fri Jan 13 23:54:41 2023
Copied C:\Users\sando_m929gqi\Desktop\ESCOM\7moSemestre\ArquitecturaDeComputadoras\X\Arqui_practicas-main\Arqui_practicas-main\03-TercerParcial\02-ramEBR00\ramEBR0\synwork\ramEBR00_ramEBR0_comp.srs to C:\Users\sando_m929gqi\Desktop\ESCOM\7moSemestre\ArquitecturaDeComputadoras\X\Arqui_practicas-main\Arqui_practicas-main\03-TercerParcial\02-ramEBR00\ramEBR0\ramEBR00_ramEBR0.srs

compiler completed
# Fri Jan 13 23:54:44 2023

Return Code: 0
Run Time:00h:00m:03s

Running: multi_srs_gen (Multi-srs Generator) on proj_1|ramEBR0
# Fri Jan 13 23:54:44 2023

multi_srs_gen completed
# Fri Jan 13 23:54:44 2023

Return Code: 0
Run Time:00h:00m:00s
Copied C:\Users\sando_m929gqi\Desktop\ESCOM\7moSemestre\ArquitecturaDeComputadoras\X\Arqui_practicas-main\Arqui_practicas-main\03-TercerParcial\02-ramEBR00\ramEBR0\synwork\ramEBR00_ramEBR0_mult.srs to C:\Users\sando_m929gqi\Desktop\ESCOM\7moSemestre\ArquitecturaDeComputadoras\X\Arqui_practicas-main\Arqui_practicas-main\03-TercerParcial\02-ramEBR00\ramEBR0\ramEBR00_ramEBR0.srs
Copied C:\Users\sando_m929gqi\Desktop\ESCOM\7moSemestre\ArquitecturaDeComputadoras\X\Arqui_practicas-main\Arqui_practicas-main\03-TercerParcial\02-ramEBR00\ramEBR0\ramEBR00_ramEBR0.srr to C:\Users\sando_m929gqi\Desktop\ESCOM\7moSemestre\ArquitecturaDeComputadoras\X\Arqui_practicas-main\Arqui_practicas-main\03-TercerParcial\02-ramEBR00\ramEBR0\ramEBR00_ramEBR0.srf
Complete: Compile Process on proj_1|ramEBR0

Running: premap (Premap) on proj_1|ramEBR0
# Fri Jan 13 23:54:44 2023

premap completed with warnings
# Fri Jan 13 23:54:46 2023

Return Code: 1
Run Time:00h:00m:02s
Complete: Compile on proj_1|ramEBR0

Running Flow: map (Map) on proj_1|ramEBR0
# Fri Jan 13 23:54:46 2023

Running: fpga_mapper (Map & Optimize) on proj_1|ramEBR0
# Fri Jan 13 23:54:46 2023
Copied C:\Users\sando_m929gqi\Desktop\ESCOM\7moSemestre\ArquitecturaDeComputadoras\X\Arqui_practicas-main\Arqui_practicas-main\03-TercerParcial\02-ramEBR00\ramEBR0\synwork\ramEBR00_ramEBR0_m.srm to C:\Users\sando_m929gqi\Desktop\ESCOM\7moSemestre\ArquitecturaDeComputadoras\X\Arqui_practicas-main\Arqui_practicas-main\03-TercerParcial\02-ramEBR00\ramEBR0\ramEBR00_ramEBR0.srm

fpga_mapper completed with warnings
# Fri Jan 13 23:54:50 2023

Return Code: 1
Run Time:00h:00m:04s
Complete: Map on proj_1|ramEBR0
Copied C:\Users\sando_m929gqi\Desktop\ESCOM\7moSemestre\ArquitecturaDeComputadoras\X\Arqui_practicas-main\Arqui_practicas-main\03-TercerParcial\02-ramEBR00\ramEBR0\ramEBR00_ramEBR0.srr to C:\Users\sando_m929gqi\Desktop\ESCOM\7moSemestre\ArquitecturaDeComputadoras\X\Arqui_practicas-main\Arqui_practicas-main\03-TercerParcial\02-ramEBR00\ramEBR0\ramEBR00_ramEBR0.srf
Complete: Logic Synthesis on proj_1|ramEBR0
TCL script complete: "ramEBR00_ramEBR0_synplify.tcl"
exit status=0
exit status=0
Save changes for project:
C:\Users\sando_m929gqi\Desktop\ESCOM\7moSemestre\ArquitecturaDeComputadoras\X\Arqui_practicas-main\Arqui_practicas-main\03-TercerParcial\02-ramEBR00\ramEBR0\proj_1.prj
batch mode default:no
