
Copyright (C) 1994-2020 Synopsys, Inc.
This Synopsys software and all associated documentation are proprietary to Synopsys, Inc.
and may only be used pursuant to the terms and conditions of a written license agreement
with Synopsys, Inc. All other use, reproduction, modification, or distribution of the
Synopsys software or the associated documentation is strictly prohibited.
Tool: Synplify Pro (R)
Build: Q-2020.03L-SP1
Install: C:\lscc\diamond\3.12\synpbase
OS: Windows 6.2

Hostname: SANDOVALCHICLES

Implementation : and0
Synopsys HDL compiler and linker, Version comp202003synp2, Build 182R, Built Oct 29 2020 10:49:53, @

Modified Files: 2
FID:  path (prevtimestamp, timestamp)
0        C:\Users\Isaac\Desktop\ESCOM\7moSemestre\ArquitecturaDeComputadoras\01-projectDiamont-PrimerParcial\01-and00\and00.vhdl (2022-09-03 22:11:01, N/A)
12       C:\Users\OzkArItO\Desktop\ESCOM\7mo_Semestre\Arquitectura de computadoras\Practicas\01-projectDiamont-PrimerParcial\01-and00\and00.vhdl (N/A, 2022-09-09 13:49:22)

*******************************************************************
Modules that may have changed as a result of file changes: 1
MID:  lib.cell.view
0        work.and00.and0 may have changed because the following files changed:
                        C:\Users\OzkArItO\Desktop\ESCOM\7mo_Semestre\Arquitectura de computadoras\Practicas\01-projectDiamont-PrimerParcial\01-and00\and00.vhdl (N/A, 2022-09-09 13:49:22) <-- (architecture and entity definition)

*******************************************************************
Unmodified files: 11
FID:  path (timestamp)
1        C:\lscc\diamond\3.12\cae_library\synthesis\vhdl\machxo2.vhd (2018-11-14 23:32:12)
2        C:\lscc\diamond\3.12\synpbase\lib\cpld\lattice.vhd (2020-10-29 09:20:44)
3        C:\lscc\diamond\3.12\synpbase\lib\vhd\arith.vhd (2020-10-29 09:23:10)
4        C:\lscc\diamond\3.12\synpbase\lib\vhd\hyperents.vhd (2020-10-29 09:23:10)
5        C:\lscc\diamond\3.12\synpbase\lib\vhd\location.map (2020-11-02 16:26:20)
6        C:\lscc\diamond\3.12\synpbase\lib\vhd\numeric.vhd (2020-10-29 09:23:10)
7        C:\lscc\diamond\3.12\synpbase\lib\vhd\snps_haps_pkg.vhd (2020-10-29 09:23:10)
8        C:\lscc\diamond\3.12\synpbase\lib\vhd\std.vhd (2020-10-29 09:23:10)
9        C:\lscc\diamond\3.12\synpbase\lib\vhd\std1164.vhd (2020-10-29 09:23:10)
10       C:\lscc\diamond\3.12\synpbase\lib\vhd\umr_capim.vhd (2020-10-29 09:23:10)
11       C:\lscc\diamond\3.12\synpbase\lib\vhd\unsigned.vhd (2020-10-29 09:23:10)

*******************************************************************
Unchanged modules: 0
MID:  lib.cell.view
