
Copyright (C) 1994-2020 Synopsys, Inc.
This Synopsys software and all associated documentation are proprietary to Synopsys, Inc.
and may only be used pursuant to the terms and conditions of a written license agreement
with Synopsys, Inc. All other use, reproduction, modification, or distribution of the
Synopsys software or the associated documentation is strictly prohibited.
Tool: Synplify Pro (R)
Build: Q-2020.03L-SP1
Install: C:\lscc\diamond\3.12\synpbase
OS: Windows 6.2

Hostname: ASUSISAAC

Implementation : key0
Synopsys HDL compiler and linker, Version comp202003synp2, Build 182R, Built Oct 29 2020 10:49:53, @

Modified Files: 1
FID:  path (prevtimestamp, timestamp)
23       C:\Users\sando_m929gqi\Desktop\ESCOM\7moSemestre\ArquitecturaDeComputadoras\02-SegundoParcial\Practicas\02-key00\coder00.vhdl (2022-12-07 22:19:52, 2023-01-06 19:57:14)

*******************************************************************
Modules that may have changed as a result of file changes: 1
MID:  lib.cell.view
0        work.coder00.coder0 may have changed because the following files changed:
                        C:\Users\sando_m929gqi\Desktop\ESCOM\7moSemestre\ArquitecturaDeComputadoras\02-SegundoParcial\Practicas\02-key00\coder00.vhdl (2022-12-07 22:19:52, 2023-01-06 19:57:14) <-- (architecture and entity definition)

*******************************************************************
Unmodified files: 18
FID:  path (timestamp)
19       C:\Users\sando_m929gqi\Desktop\ESCOM\7moSemestre\ArquitecturaDeComputadoras\02-SegundoParcial\Practicas\00-os00-vhdl\div00.vhdl (2022-12-06 20:22:12)
20       C:\Users\sando_m929gqi\Desktop\ESCOM\7moSemestre\ArquitecturaDeComputadoras\02-SegundoParcial\Practicas\00-os00-vhdl\osc00.vhdl (2022-12-06 20:22:12)
21       C:\Users\sando_m929gqi\Desktop\ESCOM\7moSemestre\ArquitecturaDeComputadoras\02-SegundoParcial\Practicas\00-os00-vhdl\oscint00.vhdl (2022-12-06 20:22:12)
22       C:\Users\sando_m929gqi\Desktop\ESCOM\7moSemestre\ArquitecturaDeComputadoras\02-SegundoParcial\Practicas\00-os00-vhdl\packageosc00.vhdl (2022-12-06 20:22:12)
24       C:\Users\sando_m929gqi\Desktop\ESCOM\7moSemestre\ArquitecturaDeComputadoras\02-SegundoParcial\Practicas\02-key00\contring00.vhdl (2022-12-12 20:07:00)
25       C:\Users\sando_m929gqi\Desktop\ESCOM\7moSemestre\ArquitecturaDeComputadoras\02-SegundoParcial\Practicas\02-key00\key00.vhdl (2023-01-06 19:56:25)
26       C:\Users\sando_m929gqi\Desktop\ESCOM\7moSemestre\ArquitecturaDeComputadoras\02-SegundoParcial\Practicas\02-key00\packagekey00.vhdl (2022-12-07 20:52:58)
8        C:\lscc\diamond\3.12\cae_library\synthesis\vhdl\machxo2.vhd (2018-11-14 23:32:12)
9        C:\lscc\diamond\3.12\synpbase\lib\cpld\lattice.vhd (2020-10-29 09:20:44)
10       C:\lscc\diamond\3.12\synpbase\lib\vhd\arith.vhd (2020-10-29 09:23:10)
11       C:\lscc\diamond\3.12\synpbase\lib\vhd\hyperents.vhd (2020-10-29 09:23:10)
12       C:\lscc\diamond\3.12\synpbase\lib\vhd\location.map (2020-11-02 16:26:20)
13       C:\lscc\diamond\3.12\synpbase\lib\vhd\numeric.vhd (2020-10-29 09:23:10)
14       C:\lscc\diamond\3.12\synpbase\lib\vhd\snps_haps_pkg.vhd (2020-10-29 09:23:10)
15       C:\lscc\diamond\3.12\synpbase\lib\vhd\std.vhd (2020-10-29 09:23:10)
16       C:\lscc\diamond\3.12\synpbase\lib\vhd\std1164.vhd (2020-10-29 09:23:10)
17       C:\lscc\diamond\3.12\synpbase\lib\vhd\umr_capim.vhd (2020-10-29 09:23:10)
18       C:\lscc\diamond\3.12\synpbase\lib\vhd\unsigned.vhd (2020-10-29 09:23:10)

*******************************************************************
Unchanged modules: 10
MID:  lib.cell.view
2        work.contring00.contring0
3        work.contring00.vhdl
4        work.div00.div0
5        work.div00.vhdl
6        work.key00.key0
7        work.key00.vhdl
8        work.osc00.osc0
9        work.osc00.vhdl
10       work.oscint00.oscint0
11       work.oscint00.vhdl
