
synpwrap -msg -prj "shiftRL00_shiftRL0_synplify.tcl" -log "shiftRL00_shiftRL0.srf"
Copyright (C) 1992-2020 Lattice Semiconductor Corporation. All rights reserved.
Lattice Diamond Version 3.12.0.240.2
    <postMsg mid="2011000" type="Info"    dynamic="0" navigation="0"  />

==contents of shiftRL00_shiftRL0.srf
#Build: Synplify Pro (R) Q-2020.03L-SP1, Build 182R, Oct 29 2020
#install: C:\lscc\diamond\3.12\synpbase
#OS: Windows 8 6.2
#Hostname: ASUSISAAC

# Sat Nov 12 18:40:28 2022

#Implementation: shiftRL0


Copyright (C) 1994-2020 Synopsys, Inc.
This Synopsys software and all associated documentation are proprietary to Synopsys, Inc.
and may only be used pursuant to the terms and conditions of a written license agreement
with Synopsys, Inc. All other use, reproduction, modification, or distribution of the
Synopsys software or the associated documentation is strictly prohibited.
Tool: Synplify Pro (R)
Build: Q-2020.03L-SP1
Install: C:\lscc\diamond\3.12\synpbase
OS: Windows 6.2

Hostname: ASUSISAAC

Implementation : shiftRL0
Synopsys HDL Compiler, Version comp202003synp2, Build 182R, Built Oct 29 2020 10:49:53, @

@N|Running in 64-bit mode
###########################################################[

Copyright (C) 1994-2020 Synopsys, Inc.
This Synopsys software and all associated documentation are proprietary to Synopsys, Inc.
and may only be used pursuant to the terms and conditions of a written license agreement
with Synopsys, Inc. All other use, reproduction, modification, or distribution of the
Synopsys software or the associated documentation is strictly prohibited.
Tool: Synplify Pro (R)
Build: Q-2020.03L-SP1
Install: C:\lscc\diamond\3.12\synpbase
OS: Windows 6.2

Hostname: ASUSISAAC

Implementation : shiftRL0
Synopsys VHDL Compiler, Version comp202003synp2, Build 182R, Built Oct 29 2020 10:49:53, @

@N|Running in 64-bit mode
@N:"C:\Users\sando_m929gqi\Desktop\ESCOM\7moSemestre\ArquitecturaDeComputadoras\PrimerParcial\Practicas\10-shiftRL00\shiftRL00.vhdl":7:7:7:15|Top entity is set to shiftRL00.
File C:\lscc\diamond\3.12\synpbase\lib\cpld\lattice.vhd changed - recompiling
File C:\Users\sando_m929gqi\Desktop\ESCOM\7moSemestre\ArquitecturaDeComputadoras\PrimerParcial\Practicas\09-os00-vhdl\div00.vhdl changed - recompiling
File C:\Users\sando_m929gqi\Desktop\ESCOM\7moSemestre\ArquitecturaDeComputadoras\PrimerParcial\Practicas\09-os00-vhdl\packageosc00.vhdl changed - recompiling
File C:\Users\sando_m929gqi\Desktop\ESCOM\7moSemestre\ArquitecturaDeComputadoras\PrimerParcial\Practicas\10-shiftRL00\shiftRL.vhdl changed - recompiling
File C:\Users\sando_m929gqi\Desktop\ESCOM\7moSemestre\ArquitecturaDeComputadoras\PrimerParcial\Practicas\10-shiftRL00\packageshiftRL00.vhdl changed - recompiling
File C:\Users\sando_m929gqi\Desktop\ESCOM\7moSemestre\ArquitecturaDeComputadoras\PrimerParcial\Practicas\09-os00-vhdl\osc00.vhdl changed - recompiling
File C:\Users\sando_m929gqi\Desktop\ESCOM\7moSemestre\ArquitecturaDeComputadoras\PrimerParcial\Practicas\10-shiftRL00\shiftRL00.vhdl changed - recompiling
VHDL syntax check successful!
File C:\Users\sando_m929gqi\Desktop\ESCOM\7moSemestre\ArquitecturaDeComputadoras\PrimerParcial\Practicas\10-shiftRL00\shiftRL.vhdl changed - recompiling
@N: CD630 :"C:\Users\sando_m929gqi\Desktop\ESCOM\7moSemestre\ArquitecturaDeComputadoras\PrimerParcial\Practicas\10-shiftRL00\shiftRL00.vhdl":7:7:7:15|Synthesizing work.shiftrl00.shiftrl0.
@N: CD630 :"C:\Users\sando_m929gqi\Desktop\ESCOM\7moSemestre\ArquitecturaDeComputadoras\PrimerParcial\Practicas\10-shiftRL00\shiftRL.vhdl":7:7:7:13|Synthesizing work.shiftrl.shift.
Post processing for work.shiftrl.shift
Running optimization stage 1 on shiftRL .......
@N: CD630 :"C:\Users\sando_m929gqi\Desktop\ESCOM\7moSemestre\ArquitecturaDeComputadoras\PrimerParcial\Practicas\09-os00-vhdl\osc00.vhdl":7:7:7:11|Synthesizing work.osc00.osc0.
@N: CD630 :"C:\Users\sando_m929gqi\Desktop\ESCOM\7moSemestre\ArquitecturaDeComputadoras\PrimerParcial\Practicas\09-os00-vhdl\div00.vhdl":8:7:8:11|Synthesizing work.div00.div0.
Post processing for work.div00.div0
Running optimization stage 1 on div00 .......
@N: CD630 :"C:\Users\sando_m929gqi\Desktop\ESCOM\7moSemestre\ArquitecturaDeComputadoras\PrimerParcial\Practicas\09-os00-vhdl\oscint00.vhdl":6:7:6:14|Synthesizing work.oscint00.oscint0.
@W: CD276 :"C:\lscc\diamond\3.12\cae_library\synthesis\vhdl\machxo2.vhd":2297:8:2297:15|Map for port sedstdby of component osch not found
@N: CD630 :"C:\lscc\diamond\3.12\cae_library\synthesis\vhdl\machxo2.vhd":2291:10:2291:13|Synthesizing work.osch.syn_black_box.
Post processing for work.osch.syn_black_box
Post processing for work.oscint00.oscint0
Running optimization stage 1 on oscint00 .......
Post processing for work.osc00.osc0
Running optimization stage 1 on osc00 .......
Post processing for work.shiftrl00.shiftrl0
Running optimization stage 1 on shiftRL00 .......
Running optimization stage 2 on oscint00 .......
Running optimization stage 2 on div00 .......
Running optimization stage 2 on osc00 .......
Running optimization stage 2 on shiftRL .......
Running optimization stage 2 on shiftRL00 .......

For a summary of runtime and memory usage per design unit, please see file:
==========================================================
@L: C:\Users\sando_m929gqi\Desktop\ESCOM\7moSemestre\ArquitecturaDeComputadoras\PrimerParcial\Practicas\10-shiftRL00\shiftRL0\synwork\layer0.rt.csv


At c_vhdl Exit (Real Time elapsed 0h:00m:00s; CPU Time elapsed 0h:00m:00s; Memory used current: 97MB peak: 101MB)

Process took 0h:00m:01s realtime, 0h:00m:01s cputime

Process completed successfully.
# Sat Nov 12 18:40:29 2022

###########################################################]
###########################################################[

Copyright (C) 1994-2020 Synopsys, Inc.
This Synopsys software and all associated documentation are proprietary to Synopsys, Inc.
and may only be used pursuant to the terms and conditions of a written license agreement
with Synopsys, Inc. All other use, reproduction, modification, or distribution of the
Synopsys software or the associated documentation is strictly prohibited.
Tool: Synplify Pro (R)
Build: Q-2020.03L-SP1
Install: C:\lscc\diamond\3.12\synpbase
OS: Windows 6.2

Hostname: ASUSISAAC

Implementation : shiftRL0
Synopsys Synopsys Netlist Linker, Version comp202003synp2, Build 182R, Built Oct 29 2020 10:49:53, @

@N|Running in 64-bit mode
File C:\Users\sando_m929gqi\Desktop\ESCOM\7moSemestre\ArquitecturaDeComputadoras\PrimerParcial\Practicas\10-shiftRL00\shiftRL0\synwork\layer0.srs changed - recompiling

At syn_nfilter Exit (Real Time elapsed 0h:00m:00s; CPU Time elapsed 0h:00m:00s; Memory used current: 90MB peak: 91MB)

Process took 0h:00m:01s realtime, 0h:00m:01s cputime

Process completed successfully.
# Sat Nov 12 18:40:30 2022

###########################################################]

For a summary of runtime and memory usage for all design units, please see file:
==========================================================
@L: C:\Users\sando_m929gqi\Desktop\ESCOM\7moSemestre\ArquitecturaDeComputadoras\PrimerParcial\Practicas\10-shiftRL00\shiftRL0\synwork\shiftRL00_shiftRL0_comp.rt.csv

@END

At c_hdl Exit (Real Time elapsed 0h:00m:01s; CPU Time elapsed 0h:00m:00s; Memory used current: 23MB peak: 23MB)

Process took 0h:00m:01s realtime, 0h:00m:01s cputime

Process completed successfully.
# Sat Nov 12 18:40:30 2022

###########################################################]
###########################################################[

Copyright (C) 1994-2020 Synopsys, Inc.
This Synopsys software and all associated documentation are proprietary to Synopsys, Inc.
and may only be used pursuant to the terms and conditions of a written license agreement
with Synopsys, Inc. All other use, reproduction, modification, or distribution of the
Synopsys software or the associated documentation is strictly prohibited.
Tool: Synplify Pro (R)
Build: Q-2020.03L-SP1
Install: C:\lscc\diamond\3.12\synpbase
OS: Windows 6.2

Hostname: ASUSISAAC

Implementation : shiftRL0
Synopsys Synopsys Netlist Linker, Version comp202003synp2, Build 182R, Built Oct 29 2020 10:49:53, @

@N|Running in 64-bit mode
File C:\Users\sando_m929gqi\Desktop\ESCOM\7moSemestre\ArquitecturaDeComputadoras\PrimerParcial\Practicas\10-shiftRL00\shiftRL0\synwork\shiftRL00_shiftRL0_comp.srs changed - recompiling

At syn_nfilter Exit (Real Time elapsed 0h:00m:00s; CPU Time elapsed 0h:00m:00s; Memory used current: 90MB peak: 91MB)

Process took 0h:00m:01s realtime, 0h:00m:01s cputime

Process completed successfully.
# Sat Nov 12 18:40:31 2022

###########################################################]
Premap Report

# Sat Nov 12 18:40:31 2022


Copyright (C) 1994-2020 Synopsys, Inc.
This Synopsys software and all associated documentation are proprietary to Synopsys, Inc.
and may only be used pursuant to the terms and conditions of a written license agreement
with Synopsys, Inc. All other use, reproduction, modification, or distribution of the
Synopsys software or the associated documentation is strictly prohibited.
Tool: Synplify Pro (R)
Build: Q-2020.03L-SP1
Install: C:\lscc\diamond\3.12\synpbase
OS: Windows 6.2

Hostname: ASUSISAAC

Implementation : shiftRL0
Synopsys Lattice Technology Pre-mapping, Version map202003lat, Build 172R, Built Nov  2 2020 09:31:45, @


Mapper Startup Complete (Real Time elapsed 0h:00m:00s; CPU Time elapsed 0h:00m:00s; Memory used current: 118MB peak: 118MB)

@A: MF827 |No constraint file specified.
@L: C:\Users\sando_m929gqi\Desktop\ESCOM\7moSemestre\ArquitecturaDeComputadoras\PrimerParcial\Practicas\10-shiftRL00\shiftRL0\shiftRL00_shiftRL0_scck.rpt 
See clock summary report "C:\Users\sando_m929gqi\Desktop\ESCOM\7moSemestre\ArquitecturaDeComputadoras\PrimerParcial\Practicas\10-shiftRL00\shiftRL0\shiftRL00_shiftRL0_scck.rpt"
@N: MF916 |Option synthesis_strategy=base is enabled. 
@N: MF248 |Running in 64-bit mode.
@N: MF666 |Clock conversion enabled. (Command "set_option -fix_gated_and_generated_clocks 1" in the project file.)

Design Input Complete (Real Time elapsed 0h:00m:00s; CPU Time elapsed 0h:00m:00s; Memory used current: 125MB peak: 129MB)


Mapper Initialization Complete (Real Time elapsed 0h:00m:00s; CPU Time elapsed 0h:00m:00s; Memory used current: 125MB peak: 129MB)


Start loading timing files (Real Time elapsed 0h:00m:00s; CPU Time elapsed 0h:00m:00s; Memory used current: 138MB peak: 138MB)


Finished loading timing files (Real Time elapsed 0h:00m:00s; CPU Time elapsed 0h:00m:00s; Memory used current: 138MB peak: 140MB)


Starting clock optimization phase (Real Time elapsed 0h:00m:00s; CPU Time elapsed 0h:00m:00s; Memory used current: 170MB peak: 170MB)


Finished clock optimization phase (Real Time elapsed 0h:00m:00s; CPU Time elapsed 0h:00m:00s; Memory used current: 170MB peak: 170MB)


Starting clock optimization report phase (Real Time elapsed 0h:00m:00s; CPU Time elapsed 0h:00m:00s; Memory used current: 170MB peak: 171MB)


Finished clock optimization report phase (Real Time elapsed 0h:00m:00s; CPU Time elapsed 0h:00m:00s; Memory used current: 170MB peak: 171MB)

@N: FX1184 |Applying syn_allowed_resources blockrams=26 on top level netlist shiftRL00 

Finished netlist restructuring (Real Time elapsed 0h:00m:00s; CPU Time elapsed 0h:00m:00s; Memory used current: 170MB peak: 171MB)



Clock Summary
******************

          Start                                Requested     Requested     Clock                                               Clock                   Clock
Level     Clock                                Frequency     Period        Type                                                Group                   Load 
------------------------------------------------------------------------------------------------------------------------------------------------------------
0 -       oscint00|osc_int0_inferred_clock     2.1 MHz       480.769       inferred                                            Inferred_clkgroup_0     23   
1 .         div00|oscout_derived_clock         2.1 MHz       480.769       derived (from oscint00|osc_int0_inferred_clock)     Inferred_clkgroup_0     16   
============================================================================================================================================================



Clock Load Summary
***********************

                                     Clock     Source                           Clock Pin              Non-clock Pin     Non-clock Pin
Clock                                Load      Pin                              Seq Example            Seq Example       Comb Example 
--------------------------------------------------------------------------------------------------------------------------------------
oscint00|osc_int0_inferred_clock     23        SH00.OS00.OSCInst0.OSC(OSCH)     SH00.OS01.oscout.C     -                 -            
div00|oscout_derived_clock           16        SH00.OS01.oscout.Q[0](dffe)      SH01.sshift[7:0].C     -                 -            
======================================================================================================================================

@W: MT529 :"c:\users\sando_m929gqi\desktop\escom\7mosemestre\arquitecturadecomputadoras\primerparcial\practicas\09-os00-vhdl\div00.vhdl":21:2:21:3|Found inferred clock oscint00|osc_int0_inferred_clock which controls 23 sequential elements including SH00.OS01.sdiv[21:0]. This clock has no specified timing constraint which may prevent conversion of gated or generated clocks and may adversely impact design performance. 

ICG Latch Removal Summary:
Number of ICG latches removed: 0
Number of ICG latches not removed:	0


@S |Clock Optimization Summary



#### START OF PREMAP CLOCK OPTIMIZATION REPORT #####[

1 non-gated/non-generated clock tree(s) driving 23 clock pin(s) of sequential element(s)
1 gated/generated clock tree(s) driving 16 clock pin(s) of sequential element(s)
0 instances converted, 16 sequential instances remain driven by gated/generated clocks

================================= Non-Gated/Non-Generated Clocks ==================================
Clock Tree ID     Driving Element            Drive Element Type     Fanout     Sample Instance     
---------------------------------------------------------------------------------------------------
@KP:ckid0_2       SH00.OS00.OSCInst0.OSC     OSCH                   23         SH00.OS01.sdiv[21:0]
===================================================================================================
================================================================ Gated/Generated Clocks ================================================================
Clock Tree ID     Driving Element           Drive Element Type     Unconverted Fanout     Sample Instance     Explanation                               
--------------------------------------------------------------------------------------------------------------------------------------------------------
@KP:ckid0_0       SH00.OS01.oscout.Q[0]     dffe                   16                     SH01.outs[7:0]      Derived clock on input (not legal for GCC)
========================================================================================================================================================


##### END OF CLOCK OPTIMIZATION REPORT ######

@N: FX1143 |Skipping assigning INTERNAL_VREF to iobanks, because the table of mapping from pin to iobank is not initialized.
Finished Pre Mapping Phase.

Starting constraint checker (Real Time elapsed 0h:00m:00s; CPU Time elapsed 0h:00m:00s; Memory used current: 171MB peak: 171MB)


Finished constraint checker preprocessing (Real Time elapsed 0h:00m:00s; CPU Time elapsed 0h:00m:00s; Memory used current: 171MB peak: 171MB)


Finished constraint checker (Real Time elapsed 0h:00m:00s; CPU Time elapsed 0h:00m:00s; Memory used current: 171MB peak: 171MB)

Pre-mapping successful!

At Mapper Exit (Real Time elapsed 0h:00m:01s; CPU Time elapsed 0h:00m:00s; Memory used current: 91MB peak: 173MB)

Process took 0h:00m:01s realtime, 0h:00m:01s cputime
# Sat Nov 12 18:40:32 2022

###########################################################]
Map & Optimize Report

# Sat Nov 12 18:40:32 2022


Copyright (C) 1994-2020 Synopsys, Inc.
This Synopsys software and all associated documentation are proprietary to Synopsys, Inc.
and may only be used pursuant to the terms and conditions of a written license agreement
with Synopsys, Inc. All other use, reproduction, modification, or distribution of the
Synopsys software or the associated documentation is strictly prohibited.
Tool: Synplify Pro (R)
Build: Q-2020.03L-SP1
Install: C:\lscc\diamond\3.12\synpbase
OS: Windows 6.2

Hostname: ASUSISAAC

Implementation : shiftRL0
Synopsys Lattice Technology Mapper, Version map202003lat, Build 172R, Built Nov  2 2020 09:31:45, @


Mapper Startup Complete (Real Time elapsed 0h:00m:00s; CPU Time elapsed 0h:00m:00s; Memory used current: 117MB peak: 117MB)

@N: MF916 |Option synthesis_strategy=base is enabled. 
@N: MF248 |Running in 64-bit mode.
@N: MF666 |Clock conversion enabled. (Command "set_option -fix_gated_and_generated_clocks 1" in the project file.)

Design Input Complete (Real Time elapsed 0h:00m:00s; CPU Time elapsed 0h:00m:00s; Memory used current: 121MB peak: 129MB)


Mapper Initialization Complete (Real Time elapsed 0h:00m:00s; CPU Time elapsed 0h:00m:00s; Memory used current: 121MB peak: 129MB)


Start loading timing files (Real Time elapsed 0h:00m:00s; CPU Time elapsed 0h:00m:00s; Memory used current: 134MB peak: 134MB)


Finished loading timing files (Real Time elapsed 0h:00m:00s; CPU Time elapsed 0h:00m:00s; Memory used current: 136MB peak: 137MB)



Starting Optimization and Mapping (Real Time elapsed 0h:00m:00s; CPU Time elapsed 0h:00m:00s; Memory used current: 168MB peak: 168MB)


Available hyper_sources - for debug and ip models
	None Found


Finished RTL optimizations (Real Time elapsed 0h:00m:00s; CPU Time elapsed 0h:00m:00s; Memory used current: 172MB peak: 172MB)


Starting factoring (Real Time elapsed 0h:00m:00s; CPU Time elapsed 0h:00m:00s; Memory used current: 173MB peak: 173MB)


Finished factoring (Real Time elapsed 0h:00m:00s; CPU Time elapsed 0h:00m:00s; Memory used current: 174MB peak: 174MB)


Finished generic timing optimizations - Pass 1 (Real Time elapsed 0h:00m:00s; CPU Time elapsed 0h:00m:00s; Memory used current: 174MB peak: 174MB)


Starting Early Timing Optimization (Real Time elapsed 0h:00m:00s; CPU Time elapsed 0h:00m:00s; Memory used current: 174MB peak: 174MB)


Finished Early Timing Optimization (Real Time elapsed 0h:00m:00s; CPU Time elapsed 0h:00m:00s; Memory used current: 174MB peak: 175MB)


Finished generic timing optimizations - Pass 2 (Real Time elapsed 0h:00m:01s; CPU Time elapsed 0h:00m:00s; Memory used current: 174MB peak: 175MB)


Finished preparing to map (Real Time elapsed 0h:00m:01s; CPU Time elapsed 0h:00m:00s; Memory used current: 175MB peak: 175MB)


Finished technology mapping (Real Time elapsed 0h:00m:01s; CPU Time elapsed 0h:00m:00s; Memory used current: 179MB peak: 179MB)

Pass		 CPU time		Worst Slack		Luts / Registers
------------------------------------------------------------
   1		0h:00m:00s		   469.26ns		  51 /        39

Finished technology timing optimizations and critical path resynthesis (Real Time elapsed 0h:00m:01s; CPU Time elapsed 0h:00m:00s; Memory used current: 179MB peak: 179MB)

@N: FX164 |The option to pack registers in the IOB has not been specified. Please set syn_useioff attribute.  

Finished restoring hierarchy (Real Time elapsed 0h:00m:01s; CPU Time elapsed 0h:00m:00s; Memory used current: 179MB peak: 179MB)


Start Writing Netlists (Real Time elapsed 0h:00m:01s; CPU Time elapsed 0h:00m:00s; Memory used current: 142MB peak: 179MB)

Writing Analyst data base C:\Users\sando_m929gqi\Desktop\ESCOM\7moSemestre\ArquitecturaDeComputadoras\PrimerParcial\Practicas\10-shiftRL00\shiftRL0\synwork\shiftRL00_shiftRL0_m.srm

Finished Writing Netlist Databases (Real Time elapsed 0h:00m:01s; CPU Time elapsed 0h:00m:00s; Memory used current: 179MB peak: 179MB)

Writing EDIF Netlist and constraint files
@N: FX1056 |Writing EDF file: C:\Users\sando_m929gqi\Desktop\ESCOM\7moSemestre\ArquitecturaDeComputadoras\PrimerParcial\Practicas\10-shiftRL00\shiftRL0\shiftRL00_shiftRL0.edi
@N: BW106 |Synplicity Constraint File capacitance units using default value of 1pF 

Finished Writing EDIF Netlist and constraint files (Real Time elapsed 0h:00m:02s; CPU Time elapsed 0h:00m:00s; Memory used current: 184MB peak: 184MB)


Start final timing analysis (Real Time elapsed 0h:00m:02s; CPU Time elapsed 0h:00m:01s; Memory used current: 183MB peak: 184MB)

@W: MT420 |Found inferred clock oscint00|osc_int0_inferred_clock with period 480.77ns. Please declare a user-defined clock on net SH00.OS00.sclk.
@N: MT615 |Found clock div00|oscout_derived_clock with period 480.77ns 


##### START OF TIMING REPORT #####[
# Timing report written on Sat Nov 12 18:40:35 2022
#


Top view:               shiftRL00
Requested Frequency:    2.1 MHz
Wire load mode:         top
Paths requested:        5
Constraint File(s):    
@N: MT320 |This timing report is an estimate of place and route data. For final timing results, use the FPGA vendor place and route report.

@N: MT322 |Clock constraints include only register-to-register paths associated with each individual clock.



Performance Summary
*******************


Worst slack in design: 469.350

                                     Requested     Estimated     Requested     Estimated                 Clock                                               Clock              
Starting Clock                       Frequency     Frequency     Period        Period        Slack       Type                                                Group              
--------------------------------------------------------------------------------------------------------------------------------------------------------------------------------
div00|oscout_derived_clock           2.1 MHz       754.0 MHz     480.769       1.326         958.886     derived (from oscint00|osc_int0_inferred_clock)     Inferred_clkgroup_0
oscint00|osc_int0_inferred_clock     2.1 MHz       87.6 MHz      480.769       11.419        469.350     inferred                                            Inferred_clkgroup_0
================================================================================================================================================================================





Clock Relationships
*******************

Clocks                                                              |    rise  to  rise     |    fall  to  fall   |    rise  to  fall   |    fall  to  rise 
------------------------------------------------------------------------------------------------------------------------------------------------------------
Starting                          Ending                            |  constraint  slack    |  constraint  slack  |  constraint  slack  |  constraint  slack
------------------------------------------------------------------------------------------------------------------------------------------------------------
oscint00|osc_int0_inferred_clock  oscint00|osc_int0_inferred_clock  |  480.769     469.350  |  No paths    -      |  No paths    -      |  No paths    -    
div00|oscout_derived_clock        div00|oscout_derived_clock        |  480.769     958.886  |  No paths    -      |  No paths    -      |  No paths    -    
============================================================================================================================================================
 Note: 'No paths' indicates there are no paths in the design for that pair of clock edges.
       'Diff grp' indicates that paths exist but the starting clock and ending clock are in different clock groups.



Interface Information 
*********************

No IO constraint found



====================================
Detailed Report for Clock: div00|oscout_derived_clock
====================================



Starting Points with Worst Slack
********************************

                   Starting                                                         Arrival            
Instance           Reference                      Type        Pin     Net           Time        Slack  
                   Clock                                                                               
-------------------------------------------------------------------------------------------------------
SH01.sshift[0]     div00|oscout_derived_clock     FD1P3AX     Q       sshift[0]     1.108       958.886
SH01.sshift[1]     div00|oscout_derived_clock     FD1P3AX     Q       sshift[1]     1.108       958.886
SH01.sshift[2]     div00|oscout_derived_clock     FD1P3AX     Q       sshift[2]     1.108       958.886
SH01.sshift[3]     div00|oscout_derived_clock     FD1P3AX     Q       sshift[3]     1.108       958.886
SH01.sshift[4]     div00|oscout_derived_clock     FD1P3AX     Q       sshift[4]     1.108       958.886
SH01.sshift[5]     div00|oscout_derived_clock     FD1P3AX     Q       sshift[5]     1.108       958.886
SH01.sshift[7]     div00|oscout_derived_clock     FD1P3AX     Q       sshift[7]     1.108       958.886
SH01.sshift[6]     div00|oscout_derived_clock     FD1P3AX     Q       sshift[6]     1.108       959.662
=======================================================================================================


Ending Points with Worst Slack
******************************

                   Starting                                                               Required            
Instance           Reference                      Type         Pin     Net                Time         Slack  
                   Clock                                                                                      
--------------------------------------------------------------------------------------------------------------
SH01.sshift[0]     div00|oscout_derived_clock     FD1P3AX      D       sshift_10[0]       961.627      958.886
SH01.sshift[1]     div00|oscout_derived_clock     FD1P3AX      D       sshift_10[1]       961.627      958.886
SH01.sshift[2]     div00|oscout_derived_clock     FD1P3AX      D       sshift_10[2]       961.627      958.886
SH01.sshift[3]     div00|oscout_derived_clock     FD1P3AX      D       sshift_10[3]       961.627      958.886
SH01.sshift[4]     div00|oscout_derived_clock     FD1P3AX      D       sshift_10[4]       961.627      958.886
SH01.sshift[5]     div00|oscout_derived_clock     FD1P3AX      D       sshift_10[5]       961.627      958.886
SH01.sshift[6]     div00|oscout_derived_clock     FD1P3AX      D       sshift_10[6]       961.627      958.886
SH01.sshift[7]     div00|oscout_derived_clock     FD1P3AX      D       sshift_10[7]       962.001      959.662
SH01_outsio[0]     div00|oscout_derived_clock     OFS1P3DX     D       SH01.sshift[0]     961.433      960.325
SH01_outsio[1]     div00|oscout_derived_clock     OFS1P3DX     D       SH01.sshift[1]     961.433      960.325
==============================================================================================================



Worst Path Information
***********************


Path information for path number 1: 
      Requested Period:                      961.538
    - Setup time:                            -0.089
    + Clock delay at ending point:           0.000 (ideal)
    = Required time:                         961.627

    - Propagation time:                      2.741
    - Clock delay at starting point:         0.000 (ideal)
    = Slack (non-critical) :                 958.886

    Number of logic level(s):                2
    Starting point:                          SH01.sshift[0] / Q
    Ending point:                            SH01.sshift[1] / D
    The start point is clocked by            div00|oscout_derived_clock [rising] (rise=0.000 fall=240.385 period=480.769) on pin CK
    The end   point is clocked by            div00|oscout_derived_clock [rising] (rise=0.000 fall=240.385 period=480.769) on pin CK
    -Timing constraint applied as multi cycle path with factor 2 (from c:div00|oscout_derived_clock to c:div00|oscout_derived_clock)

Instance / Net                               Pin      Pin               Arrival     No. of    
Name                            Type         Name     Dir     Delay     Time        Fan Out(s)
----------------------------------------------------------------------------------------------
SH01.sshift[0]                  FD1P3AX      Q        Out     1.108     1.108 r     -         
sshift[0]                       Net          -        -       -         -           3         
SH01.pshift\.sshift_10_2[1]     ORCALUT4     A        In      0.000     1.108 r     -         
SH01.pshift\.sshift_10_2[1]     ORCALUT4     Z        Out     1.017     2.125 r     -         
N_7                             Net          -        -       -         -           1         
SH01.pshift\.sshift_10[1]       ORCALUT4     A        In      0.000     2.125 r     -         
SH01.pshift\.sshift_10[1]       ORCALUT4     Z        Out     0.617     2.741 r     -         
sshift_10[1]                    Net          -        -       -         -           1         
SH01.sshift[1]                  FD1P3AX      D        In      0.000     2.741 r     -         
==============================================================================================




====================================
Detailed Report for Clock: oscint00|osc_int0_inferred_clock
====================================



Starting Points with Worst Slack
********************************

                       Starting                                                              Arrival            
Instance               Reference                            Type        Pin     Net          Time        Slack  
                       Clock                                                                                    
----------------------------------------------------------------------------------------------------------------
SH00.OS01.sdiv[21]     oscint00|osc_int0_inferred_clock     FD1S3IX     Q       sdiv[21]     1.180       469.350
SH00.OS01.sdiv[20]     oscint00|osc_int0_inferred_clock     FD1S3IX     Q       sdiv[20]     1.148       469.382
SH00.OS01.sdiv[19]     oscint00|osc_int0_inferred_clock     FD1S3IX     Q       sdiv[19]     1.044       469.486
SH00.OS01.sdiv[18]     oscint00|osc_int0_inferred_clock     FD1S3IX     Q       sdiv[18]     1.148       469.910
SH00.OS01.sdiv[17]     oscint00|osc_int0_inferred_clock     FD1S3IX     Q       sdiv[17]     1.044       470.679
SH00.OS01.sdiv[16]     oscint00|osc_int0_inferred_clock     FD1S3IX     Q       sdiv[16]     1.148       471.768
SH00.OS01.sdiv[15]     oscint00|osc_int0_inferred_clock     FD1S3IX     Q       sdiv[15]     1.044       471.872
SH00.OS01.sdiv[10]     oscint00|osc_int0_inferred_clock     FD1S3IX     Q       sdiv[10]     1.108       471.984
SH00.OS01.sdiv[11]     oscint00|osc_int0_inferred_clock     FD1S3IX     Q       sdiv[11]     1.108       471.984
SH00.OS01.sdiv[12]     oscint00|osc_int0_inferred_clock     FD1S3IX     Q       sdiv[12]     1.108       471.984
================================================================================================================


Ending Points with Worst Slack
******************************

                       Starting                                                                  Required            
Instance               Reference                            Type        Pin     Net              Time         Slack  
                       Clock                                                                                         
---------------------------------------------------------------------------------------------------------------------
SH00.OS01.sdiv[21]     oscint00|osc_int0_inferred_clock     FD1S3IX     D       un2_sdiv[21]     480.664      469.350
SH00.OS01.sdiv[19]     oscint00|osc_int0_inferred_clock     FD1S3IX     D       un2_sdiv[19]     480.664      469.493
SH00.OS01.sdiv[20]     oscint00|osc_int0_inferred_clock     FD1S3IX     D       un2_sdiv[20]     480.664      469.493
SH00.OS01.sdiv[17]     oscint00|osc_int0_inferred_clock     FD1S3IX     D       un2_sdiv[17]     480.664      469.636
SH00.OS01.sdiv[18]     oscint00|osc_int0_inferred_clock     FD1S3IX     D       un2_sdiv[18]     480.664      469.636
SH00.OS01.sdiv[15]     oscint00|osc_int0_inferred_clock     FD1S3IX     D       un2_sdiv[15]     480.664      469.779
SH00.OS01.sdiv[16]     oscint00|osc_int0_inferred_clock     FD1S3IX     D       un2_sdiv[16]     480.664      469.779
SH00.OS01.sdiv[13]     oscint00|osc_int0_inferred_clock     FD1S3IX     D       un2_sdiv[13]     480.664      469.921
SH00.OS01.sdiv[14]     oscint00|osc_int0_inferred_clock     FD1S3IX     D       un2_sdiv[14]     480.664      469.921
SH00.OS01.sdiv[11]     oscint00|osc_int0_inferred_clock     FD1S3IX     D       un2_sdiv[11]     480.664      470.064
=====================================================================================================================



Worst Path Information
***********************


Path information for path number 1: 
      Requested Period:                      480.769
    - Setup time:                            0.106
    + Clock delay at ending point:           0.000 (ideal)
    = Required time:                         480.664

    - Propagation time:                      11.313
    - Clock delay at starting point:         0.000 (ideal)
    = Slack (critical) :                     469.350

    Number of logic level(s):                17
    Starting point:                          SH00.OS01.sdiv[21] / Q
    Ending point:                            SH00.OS01.sdiv[21] / D
    The start point is clocked by            oscint00|osc_int0_inferred_clock [rising] (rise=0.000 fall=240.385 period=480.769) on pin CK
    The end   point is clocked by            oscint00|osc_int0_inferred_clock [rising] (rise=0.000 fall=240.385 period=480.769) on pin CK

Instance / Net                                             Pin      Pin               Arrival      No. of    
Name                                          Type         Name     Dir     Delay     Time         Fan Out(s)
-------------------------------------------------------------------------------------------------------------
SH00.OS01.sdiv[21]                            FD1S3IX      Q        Out     1.180     1.180 r      -         
sdiv[21]                                      Net          -        -       -         -            5         
SH00.OS01.un1_oscout_1_sqmuxa_i_a4            ORCALUT4     B        In      0.000     1.180 r      -         
SH00.OS01.un1_oscout_1_sqmuxa_i_a4            ORCALUT4     Z        Out     1.193     2.373 f      -         
N_41                                          Net          -        -       -         -            4         
SH00.OS01.un1_oscout_1_sqmuxa_i_a4_0          ORCALUT4     A        In      0.000     2.373 f      -         
SH00.OS01.un1_oscout_1_sqmuxa_i_a4_0          ORCALUT4     Z        Out     1.193     3.565 f      -         
N_43                                          Net          -        -       -         -            4         
SH00.OS01.un1_oscout_0_sqmuxa_1_0_a4[0]       ORCALUT4     A        In      0.000     3.565 f      -         
SH00.OS01.un1_oscout_0_sqmuxa_1_0_a4[0]       ORCALUT4     Z        Out     1.193     4.758 f      -         
N_45                                          Net          -        -       -         -            4         
SH00.OS01.un1_oscout_0_sqmuxa_1_0_a6_3[0]     ORCALUT4     B        In      0.000     4.758 f      -         
SH00.OS01.un1_oscout_0_sqmuxa_1_0_a6_3[0]     ORCALUT4     Z        Out     1.017     5.775 f      -         
N_39                                          Net          -        -       -         -            1         
SH00.OS01.un1_oscout_0_sqmuxa_1_0[0]          ORCALUT4     A        In      0.000     5.775 f      -         
SH00.OS01.un1_oscout_0_sqmuxa_1_0[0]          ORCALUT4     Z        Out     1.017     6.792 f      -         
un1_oscout_0_sqmuxa_1_0[0]                    Net          -        -       -         -            1         
SH00.OS01.un2_sdiv_cry_0_0                    CCU2D        B0       In      0.000     6.792 f      -         
SH00.OS01.un2_sdiv_cry_0_0                    CCU2D        COUT     Out     1.544     8.336 r      -         
un2_sdiv_cry_0                                Net          -        -       -         -            1         
SH00.OS01.un2_sdiv_cry_1_0                    CCU2D        CIN      In      0.000     8.336 r      -         
SH00.OS01.un2_sdiv_cry_1_0                    CCU2D        COUT     Out     0.143     8.479 r      -         
un2_sdiv_cry_2                                Net          -        -       -         -            1         
SH00.OS01.un2_sdiv_cry_3_0                    CCU2D        CIN      In      0.000     8.479 r      -         
SH00.OS01.un2_sdiv_cry_3_0                    CCU2D        COUT     Out     0.143     8.622 r      -         
un2_sdiv_cry_4                                Net          -        -       -         -            1         
SH00.OS01.un2_sdiv_cry_5_0                    CCU2D        CIN      In      0.000     8.622 r      -         
SH00.OS01.un2_sdiv_cry_5_0                    CCU2D        COUT     Out     0.143     8.765 r      -         
un2_sdiv_cry_6                                Net          -        -       -         -            1         
SH00.OS01.un2_sdiv_cry_7_0                    CCU2D        CIN      In      0.000     8.765 r      -         
SH00.OS01.un2_sdiv_cry_7_0                    CCU2D        COUT     Out     0.143     8.908 r      -         
un2_sdiv_cry_8                                Net          -        -       -         -            1         
SH00.OS01.un2_sdiv_cry_9_0                    CCU2D        CIN      In      0.000     8.908 r      -         
SH00.OS01.un2_sdiv_cry_9_0                    CCU2D        COUT     Out     0.143     9.050 r      -         
un2_sdiv_cry_10                               Net          -        -       -         -            1         
SH00.OS01.un2_sdiv_cry_11_0                   CCU2D        CIN      In      0.000     9.050 r      -         
SH00.OS01.un2_sdiv_cry_11_0                   CCU2D        COUT     Out     0.143     9.193 r      -         
un2_sdiv_cry_12                               Net          -        -       -         -            1         
SH00.OS01.un2_sdiv_cry_13_0                   CCU2D        CIN      In      0.000     9.193 r      -         
SH00.OS01.un2_sdiv_cry_13_0                   CCU2D        COUT     Out     0.143     9.336 r      -         
un2_sdiv_cry_14                               Net          -        -       -         -            1         
SH00.OS01.un2_sdiv_cry_15_0                   CCU2D        CIN      In      0.000     9.336 r      -         
SH00.OS01.un2_sdiv_cry_15_0                   CCU2D        COUT     Out     0.143     9.479 r      -         
un2_sdiv_cry_16                               Net          -        -       -         -            1         
SH00.OS01.un2_sdiv_cry_17_0                   CCU2D        CIN      In      0.000     9.479 r      -         
SH00.OS01.un2_sdiv_cry_17_0                   CCU2D        COUT     Out     0.143     9.621 r      -         
un2_sdiv_cry_18                               Net          -        -       -         -            1         
SH00.OS01.un2_sdiv_cry_19_0                   CCU2D        CIN      In      0.000     9.621 r      -         
SH00.OS01.un2_sdiv_cry_19_0                   CCU2D        COUT     Out     0.143     9.764 r      -         
un2_sdiv_cry_20                               Net          -        -       -         -            1         
SH00.OS01.un2_sdiv_s_21_0                     CCU2D        CIN      In      0.000     9.764 r      -         
SH00.OS01.un2_sdiv_s_21_0                     CCU2D        S0       Out     1.549     11.313 r     -         
un2_sdiv[21]                                  Net          -        -       -         -            1         
SH00.OS01.sdiv[21]                            FD1S3IX      D        In      0.000     11.313 r     -         
=============================================================================================================



##### END OF TIMING REPORT #####]

Timing exceptions that could not be applied

Finished final timing analysis (Real Time elapsed 0h:00m:02s; CPU Time elapsed 0h:00m:01s; Memory used current: 184MB peak: 184MB)


Finished timing report (Real Time elapsed 0h:00m:02s; CPU Time elapsed 0h:00m:01s; Memory used current: 184MB peak: 184MB)

---------------------------------------
Resource Usage Report
Part: lcmxo2_7000he-5

Register bits: 39 of 6864 (1%)
PIC Latch:       0
I/O cells:       26


Details:
CCU2D:          12
FD1P3AX:        8
FD1S3AX:        1
FD1S3IX:        22
GSR:            1
IB:             17
OB:             9
OFS1P3DX:       8
ORCALUT4:       51
OSCH:           1
PFUMX:          2
PUR:            1
VHI:            3
VLO:            4
Mapper successful!

At Mapper Exit (Real Time elapsed 0h:00m:02s; CPU Time elapsed 0h:00m:01s; Memory used current: 65MB peak: 184MB)

Process took 0h:00m:02s realtime, 0h:00m:01s cputime
# Sat Nov 12 18:40:35 2022

###########################################################]


Synthesis exit by 0.

edif2ngd  -l "MachXO2" -d LCMXO2-7000HE -path "C:/Users/sando_m929gqi/Desktop/ESCOM/7moSemestre/ArquitecturaDeComputadoras/PrimerParcial/Practicas/10-shiftRL00/shiftRL0" -path "C:/Users/sando_m929gqi/Desktop/ESCOM/7moSemestre/ArquitecturaDeComputadoras/PrimerParcial/Practicas/10-shiftRL00"   "C:/Users/sando_m929gqi/Desktop/ESCOM/7moSemestre/ArquitecturaDeComputadoras/PrimerParcial/Practicas/10-shiftRL00/shiftRL0/shiftRL00_shiftRL0.edi" "shiftRL00_shiftRL0.ngo"   
edif2ngd:  version Diamond (64-bit) 3.12.0.240.2

Copyright (c) 1991-1994 by NeoCAD Inc. All rights reserved.
Copyright (c) 1995 AT&T Corp.   All rights reserved.
Copyright (c) 1995-2001 Lucent Technologies Inc.  All rights reserved.
Copyright (c) 2001 Agere Systems   All rights reserved.
Copyright (c) 2002-2020 Lattice Semiconductor Corporation,  All rights reserved.
Writing the design to shiftRL00_shiftRL0.ngo...

Total CPU Time: 0 secs  
Total REAL Time: 0 secs  
Peak Memory Usage: 11 MB


ngdbuild  -a "MachXO2" -d LCMXO2-7000HE  -p "C:/lscc/diamond/3.12/ispfpga/xo2c00/data"  -p "C:/Users/sando_m929gqi/Desktop/ESCOM/7moSemestre/ArquitecturaDeComputadoras/PrimerParcial/Practicas/10-shiftRL00/shiftRL0" -p "C:/Users/sando_m929gqi/Desktop/ESCOM/7moSemestre/ArquitecturaDeComputadoras/PrimerParcial/Practicas/10-shiftRL00"  "shiftRL00_shiftRL0.ngo" "shiftRL00_shiftRL0.ngd"  	
ngdbuild:  version Diamond (64-bit) 3.12.0.240.2

Copyright (c) 1991-1994 by NeoCAD Inc. All rights reserved.
Copyright (c) 1995 AT&T Corp.   All rights reserved.
Copyright (c) 1995-2001 Lucent Technologies Inc.  All rights reserved.
Copyright (c) 2001 Agere Systems   All rights reserved.
Copyright (c) 2002-2020 Lattice Semiconductor Corporation,  All rights reserved.
Reading 'shiftRL00_shiftRL0.ngo' ...
Loading NGL library 'C:/lscc/diamond/3.12/ispfpga/xo2c00a/data/xo2alib.ngl'...
Loading NGL library 'C:/lscc/diamond/3.12/ispfpga/xo2c00/data/xo2clib.ngl'...
Loading NGL library 'C:/lscc/diamond/3.12/ispfpga/mg5g00/data/mg5glib.ngl'...
Loading NGL library 'C:/lscc/diamond/3.12/ispfpga/or5g00/data/orc5glib.ngl'...


Running DRC...

    <postMsg mid="1166052" type="Warning" dynamic="2" navigation="1" arg0="logical" arg1="SH00/OS00/OSCInst0_SEDSTDBY" arg2="SH00/OS00/OSCInst0_SEDSTDBY"  />
    <postMsg mid="1163101" type="Warning" dynamic="1" navigation="0" arg0="1"  />

Design Results:
    139 blocks expanded
Complete the first expansion.
Writing 'shiftRL00_shiftRL0.ngd' ...
Total CPU Time: 0 secs 
Total REAL Time: 0 secs 
Peak Memory Usage: 18 MB


map -a "MachXO2" -p LCMXO2-7000HE -t TQFP144 -s 5 -oc Commercial   "shiftRL00_shiftRL0.ngd" -o "shiftRL00_shiftRL0_map.ncd" -pr "shiftRL00_shiftRL0.prf" -mp "shiftRL00_shiftRL0.mrp" -lpf "C:/Users/sando_m929gqi/Desktop/ESCOM/7moSemestre/ArquitecturaDeComputadoras/PrimerParcial/Practicas/10-shiftRL00/shiftRL0/shiftRL00_shiftRL0_synplify.lpf" -lpf "C:/Users/sando_m929gqi/Desktop/ESCOM/7moSemestre/ArquitecturaDeComputadoras/PrimerParcial/Practicas/10-shiftRL00/shiftRL00.lpf"  -c 0           
map:  version Diamond (64-bit) 3.12.0.240.2

Copyright (c) 1991-1994 by NeoCAD Inc. All rights reserved.
Copyright (c) 1995 AT&T Corp.   All rights reserved.
Copyright (c) 1995-2001 Lucent Technologies Inc.  All rights reserved.
Copyright (c) 2001 Agere Systems   All rights reserved.
Copyright (c) 2002-2020 Lattice Semiconductor Corporation,  All rights reserved.
   Process the file: shiftRL00_shiftRL0.ngd
   Picdevice="LCMXO2-7000HE"

   Pictype="TQFP144"

   Picspeed=5

   Remove unused logic

   Do not produce over sized NCDs.

Part used: LCMXO2-7000HETQFP144, Performance used: 5.

Loading device for application map from file 'xo2c7000.nph' in environment: C:/lscc/diamond/3.12/ispfpga.
Package Status:                     Final          Version 1.39.

Running general design DRC...

Removing unused logic...

Optimizing...




Design Summary:
   Number of registers:     39 out of  7209 (1%)
      PFU registers:           31 out of  6864 (0%)
      PIO registers:            8 out of   345 (2%)
   Number of SLICEs:        38 out of  3432 (1%)
      SLICEs as Logic/ROM:     38 out of  3432 (1%)
      SLICEs as RAM:            0 out of  2574 (0%)
      SLICEs as Carry:         12 out of  3432 (0%)
   Number of LUT4s:         75 out of  6864 (1%)
      Number used as logic LUTs:         51
      Number used as distributed RAM:     0
      Number used as ripple logic:       24
      Number used as shift registers:     0
   Number of PIO sites used: 26 + 4(JTAG) out of 115 (26%)
   Number of block RAMs:  0 out of 26 (0%)
   Number of GSRs:        0 out of 1 (0%)
   EFB used :        No
   JTAG used :       No
   Readback used :   No
   Oscillator used : Yes
   Startup used :    No
   POR :             On
   Bandgap :         On
   Number of Power Controller:  0 out of 1 (0%)
   Number of Dynamic Bank Controller (BCINRD):  0 out of 6 (0%)
   Number of Dynamic Bank Controller (BCLVDSO):  0 out of 1 (0%)
   Number of DCCA:  0 out of 8 (0%)
   Number of DCMA:  0 out of 2 (0%)
   Number of PLLs:  0 out of 2 (0%)
   Number of DQSDLLs:  0 out of 2 (0%)
   Number of CLKDIVC:  0 out of 4 (0%)
   Number of ECLKSYNCA:  0 out of 4 (0%)
   Number of ECLKBRIDGECS:  0 out of 2 (0%)
   Notes:-
      1. Total number of LUT4s = (Number of logic LUT4s) + 2*(Number of distributed RAMs) + 2*(Number of ripple logic)
      2. Number of logic LUT4s does not include count of distributed RAM and ripple logic.
   Number of clocks:  2
     Net clk0_c: 13 loads, 13 rising, 0 falling (Driver: SH00/OS01/oscout )
     Net SH00/sclk: 13 loads, 13 rising, 0 falling (Driver: SH00/OS00/OSCInst0 )
   Number of Clock Enables:  1
     Net SH01.pshift.sshift26_i: 13 loads, 5 LSLICEs
   Number of LSRs:  1
     Net SH00/OS01/N_4_i: 12 loads, 12 LSLICEs
   Number of nets driven by tri-state buffers:  0
   Top 10 highest fanout non-clock nets:
     Net SH00/OS01/N_4_i: 13 loads
     Net SH01.pshift.sshift26_i: 13 loads
     Net cdiv0_c[3]: 10 loads
     Net en0_c[0]: 10 loads
     Net cdiv0_c[1]: 9 loads
     Net cdiv0_c[2]: 9 loads
     Net SH01/sshift_10_sn_N_4: 8 loads
     Net cdiv0_c[0]: 7 loads
     Net cdiv0_c[5]: 7 loads
     Net cdiv0_c[4]: 6 loads
 

   Number of warnings:  0
   Number of errors:    0



Total CPU Time: 0 secs  
Total REAL Time: 0 secs  
Peak Memory Usage: 58 MB

Dumping design to file shiftRL00_shiftRL0_map.ncd.

mpartrce -p "shiftRL00_shiftRL0.p2t" -f "shiftRL00_shiftRL0.p3t" -tf "shiftRL00_shiftRL0.pt" "shiftRL00_shiftRL0_map.ncd" "shiftRL00_shiftRL0.ncd"

---- MParTrce Tool ----
Removing old design directory at request of -rem command line option to this program.
Running par. Please wait . . .

Lattice Place and Route Report for Design "shiftRL00_shiftRL0_map.ncd"
Sat Nov 12 18:40:38 2022

PAR: Place And Route Diamond (64-bit) 3.12.0.240.2.
Command Line: par -w -l 5 -i 6 -t 1 -c 0 -e 0 -gui -msgset C:/Users/sando_m929gqi/Desktop/ESCOM/7moSemestre/ArquitecturaDeComputadoras/PrimerParcial/Practicas/10-shiftRL00/promote.xml -exp parUseNBR=1:parCDP=0:parCDR=0:parPathBased=OFF:parASE=1 shiftRL00_shiftRL0_map.ncd shiftRL00_shiftRL0.dir/5_1.ncd shiftRL00_shiftRL0.prf
Preference file: shiftRL00_shiftRL0.prf.
Placement level-cost: 5-1.
Routing Iterations: 6

Loading design for application par from file shiftRL00_shiftRL0_map.ncd.
Design name: shiftRL00
NCD version: 3.3
Vendor:      LATTICE
Device:      LCMXO2-7000HE
Package:     TQFP144
Performance: 5
Loading device for application par from file 'xo2c7000.nph' in environment: C:/lscc/diamond/3.12/ispfpga.
Package Status:                     Final          Version 1.39.
Performance Hardware Data Status:   Final          Version 34.4.
License checked out.


Ignore Preference Error(s):  True
Device utilization summary:

   PIO (prelim)   26+4(JTAG)/336     9% used
                  26+4(JTAG)/115     26% bonded
   IOLOGIC            8/336           2% used

   SLICE             38/3432          1% used

   OSC                1/1           100% used


Number of Signals: 139
Number of Connections: 304

Pin Constraint Summary:
   26 out of 26 pins locked (100% locked).

The following 2 signals are selected to use the primary clock routing resources:
    clk0_c (driver: SH00/OS01/SLICE_17, clk load #: 13)
    SH00/sclk (driver: SH00/OS00/OSCInst0, clk load #: 13)


The following 2 signals are selected to use the secondary clock routing resources:
    SH01.pshift.sshift26_i (driver: SH01/SLICE_32, clk load #: 0, sr load #: 0, ce load #: 13)
    SH00/OS01/N_4_i (driver: SH00/OS01/SLICE_19, clk load #: 0, sr load #: 12, ce load #: 0)

No signal is selected as Global Set/Reset.
Starting Placer Phase 0.

Finished Placer Phase 0.  REAL time: 0 secs 

Starting Placer Phase 1.
...................
Placer score = 28409.
Finished Placer Phase 1.  REAL time: 3 secs 

Starting Placer Phase 2.
.
Placer score =  28294
Finished Placer Phase 2.  REAL time: 3 secs 


------------------ Clock Report ------------------

Global Clock Resources:
  CLK_PIN    : 0 out of 8 (0%)
  PLL        : 0 out of 2 (0%)
  DCM        : 0 out of 2 (0%)
  DCC        : 0 out of 8 (0%)

Global Clocks:
  PRIMARY "clk0_c" from Q0 on comp "SH00/OS01/SLICE_17" on site "R2C19C", clk load = 13
  PRIMARY "SH00/sclk" from OSC on comp "SH00/OS00/OSCInst0" on site "OSC", clk load = 13
  SECONDARY "SH01.pshift.sshift26_i" from F0 on comp "SH01/SLICE_32" on site "R14C20A", clk load = 0, ce load = 13, sr load = 0
  SECONDARY "SH00/OS01/N_4_i" from F0 on comp "SH00/OS01/SLICE_19" on site "R21C20C", clk load = 0, ce load = 0, sr load = 12

  PRIMARY  : 2 out of 8 (25%)
  SECONDARY: 2 out of 8 (25%)

Edge Clocks:
  No edge clock selected.

--------------- End of Clock Report ---------------


I/O Usage Summary (final):
   26 + 4(JTAG) out of 336 (8.9%) PIO sites used.
   26 + 4(JTAG) out of 115 (26.1%) bonded PIO sites used.
   Number of PIO comps: 26; differential: 0.
   Number of Vref pins used: 0.

I/O Bank Usage Summary:
+----------+----------------+------------+-----------+
| I/O Bank | Usage          | Bank Vccio | Bank Vref |
+----------+----------------+------------+-----------+
| 0        | 7 / 28 ( 25%)  | 2.5V       | -         |
| 1        | 3 / 29 ( 10%)  | 2.5V       | -         |
| 2        | 14 / 29 ( 48%) | 2.5V       | -         |
| 3        | 2 / 9 ( 22%)   | 2.5V       | -         |
| 4        | 0 / 10 (  0%)  | -          | -         |
| 5        | 0 / 10 (  0%)  | -          | -         |
+----------+----------------+------------+-----------+

Total placer CPU time: 1 secs 

Dumping design to file shiftRL00_shiftRL0.dir/5_1.ncd.

0 connections routed; 304 unrouted.
Starting router resource preassignment

Completed router resource preassignment. Real time: 5 secs 

Start NBR router at 18:40:43 11/12/22

*****************************************************************
Info: NBR allows conflicts(one node used by more than one signal)
      in the earlier iterations. In each iteration, it tries to  
      solve the conflicts while keeping the critical connections 
      routed as short as possible. The routing process is said to
      be completed when no conflicts exist and all connections   
      are routed.                                                
Note: NBR uses a different method to calculate timing slacks. The
      worst slack and total negative slack may not be the same as
      that in TRCE report. You should always run TRCE to verify  
      your design.                                               
*****************************************************************

Start NBR special constraint process at 18:40:43 11/12/22

Start NBR section for initial routing at 18:40:43 11/12/22
Level 4, iteration 1
2(0.00%) conflicts; 0(0.00%) untouched conn; 0 (nbr) score; 
Estimated worst slack/total negative slack<setup>: 468.978ns/0.000ns; real time: 5 secs 

Info: Initial congestion level at 75% usage is 0
Info: Initial congestion area  at 75% usage is 0 (0.00%)

Start NBR section for normal routing at 18:40:43 11/12/22
Level 4, iteration 1
0(0.00%) conflict; 0(0.00%) untouched conn; 0 (nbr) score; 
Estimated worst slack/total negative slack<setup>: 468.978ns/0.000ns; real time: 5 secs 

Start NBR section for setup/hold timing optimization with effort level 3 at 18:40:43 11/12/22

Start NBR section for re-routing at 18:40:43 11/12/22
Level 4, iteration 1
0(0.00%) conflict; 0(0.00%) untouched conn; 0 (nbr) score; 
Estimated worst slack/total negative slack<setup>: 468.978ns/0.000ns; real time: 5 secs 

Start NBR section for post-routing at 18:40:43 11/12/22

End NBR router with 0 unrouted connection

NBR Summary
-----------
  Number of unrouted connections : 0 (0.00%)
  Number of connections with timing violations : 0 (0.00%)
  Estimated worst slack<setup> : 468.978ns
  Timing score<setup> : 0
-----------
Notes: The timing info is calculated for SETUP only and all PAR_ADJs are ignored.



Total CPU time 2 secs 
Total REAL time: 5 secs 
Completely routed.
End of route.  304 routed (100.00%); 0 unrouted.

Hold time timing score: 0, hold timing errors: 0

Timing score: 0 

Dumping design to file shiftRL00_shiftRL0.dir/5_1.ncd.


PAR_SUMMARY::Run status = Completed
PAR_SUMMARY::Number of unrouted conns = 0
PAR_SUMMARY::Worst  slack<setup/<ns>> = 468.978
PAR_SUMMARY::Timing score<setup/<ns>> = 0.000
PAR_SUMMARY::Worst  slack<hold /<ns>> = 0.377
PAR_SUMMARY::Timing score<hold /<ns>> = 0.000
PAR_SUMMARY::Number of errors = 0

Total CPU  time to completion: 2 secs 
Total REAL time to completion: 5 secs 

par done!

Note: user must run 'Trace' for timing closure signoff.

Copyright (c) 1991-1994 by NeoCAD Inc. All rights reserved.
Copyright (c) 1995 AT&T Corp.   All rights reserved.
Copyright (c) 1995-2001 Lucent Technologies Inc.  All rights reserved.
Copyright (c) 2001 Agere Systems   All rights reserved.
Copyright (c) 2002-2020 Lattice Semiconductor Corporation,  All rights reserved.
Exiting par with exit code 0
Exiting mpartrce with exit code 0

trce -f "shiftRL00_shiftRL0.pt" -o "shiftRL00_shiftRL0.twr" "shiftRL00_shiftRL0.ncd" "shiftRL00_shiftRL0.prf"
trce:  version Diamond (64-bit) 3.12.0.240.2

Copyright (c) 1991-1994 by NeoCAD Inc. All rights reserved.
Copyright (c) 1995 AT&T Corp.   All rights reserved.
Copyright (c) 1995-2001 Lucent Technologies Inc.  All rights reserved.
Copyright (c) 2001 Agere Systems   All rights reserved.
Copyright (c) 2002-2020 Lattice Semiconductor Corporation,  All rights reserved.

Loading design for application trce from file shiftrl00_shiftrl0.ncd.
Design name: shiftRL00
NCD version: 3.3
Vendor:      LATTICE
Device:      LCMXO2-7000HE
Package:     TQFP144
Performance: 5
Loading device for application trce from file 'xo2c7000.nph' in environment: C:/lscc/diamond/3.12/ispfpga.
Package Status:                     Final          Version 1.39.
Performance Hardware Data Status:   Final          Version 34.4.
Setup and Hold Report

--------------------------------------------------------------------------------
Lattice TRACE Report - Setup, Version Diamond (64-bit) 3.12.0.240.2
Sat Nov 12 18:40:44 2022

Copyright (c) 1991-1994 by NeoCAD Inc. All rights reserved.
Copyright (c) 1995 AT&T Corp.   All rights reserved.
Copyright (c) 1995-2001 Lucent Technologies Inc.  All rights reserved.
Copyright (c) 2001 Agere Systems   All rights reserved.
Copyright (c) 2002-2020 Lattice Semiconductor Corporation,  All rights reserved.

Report Information
------------------
Command line:    trce -v 10 -gt -sethld -sp 5 -sphld m -o shiftRL00_shiftRL0.twr -gui -msgset C:/Users/sando_m929gqi/Desktop/ESCOM/7moSemestre/ArquitecturaDeComputadoras/PrimerParcial/Practicas/10-shiftRL00/promote.xml shiftRL00_shiftRL0.ncd shiftRL00_shiftRL0.prf 
Design file:     shiftrl00_shiftrl0.ncd
Preference file: shiftrl00_shiftrl0.prf
Device,speed:    LCMXO2-7000HE,5
Report level:    verbose report, limited to 10 items per preference
--------------------------------------------------------------------------------

BLOCK ASYNCPATHS
BLOCK RESETPATHS
--------------------------------------------------------------------------------



Timing summary (Setup):
---------------

Timing errors: 0  Score: 0
Cumulative negative slack: 0

Constraints cover 1478 paths, 1 nets, and 190 connections (62.50% coverage)

--------------------------------------------------------------------------------
Lattice TRACE Report - Hold, Version Diamond (64-bit) 3.12.0.240.2
Sat Nov 12 18:40:44 2022

Copyright (c) 1991-1994 by NeoCAD Inc. All rights reserved.
Copyright (c) 1995 AT&T Corp.   All rights reserved.
Copyright (c) 1995-2001 Lucent Technologies Inc.  All rights reserved.
Copyright (c) 2001 Agere Systems   All rights reserved.
Copyright (c) 2002-2020 Lattice Semiconductor Corporation,  All rights reserved.

Report Information
------------------
Command line:    trce -v 10 -gt -sethld -sp 5 -sphld m -o shiftRL00_shiftRL0.twr -gui -msgset C:/Users/sando_m929gqi/Desktop/ESCOM/7moSemestre/ArquitecturaDeComputadoras/PrimerParcial/Practicas/10-shiftRL00/promote.xml shiftRL00_shiftRL0.ncd shiftRL00_shiftRL0.prf 
Design file:     shiftrl00_shiftrl0.ncd
Preference file: shiftrl00_shiftrl0.prf
Device,speed:    LCMXO2-7000HE,m
Report level:    verbose report, limited to 10 items per preference
--------------------------------------------------------------------------------

BLOCK ASYNCPATHS
BLOCK RESETPATHS
--------------------------------------------------------------------------------



Timing summary (Hold):
---------------

Timing errors: 0  Score: 0
Cumulative negative slack: 0

Constraints cover 1478 paths, 1 nets, and 190 connections (62.50% coverage)



Timing summary (Setup and Hold):
---------------

Timing errors: 0 (setup), 0 (hold)
Score: 0 (setup), 0 (hold)
Cumulative negative slack: 0 (0+0)
--------------------------------------------------------------------------------

--------------------------------------------------------------------------------

Total CPU Time: 0 secs 
Total REAL Time: 0 secs 
Peak Memory Usage: 66 MB


tmcheck -par "shiftRL00_shiftRL0.par" 

bitgen -f "shiftRL00_shiftRL0.t2b" -w "shiftRL00_shiftRL0.ncd"  -jedec "shiftRL00_shiftRL0.prf"


BITGEN: Bitstream Generator Diamond (64-bit) 3.12.0.240.2
Copyright (c) 1991-1994 by NeoCAD Inc. All rights reserved.
Copyright (c) 1995 AT&T Corp.   All rights reserved.
Copyright (c) 1995-2001 Lucent Technologies Inc.  All rights reserved.
Copyright (c) 2001 Agere Systems   All rights reserved.
Copyright (c) 2002-2020 Lattice Semiconductor Corporation,  All rights reserved.


Loading design for application Bitgen from file shiftRL00_shiftRL0.ncd.
Design name: shiftRL00
NCD version: 3.3
Vendor:      LATTICE
Device:      LCMXO2-7000HE
Package:     TQFP144
Performance: 5
Loading device for application Bitgen from file 'xo2c7000.nph' in environment: C:/lscc/diamond/3.12/ispfpga.
Package Status:                     Final          Version 1.39.
Performance Hardware Data Status:   Final          Version 34.4.

Running DRC.
DRC detected 0 errors and 0 warnings.
Reading Preference File from shiftRL00_shiftRL0.prf.

Preference Summary:
+---------------------------------+---------------------------------+
|  Preference                     |  Current Setting                |
+---------------------------------+---------------------------------+
|                         RamCfg  |                        Reset**  |
+---------------------------------+---------------------------------+
|                     MCCLK_FREQ  |                         2.08**  |
+---------------------------------+---------------------------------+
|                  CONFIG_SECURE  |                          OFF**  |
+---------------------------------+---------------------------------+
|                          INBUF  |                           ON**  |
+---------------------------------+---------------------------------+
|                      JTAG_PORT  |                       ENABLE**  |
+---------------------------------+---------------------------------+
|                       SDM_PORT  |                      DISABLE**  |
+---------------------------------+---------------------------------+
|                 SLAVE_SPI_PORT  |                      DISABLE**  |
+---------------------------------+---------------------------------+
|                MASTER_SPI_PORT  |                      DISABLE**  |
+---------------------------------+---------------------------------+
|                       I2C_PORT  |                      DISABLE**  |
+---------------------------------+---------------------------------+
|        MUX_CONFIGURATION_PORTS  |                      DISABLE**  |
+---------------------------------+---------------------------------+
|                  CONFIGURATION  |                          CFG**  |
+---------------------------------+---------------------------------+
|                COMPRESS_CONFIG  |                           ON**  |
+---------------------------------+---------------------------------+
|                        MY_ASSP  |                          OFF**  |
+---------------------------------+---------------------------------+
|               ONE_TIME_PROGRAM  |                          OFF**  |
+---------------------------------+---------------------------------+
|                 ENABLE_TRANSFR  |                      DISABLE**  |
+---------------------------------+---------------------------------+
|                  SHAREDEBRINIT  |                      DISABLE**  |
+---------------------------------+---------------------------------+
|            BACKGROUND_RECONFIG  |                          OFF**  |
+---------------------------------+---------------------------------+
 *  Default setting.
 ** The specified setting matches the default setting.


Creating bit map...
 
Bitstream Status: Final           Version 1.95.
 
Saving bit stream in "shiftRL00_shiftRL0.jed".
 
===========
UFM Summary.
===========
UFM Size:        2046 Pages (128*2046 Bits).
UFM Utilization: General Purpose Flash Memory.
 
Available General Purpose Flash Memory: 2046 Pages (Page 0 to Page 2045).
Initialized UFM Pages:                     0 Page.
 
Total CPU Time: 1 secs 
Total REAL Time: 3 secs 
Peak Memory Usage: 290 MB
