
synpwrap -msg -prj "barrelSRL00_barrelSRL0_synplify.tcl" -log "barrelSRL00_barrelSRL0.srf"
Copyright (C) 1992-2020 Lattice Semiconductor Corporation. All rights reserved.
Lattice Diamond Version 3.12.0.240.2
    <postMsg mid="2011000" type="Info"    dynamic="0" navigation="0"  />

==contents of barrelSRL00_barrelSRL0.srf
#Build: Synplify Pro (R) Q-2020.03L-SP1, Build 182R, Oct 29 2020
#install: C:\lscc\diamond\3.12\synpbase
#OS: Windows 8 6.2
#Hostname: ASUSISAAC

# Sat Nov 12 19:02:57 2022

#Implementation: barrelSRL0


Copyright (C) 1994-2020 Synopsys, Inc.
This Synopsys software and all associated documentation are proprietary to Synopsys, Inc.
and may only be used pursuant to the terms and conditions of a written license agreement
with Synopsys, Inc. All other use, reproduction, modification, or distribution of the
Synopsys software or the associated documentation is strictly prohibited.
Tool: Synplify Pro (R)
Build: Q-2020.03L-SP1
Install: C:\lscc\diamond\3.12\synpbase
OS: Windows 6.2

Hostname: ASUSISAAC

Implementation : barrelSRL0
Synopsys HDL Compiler, Version comp202003synp2, Build 182R, Built Oct 29 2020 10:49:53, @

@N|Running in 64-bit mode
###########################################################[

Copyright (C) 1994-2020 Synopsys, Inc.
This Synopsys software and all associated documentation are proprietary to Synopsys, Inc.
and may only be used pursuant to the terms and conditions of a written license agreement
with Synopsys, Inc. All other use, reproduction, modification, or distribution of the
Synopsys software or the associated documentation is strictly prohibited.
Tool: Synplify Pro (R)
Build: Q-2020.03L-SP1
Install: C:\lscc\diamond\3.12\synpbase
OS: Windows 6.2

Hostname: ASUSISAAC

Implementation : barrelSRL0
Synopsys VHDL Compiler, Version comp202003synp2, Build 182R, Built Oct 29 2020 10:49:53, @

@N|Running in 64-bit mode
@N:"C:\Users\sando_m929gqi\Desktop\ESCOM\7moSemestre\ArquitecturaDeComputadoras\PrimerParcial\Practicas\11-barrelSRL00\barrelSRL00.vhdl":7:7:7:17|Top entity is set to barrelSRL00.
File C:\lscc\diamond\3.12\synpbase\lib\cpld\lattice.vhd changed - recompiling
File C:\Users\sando_m929gqi\Desktop\ESCOM\7moSemestre\ArquitecturaDeComputadoras\PrimerParcial\Practicas\09-os00-vhdl\div00.vhdl changed - recompiling
File C:\Users\sando_m929gqi\Desktop\ESCOM\7moSemestre\ArquitecturaDeComputadoras\PrimerParcial\Practicas\09-os00-vhdl\packageosc00.vhdl changed - recompiling
File C:\Users\sando_m929gqi\Desktop\ESCOM\7moSemestre\ArquitecturaDeComputadoras\PrimerParcial\Practicas\11-barrelSRL00\barrel00.vhdl changed - recompiling
File C:\Users\sando_m929gqi\Desktop\ESCOM\7moSemestre\ArquitecturaDeComputadoras\PrimerParcial\Practicas\11-barrelSRL00\packagebarrelSRL00.vhdl changed - recompiling
File C:\Users\sando_m929gqi\Desktop\ESCOM\7moSemestre\ArquitecturaDeComputadoras\PrimerParcial\Practicas\09-os00-vhdl\osc00.vhdl changed - recompiling
File C:\Users\sando_m929gqi\Desktop\ESCOM\7moSemestre\ArquitecturaDeComputadoras\PrimerParcial\Practicas\11-barrelSRL00\barrelSRL00.vhdl changed - recompiling
VHDL syntax check successful!
File C:\Users\sando_m929gqi\Desktop\ESCOM\7moSemestre\ArquitecturaDeComputadoras\PrimerParcial\Practicas\11-barrelSRL00\barrel00.vhdl changed - recompiling
File C:\Users\sando_m929gqi\Desktop\ESCOM\7moSemestre\ArquitecturaDeComputadoras\PrimerParcial\Practicas\11-barrelSRL00\packagebarrelSRL00.vhdl changed - recompiling
File C:\Users\sando_m929gqi\Desktop\ESCOM\7moSemestre\ArquitecturaDeComputadoras\PrimerParcial\Practicas\11-barrelSRL00\barrelSRL00.vhdl changed - recompiling
@N: CD630 :"C:\Users\sando_m929gqi\Desktop\ESCOM\7moSemestre\ArquitecturaDeComputadoras\PrimerParcial\Practicas\11-barrelSRL00\barrelSRL00.vhdl":7:7:7:17|Synthesizing work.barrelsrl00.barrelsrl0.
@N: CD630 :"C:\Users\sando_m929gqi\Desktop\ESCOM\7moSemestre\ArquitecturaDeComputadoras\PrimerParcial\Practicas\11-barrelSRL00\barrel00.vhdl":8:7:8:14|Synthesizing work.barrel00.barrel0.
Post processing for work.barrel00.barrel0
Running optimization stage 1 on barrel00 .......
@N: CD630 :"C:\Users\sando_m929gqi\Desktop\ESCOM\7moSemestre\ArquitecturaDeComputadoras\PrimerParcial\Practicas\09-os00-vhdl\osc00.vhdl":7:7:7:11|Synthesizing work.osc00.osc0.
@N: CD630 :"C:\Users\sando_m929gqi\Desktop\ESCOM\7moSemestre\ArquitecturaDeComputadoras\PrimerParcial\Practicas\09-os00-vhdl\div00.vhdl":8:7:8:11|Synthesizing work.div00.div0.
Post processing for work.div00.div0
Running optimization stage 1 on div00 .......
@N: CD630 :"C:\Users\sando_m929gqi\Desktop\ESCOM\7moSemestre\ArquitecturaDeComputadoras\PrimerParcial\Practicas\09-os00-vhdl\oscint00.vhdl":6:7:6:14|Synthesizing work.oscint00.oscint0.
@W: CD276 :"C:\lscc\diamond\3.12\cae_library\synthesis\vhdl\machxo2.vhd":2297:8:2297:15|Map for port sedstdby of component osch not found
@N: CD630 :"C:\lscc\diamond\3.12\cae_library\synthesis\vhdl\machxo2.vhd":2291:10:2291:13|Synthesizing work.osch.syn_black_box.
Post processing for work.osch.syn_black_box
Post processing for work.oscint00.oscint0
Running optimization stage 1 on oscint00 .......
Post processing for work.osc00.osc0
Running optimization stage 1 on osc00 .......
Post processing for work.barrelsrl00.barrelsrl0
Running optimization stage 1 on barrelSRL00 .......
Running optimization stage 2 on oscint00 .......
Running optimization stage 2 on div00 .......
Running optimization stage 2 on osc00 .......
Running optimization stage 2 on barrel00 .......
Running optimization stage 2 on barrelSRL00 .......

For a summary of runtime and memory usage per design unit, please see file:
==========================================================
@L: C:\Users\sando_m929gqi\Desktop\ESCOM\7moSemestre\ArquitecturaDeComputadoras\PrimerParcial\Practicas\11-barrelSRL00\barrelSRL0\synwork\layer0.rt.csv


At c_vhdl Exit (Real Time elapsed 0h:00m:00s; CPU Time elapsed 0h:00m:00s; Memory used current: 97MB peak: 102MB)

Process took 0h:00m:01s realtime, 0h:00m:01s cputime

Process completed successfully.
# Sat Nov 12 19:02:58 2022

###########################################################]
###########################################################[

Copyright (C) 1994-2020 Synopsys, Inc.
This Synopsys software and all associated documentation are proprietary to Synopsys, Inc.
and may only be used pursuant to the terms and conditions of a written license agreement
with Synopsys, Inc. All other use, reproduction, modification, or distribution of the
Synopsys software or the associated documentation is strictly prohibited.
Tool: Synplify Pro (R)
Build: Q-2020.03L-SP1
Install: C:\lscc\diamond\3.12\synpbase
OS: Windows 6.2

Hostname: ASUSISAAC

Implementation : barrelSRL0
Synopsys Synopsys Netlist Linker, Version comp202003synp2, Build 182R, Built Oct 29 2020 10:49:53, @

@N|Running in 64-bit mode
File C:\Users\sando_m929gqi\Desktop\ESCOM\7moSemestre\ArquitecturaDeComputadoras\PrimerParcial\Practicas\11-barrelSRL00\barrelSRL0\synwork\layer0.srs changed - recompiling

At syn_nfilter Exit (Real Time elapsed 0h:00m:00s; CPU Time elapsed 0h:00m:00s; Memory used current: 90MB peak: 91MB)

Process took 0h:00m:01s realtime, 0h:00m:01s cputime

Process completed successfully.
# Sat Nov 12 19:02:58 2022

###########################################################]

For a summary of runtime and memory usage for all design units, please see file:
==========================================================
@L: C:\Users\sando_m929gqi\Desktop\ESCOM\7moSemestre\ArquitecturaDeComputadoras\PrimerParcial\Practicas\11-barrelSRL00\barrelSRL0\synwork\barrelSRL00_barrelSRL0_comp.rt.csv

@END

At c_hdl Exit (Real Time elapsed 0h:00m:01s; CPU Time elapsed 0h:00m:00s; Memory used current: 23MB peak: 23MB)

Process took 0h:00m:01s realtime, 0h:00m:01s cputime

Process completed successfully.
# Sat Nov 12 19:02:58 2022

###########################################################]
###########################################################[

Copyright (C) 1994-2020 Synopsys, Inc.
This Synopsys software and all associated documentation are proprietary to Synopsys, Inc.
and may only be used pursuant to the terms and conditions of a written license agreement
with Synopsys, Inc. All other use, reproduction, modification, or distribution of the
Synopsys software or the associated documentation is strictly prohibited.
Tool: Synplify Pro (R)
Build: Q-2020.03L-SP1
Install: C:\lscc\diamond\3.12\synpbase
OS: Windows 6.2

Hostname: ASUSISAAC

Implementation : barrelSRL0
Synopsys Synopsys Netlist Linker, Version comp202003synp2, Build 182R, Built Oct 29 2020 10:49:53, @

@N|Running in 64-bit mode
File C:\Users\sando_m929gqi\Desktop\ESCOM\7moSemestre\ArquitecturaDeComputadoras\PrimerParcial\Practicas\11-barrelSRL00\barrelSRL0\synwork\barrelSRL00_barrelSRL0_comp.srs changed - recompiling

At syn_nfilter Exit (Real Time elapsed 0h:00m:00s; CPU Time elapsed 0h:00m:00s; Memory used current: 90MB peak: 91MB)

Process took 0h:00m:01s realtime, 0h:00m:01s cputime

Process completed successfully.
# Sat Nov 12 19:02:59 2022

###########################################################]
Premap Report

# Sat Nov 12 19:02:59 2022


Copyright (C) 1994-2020 Synopsys, Inc.
This Synopsys software and all associated documentation are proprietary to Synopsys, Inc.
and may only be used pursuant to the terms and conditions of a written license agreement
with Synopsys, Inc. All other use, reproduction, modification, or distribution of the
Synopsys software or the associated documentation is strictly prohibited.
Tool: Synplify Pro (R)
Build: Q-2020.03L-SP1
Install: C:\lscc\diamond\3.12\synpbase
OS: Windows 6.2

Hostname: ASUSISAAC

Implementation : barrelSRL0
Synopsys Lattice Technology Pre-mapping, Version map202003lat, Build 172R, Built Nov  2 2020 09:31:45, @


Mapper Startup Complete (Real Time elapsed 0h:00m:00s; CPU Time elapsed 0h:00m:00s; Memory used current: 117MB peak: 117MB)

@A: MF827 |No constraint file specified.
@L: C:\Users\sando_m929gqi\Desktop\ESCOM\7moSemestre\ArquitecturaDeComputadoras\PrimerParcial\Practicas\11-barrelSRL00\barrelSRL0\barrelSRL00_barrelSRL0_scck.rpt 
See clock summary report "C:\Users\sando_m929gqi\Desktop\ESCOM\7moSemestre\ArquitecturaDeComputadoras\PrimerParcial\Practicas\11-barrelSRL00\barrelSRL0\barrelSRL00_barrelSRL0_scck.rpt"
@N: MF916 |Option synthesis_strategy=base is enabled. 
@N: MF248 |Running in 64-bit mode.
@N: MF666 |Clock conversion enabled. (Command "set_option -fix_gated_and_generated_clocks 1" in the project file.)

Design Input Complete (Real Time elapsed 0h:00m:00s; CPU Time elapsed 0h:00m:00s; Memory used current: 125MB peak: 129MB)


Mapper Initialization Complete (Real Time elapsed 0h:00m:00s; CPU Time elapsed 0h:00m:00s; Memory used current: 125MB peak: 129MB)


Start loading timing files (Real Time elapsed 0h:00m:00s; CPU Time elapsed 0h:00m:00s; Memory used current: 138MB peak: 138MB)


Finished loading timing files (Real Time elapsed 0h:00m:00s; CPU Time elapsed 0h:00m:00s; Memory used current: 139MB peak: 140MB)


Starting clock optimization phase (Real Time elapsed 0h:00m:00s; CPU Time elapsed 0h:00m:00s; Memory used current: 170MB peak: 170MB)


Finished clock optimization phase (Real Time elapsed 0h:00m:00s; CPU Time elapsed 0h:00m:00s; Memory used current: 171MB peak: 171MB)


Starting clock optimization report phase (Real Time elapsed 0h:00m:00s; CPU Time elapsed 0h:00m:00s; Memory used current: 171MB peak: 171MB)


Finished clock optimization report phase (Real Time elapsed 0h:00m:00s; CPU Time elapsed 0h:00m:00s; Memory used current: 171MB peak: 171MB)

@N: FX1184 |Applying syn_allowed_resources blockrams=26 on top level netlist barrelSRL00 

Finished netlist restructuring (Real Time elapsed 0h:00m:00s; CPU Time elapsed 0h:00m:00s; Memory used current: 171MB peak: 171MB)



Clock Summary
******************

          Start                                Requested     Requested     Clock                                               Clock                   Clock
Level     Clock                                Frequency     Period        Type                                                Group                   Load 
------------------------------------------------------------------------------------------------------------------------------------------------------------
0 -       oscint00|osc_int0_inferred_clock     2.1 MHz       480.769       inferred                                            Inferred_clkgroup_0     23   
1 .         div00|oscout_derived_clock         2.1 MHz       480.769       derived (from oscint00|osc_int0_inferred_clock)     Inferred_clkgroup_0     12   
============================================================================================================================================================



Clock Load Summary
***********************

                                     Clock     Source                             Clock Pin                Non-clock Pin     Non-clock Pin
Clock                                Load      Pin                                Seq Example              Seq Example       Comb Example 
------------------------------------------------------------------------------------------------------------------------------------------
oscint00|osc_int0_inferred_clock     23        BSRL00.OS00.OSCInst0.OSC(OSCH)     BSRL00.OS01.oscout.C     -                 -            
div00|oscout_derived_clock           12        BSRL00.OS01.oscout.Q[0](dffe)      BSRL01.outs[7:0].C       -                 -            
==========================================================================================================================================

@W: MT529 :"c:\users\sando_m929gqi\desktop\escom\7mosemestre\arquitecturadecomputadoras\primerparcial\practicas\09-os00-vhdl\div00.vhdl":21:2:21:3|Found inferred clock oscint00|osc_int0_inferred_clock which controls 23 sequential elements including BSRL00.OS01.sdiv[21:0]. This clock has no specified timing constraint which may prevent conversion of gated or generated clocks and may adversely impact design performance. 

ICG Latch Removal Summary:
Number of ICG latches removed: 0
Number of ICG latches not removed:	0


@S |Clock Optimization Summary



#### START OF PREMAP CLOCK OPTIMIZATION REPORT #####[

1 non-gated/non-generated clock tree(s) driving 23 clock pin(s) of sequential element(s)
1 gated/generated clock tree(s) driving 12 clock pin(s) of sequential element(s)
0 instances converted, 12 sequential instances remain driven by gated/generated clocks

=================================== Non-Gated/Non-Generated Clocks ====================================
Clock Tree ID     Driving Element              Drive Element Type     Fanout     Sample Instance       
-------------------------------------------------------------------------------------------------------
@KP:ckid0_2       BSRL00.OS00.OSCInst0.OSC     OSCH                   23         BSRL00.OS01.sdiv[21:0]
=======================================================================================================
=================================================================== Gated/Generated Clocks ====================================================================
Clock Tree ID     Driving Element             Drive Element Type     Unconverted Fanout     Sample Instance          Explanation                               
---------------------------------------------------------------------------------------------------------------------------------------------------------------
@KP:ckid0_0       BSRL00.OS01.oscout.Q[0]     dffe                   12                     BSRL01.scontrol[3:0]     Derived clock on input (not legal for GCC)
===============================================================================================================================================================


##### END OF CLOCK OPTIMIZATION REPORT ######

@N: FX1143 |Skipping assigning INTERNAL_VREF to iobanks, because the table of mapping from pin to iobank is not initialized.
Finished Pre Mapping Phase.

Starting constraint checker (Real Time elapsed 0h:00m:01s; CPU Time elapsed 0h:00m:00s; Memory used current: 171MB peak: 171MB)


Finished constraint checker preprocessing (Real Time elapsed 0h:00m:01s; CPU Time elapsed 0h:00m:00s; Memory used current: 171MB peak: 172MB)


Finished constraint checker (Real Time elapsed 0h:00m:01s; CPU Time elapsed 0h:00m:00s; Memory used current: 172MB peak: 172MB)

Pre-mapping successful!

At Mapper Exit (Real Time elapsed 0h:00m:01s; CPU Time elapsed 0h:00m:00s; Memory used current: 92MB peak: 173MB)

Process took 0h:00m:01s realtime, 0h:00m:01s cputime
# Sat Nov 12 19:03:01 2022

###########################################################]
Map & Optimize Report

# Sat Nov 12 19:03:01 2022


Copyright (C) 1994-2020 Synopsys, Inc.
This Synopsys software and all associated documentation are proprietary to Synopsys, Inc.
and may only be used pursuant to the terms and conditions of a written license agreement
with Synopsys, Inc. All other use, reproduction, modification, or distribution of the
Synopsys software or the associated documentation is strictly prohibited.
Tool: Synplify Pro (R)
Build: Q-2020.03L-SP1
Install: C:\lscc\diamond\3.12\synpbase
OS: Windows 6.2

Hostname: ASUSISAAC

Implementation : barrelSRL0
Synopsys Lattice Technology Mapper, Version map202003lat, Build 172R, Built Nov  2 2020 09:31:45, @


Mapper Startup Complete (Real Time elapsed 0h:00m:00s; CPU Time elapsed 0h:00m:00s; Memory used current: 118MB peak: 118MB)

@N: MF916 |Option synthesis_strategy=base is enabled. 
@N: MF248 |Running in 64-bit mode.
@N: MF666 |Clock conversion enabled. (Command "set_option -fix_gated_and_generated_clocks 1" in the project file.)

Design Input Complete (Real Time elapsed 0h:00m:00s; CPU Time elapsed 0h:00m:00s; Memory used current: 121MB peak: 129MB)


Mapper Initialization Complete (Real Time elapsed 0h:00m:00s; CPU Time elapsed 0h:00m:00s; Memory used current: 121MB peak: 129MB)


Start loading timing files (Real Time elapsed 0h:00m:00s; CPU Time elapsed 0h:00m:00s; Memory used current: 134MB peak: 134MB)


Finished loading timing files (Real Time elapsed 0h:00m:00s; CPU Time elapsed 0h:00m:00s; Memory used current: 135MB peak: 137MB)



Starting Optimization and Mapping (Real Time elapsed 0h:00m:00s; CPU Time elapsed 0h:00m:00s; Memory used current: 168MB peak: 168MB)


Available hyper_sources - for debug and ip models
	None Found


Finished RTL optimizations (Real Time elapsed 0h:00m:00s; CPU Time elapsed 0h:00m:00s; Memory used current: 172MB peak: 172MB)


Starting factoring (Real Time elapsed 0h:00m:00s; CPU Time elapsed 0h:00m:00s; Memory used current: 173MB peak: 173MB)


Finished factoring (Real Time elapsed 0h:00m:00s; CPU Time elapsed 0h:00m:00s; Memory used current: 173MB peak: 173MB)


Finished generic timing optimizations - Pass 1 (Real Time elapsed 0h:00m:00s; CPU Time elapsed 0h:00m:00s; Memory used current: 174MB peak: 174MB)


Starting Early Timing Optimization (Real Time elapsed 0h:00m:00s; CPU Time elapsed 0h:00m:00s; Memory used current: 175MB peak: 175MB)


Finished Early Timing Optimization (Real Time elapsed 0h:00m:00s; CPU Time elapsed 0h:00m:00s; Memory used current: 175MB peak: 175MB)


Finished generic timing optimizations - Pass 2 (Real Time elapsed 0h:00m:00s; CPU Time elapsed 0h:00m:00s; Memory used current: 175MB peak: 175MB)


Finished preparing to map (Real Time elapsed 0h:00m:01s; CPU Time elapsed 0h:00m:00s; Memory used current: 175MB peak: 175MB)


Finished technology mapping (Real Time elapsed 0h:00m:01s; CPU Time elapsed 0h:00m:00s; Memory used current: 179MB peak: 179MB)

Pass		 CPU time		Worst Slack		Luts / Registers
------------------------------------------------------------
   1		0h:00m:00s		   469.26ns		  56 /        35

Finished technology timing optimizations and critical path resynthesis (Real Time elapsed 0h:00m:01s; CPU Time elapsed 0h:00m:00s; Memory used current: 179MB peak: 179MB)

@N: FX164 |The option to pack registers in the IOB has not been specified. Please set syn_useioff attribute.  

Finished restoring hierarchy (Real Time elapsed 0h:00m:01s; CPU Time elapsed 0h:00m:00s; Memory used current: 179MB peak: 180MB)


Start Writing Netlists (Real Time elapsed 0h:00m:01s; CPU Time elapsed 0h:00m:00s; Memory used current: 142MB peak: 180MB)

Writing Analyst data base C:\Users\sando_m929gqi\Desktop\ESCOM\7moSemestre\ArquitecturaDeComputadoras\PrimerParcial\Practicas\11-barrelSRL00\barrelSRL0\synwork\barrelSRL00_barrelSRL0_m.srm

Finished Writing Netlist Databases (Real Time elapsed 0h:00m:01s; CPU Time elapsed 0h:00m:00s; Memory used current: 179MB peak: 180MB)

Writing EDIF Netlist and constraint files
@N: FX1056 |Writing EDF file: C:\Users\sando_m929gqi\Desktop\ESCOM\7moSemestre\ArquitecturaDeComputadoras\PrimerParcial\Practicas\11-barrelSRL00\barrelSRL0\barrelSRL00_barrelSRL0.edi
@N: BW106 |Synplicity Constraint File capacitance units using default value of 1pF 

Finished Writing EDIF Netlist and constraint files (Real Time elapsed 0h:00m:01s; CPU Time elapsed 0h:00m:01s; Memory used current: 184MB peak: 184MB)


Start final timing analysis (Real Time elapsed 0h:00m:02s; CPU Time elapsed 0h:00m:01s; Memory used current: 183MB peak: 184MB)

@W: MT420 |Found inferred clock oscint00|osc_int0_inferred_clock with period 480.77ns. Please declare a user-defined clock on net BSRL00.OS00.sclk.
@N: MT615 |Found clock div00|oscout_derived_clock with period 480.77ns 


##### START OF TIMING REPORT #####[
# Timing report written on Sat Nov 12 19:03:03 2022
#


Top view:               barrelSRL00
Requested Frequency:    2.1 MHz
Wire load mode:         top
Paths requested:        5
Constraint File(s):    
@N: MT320 |This timing report is an estimate of place and route data. For final timing results, use the FPGA vendor place and route report.

@N: MT322 |Clock constraints include only register-to-register paths associated with each individual clock.



Performance Summary
*******************


Worst slack in design: 469.350

                                     Requested     Estimated     Requested     Estimated                 Clock                                               Clock              
Starting Clock                       Frequency     Frequency     Period        Period        Slack       Type                                                Group              
--------------------------------------------------------------------------------------------------------------------------------------------------------------------------------
div00|oscout_derived_clock           2.1 MHz       321.7 MHz     480.769       3.108         955.322     derived (from oscint00|osc_int0_inferred_clock)     Inferred_clkgroup_0
oscint00|osc_int0_inferred_clock     2.1 MHz       87.6 MHz      480.769       11.419        469.350     inferred                                            Inferred_clkgroup_0
================================================================================================================================================================================





Clock Relationships
*******************

Clocks                                                              |    rise  to  rise     |    fall  to  fall   |    rise  to  fall   |    fall  to  rise 
------------------------------------------------------------------------------------------------------------------------------------------------------------
Starting                          Ending                            |  constraint  slack    |  constraint  slack  |  constraint  slack  |  constraint  slack
------------------------------------------------------------------------------------------------------------------------------------------------------------
oscint00|osc_int0_inferred_clock  oscint00|osc_int0_inferred_clock  |  480.769     469.350  |  No paths    -      |  No paths    -      |  No paths    -    
div00|oscout_derived_clock        div00|oscout_derived_clock        |  480.769     955.322  |  No paths    -      |  No paths    -      |  No paths    -    
============================================================================================================================================================
 Note: 'No paths' indicates there are no paths in the design for that pair of clock edges.
       'Diff grp' indicates that paths exist but the starting clock and ending clock are in different clock groups.



Interface Information 
*********************

No IO constraint found



====================================
Detailed Report for Clock: div00|oscout_derived_clock
====================================



Starting Points with Worst Slack
********************************

                       Starting                                                           Arrival            
Instance               Reference                      Type        Pin     Net             Time        Slack  
                       Clock                                                                                 
-------------------------------------------------------------------------------------------------------------
BSRL01.scontrol[0]     div00|oscout_derived_clock     FD1S3IX     Q       scontrol[0]     1.108       955.322
BSRL01.scontrol[1]     div00|oscout_derived_clock     FD1S3IX     Q       scontrol[1]     1.148       955.425
BSRL01.scontrol[2]     div00|oscout_derived_clock     FD1S3IX     Q       scontrol[2]     1.108       955.465
BSRL01.scontrol[3]     div00|oscout_derived_clock     FD1S3IX     Q       scontrol[3]     1.044       957.412
BSRL01.outs[0]         div00|oscout_derived_clock     FD1P3AX     Q       out0_c[0]       1.108       958.886
BSRL01.outs[2]         div00|oscout_derived_clock     FD1P3AX     Q       out0_c[2]       1.108       958.886
BSRL01.outs[3]         div00|oscout_derived_clock     FD1P3AX     Q       out0_c[3]       1.108       958.886
BSRL01.outs[4]         div00|oscout_derived_clock     FD1P3AX     Q       out0_c[4]       1.108       958.886
BSRL01.outs[5]         div00|oscout_derived_clock     FD1P3AX     Q       out0_c[5]       1.108       958.886
BSRL01.outs[6]         div00|oscout_derived_clock     FD1P3AX     Q       out0_c[6]       1.108       958.886
=============================================================================================================


Ending Points with Worst Slack
******************************

                       Starting                                                               Required            
Instance               Reference                      Type        Pin     Net                 Time         Slack  
                       Clock                                                                                      
------------------------------------------------------------------------------------------------------------------
BSRL01.outs[0]         div00|oscout_derived_clock     FD1P3AX     SP      un1_outs34_i        961.067      955.322
BSRL01.outs[1]         div00|oscout_derived_clock     FD1P3AX     SP      un1_outs34_i        961.067      955.322
BSRL01.outs[2]         div00|oscout_derived_clock     FD1P3AX     SP      un1_outs34_i        961.067      955.322
BSRL01.outs[3]         div00|oscout_derived_clock     FD1P3AX     SP      un1_outs34_i        961.067      955.322
BSRL01.outs[4]         div00|oscout_derived_clock     FD1P3AX     SP      un1_outs34_i        961.067      955.322
BSRL01.outs[5]         div00|oscout_derived_clock     FD1P3AX     SP      un1_outs34_i        961.067      955.322
BSRL01.outs[6]         div00|oscout_derived_clock     FD1P3AX     SP      un1_outs34_i        961.067      955.322
BSRL01.outs[7]         div00|oscout_derived_clock     FD1P3AX     SP      un1_outs34_i        961.067      955.322
BSRL01.scontrol[1]     div00|oscout_derived_clock     FD1S3IX     D       un1_scontrol[2]     961.627      955.378
BSRL01.scontrol[2]     div00|oscout_derived_clock     FD1S3IX     D       un1_scontrol[3]     961.627      955.378
==================================================================================================================



Worst Path Information
***********************


Path information for path number 1: 
      Requested Period:                      961.538
    - Setup time:                            0.472
    + Clock delay at ending point:           0.000 (ideal)
    = Required time:                         961.067

    - Propagation time:                      5.745
    - Clock delay at starting point:         0.000 (ideal)
    = Slack (non-critical) :                 955.322

    Number of logic level(s):                4
    Starting point:                          BSRL01.scontrol[0] / Q
    Ending point:                            BSRL01.outs[0] / SP
    The start point is clocked by            div00|oscout_derived_clock [rising] (rise=0.000 fall=240.385 period=480.769) on pin CK
    The end   point is clocked by            div00|oscout_derived_clock [rising] (rise=0.000 fall=240.385 period=480.769) on pin CK
    -Timing constraint applied as multi cycle path with factor 2 (from c:div00|oscout_derived_clock to c:div00|oscout_derived_clock)

Instance / Net                                                Pin      Pin               Arrival     No. of    
Name                                             Type         Name     Dir     Delay     Time        Fan Out(s)
---------------------------------------------------------------------------------------------------------------
BSRL01.scontrol[0]                               FD1S3IX      Q        Out     1.108     1.108 r     -         
scontrol[0]                                      Net          -        -       -         -           3         
BSRL01.pshift\.un2_scontrol_cry_0_0              CCU2D        B1       In      0.000     1.108 r     -         
BSRL01.pshift\.un2_scontrol_cry_0_0              CCU2D        COUT     Out     1.544     2.652 r     -         
un2_scontrol_cry_0                               Net          -        -       -         -           1         
BSRL01.pshift\.un2_scontrol_cry_1_0              CCU2D        CIN      In      0.000     2.652 r     -         
BSRL01.pshift\.un2_scontrol_cry_1_0              CCU2D        COUT     Out     0.143     2.795 r     -         
un2_scontrol_cry_2                               Net          -        -       -         -           1         
BSRL01.pshift\.un2_scontrol_cry_3_0              CCU2D        CIN      In      0.000     2.795 r     -         
BSRL01.pshift\.un2_scontrol_cry_3_0              CCU2D        S1       Out     1.685     4.480 r     -         
un2_scontrol                                     Net          -        -       -         -           3         
BSRL01.pshift\.un2_scontrol_cry_3_0_RNIK41E1     ORCALUT4     A        In      0.000     4.480 r     -         
BSRL01.pshift\.un2_scontrol_cry_3_0_RNIK41E1     ORCALUT4     Z        Out     1.265     5.745 r     -         
un1_outs34_i                                     Net          -        -       -         -           8         
BSRL01.outs[0]                                   FD1P3AX      SP       In      0.000     5.745 r     -         
===============================================================================================================




====================================
Detailed Report for Clock: oscint00|osc_int0_inferred_clock
====================================



Starting Points with Worst Slack
********************************

                         Starting                                                              Arrival            
Instance                 Reference                            Type        Pin     Net          Time        Slack  
                         Clock                                                                                    
------------------------------------------------------------------------------------------------------------------
BSRL00.OS01.sdiv[21]     oscint00|osc_int0_inferred_clock     FD1S3IX     Q       sdiv[21]     1.180       469.350
BSRL00.OS01.sdiv[20]     oscint00|osc_int0_inferred_clock     FD1S3IX     Q       sdiv[20]     1.148       469.382
BSRL00.OS01.sdiv[19]     oscint00|osc_int0_inferred_clock     FD1S3IX     Q       sdiv[19]     1.044       469.486
BSRL00.OS01.sdiv[18]     oscint00|osc_int0_inferred_clock     FD1S3IX     Q       sdiv[18]     1.148       469.910
BSRL00.OS01.sdiv[17]     oscint00|osc_int0_inferred_clock     FD1S3IX     Q       sdiv[17]     1.044       470.679
BSRL00.OS01.sdiv[16]     oscint00|osc_int0_inferred_clock     FD1S3IX     Q       sdiv[16]     1.148       471.768
BSRL00.OS01.sdiv[15]     oscint00|osc_int0_inferred_clock     FD1S3IX     Q       sdiv[15]     1.044       471.872
BSRL00.OS01.sdiv[10]     oscint00|osc_int0_inferred_clock     FD1S3IX     Q       sdiv[10]     1.108       471.984
BSRL00.OS01.sdiv[11]     oscint00|osc_int0_inferred_clock     FD1S3IX     Q       sdiv[11]     1.108       471.984
BSRL00.OS01.sdiv[12]     oscint00|osc_int0_inferred_clock     FD1S3IX     Q       sdiv[12]     1.108       471.984
==================================================================================================================


Ending Points with Worst Slack
******************************

                         Starting                                                                  Required            
Instance                 Reference                            Type        Pin     Net              Time         Slack  
                         Clock                                                                                         
-----------------------------------------------------------------------------------------------------------------------
BSRL00.OS01.sdiv[21]     oscint00|osc_int0_inferred_clock     FD1S3IX     D       un2_sdiv[21]     480.664      469.350
BSRL00.OS01.sdiv[19]     oscint00|osc_int0_inferred_clock     FD1S3IX     D       un2_sdiv[19]     480.664      469.493
BSRL00.OS01.sdiv[20]     oscint00|osc_int0_inferred_clock     FD1S3IX     D       un2_sdiv[20]     480.664      469.493
BSRL00.OS01.sdiv[17]     oscint00|osc_int0_inferred_clock     FD1S3IX     D       un2_sdiv[17]     480.664      469.636
BSRL00.OS01.sdiv[18]     oscint00|osc_int0_inferred_clock     FD1S3IX     D       un2_sdiv[18]     480.664      469.636
BSRL00.OS01.sdiv[15]     oscint00|osc_int0_inferred_clock     FD1S3IX     D       un2_sdiv[15]     480.664      469.779
BSRL00.OS01.sdiv[16]     oscint00|osc_int0_inferred_clock     FD1S3IX     D       un2_sdiv[16]     480.664      469.779
BSRL00.OS01.sdiv[13]     oscint00|osc_int0_inferred_clock     FD1S3IX     D       un2_sdiv[13]     480.664      469.921
BSRL00.OS01.sdiv[14]     oscint00|osc_int0_inferred_clock     FD1S3IX     D       un2_sdiv[14]     480.664      469.921
BSRL00.OS01.sdiv[11]     oscint00|osc_int0_inferred_clock     FD1S3IX     D       un2_sdiv[11]     480.664      470.064
=======================================================================================================================



Worst Path Information
***********************


Path information for path number 1: 
      Requested Period:                      480.769
    - Setup time:                            0.106
    + Clock delay at ending point:           0.000 (ideal)
    = Required time:                         480.664

    - Propagation time:                      11.313
    - Clock delay at starting point:         0.000 (ideal)
    = Slack (critical) :                     469.350

    Number of logic level(s):                17
    Starting point:                          BSRL00.OS01.sdiv[21] / Q
    Ending point:                            BSRL00.OS01.sdiv[21] / D
    The start point is clocked by            oscint00|osc_int0_inferred_clock [rising] (rise=0.000 fall=240.385 period=480.769) on pin CK
    The end   point is clocked by            oscint00|osc_int0_inferred_clock [rising] (rise=0.000 fall=240.385 period=480.769) on pin CK

Instance / Net                                               Pin      Pin               Arrival      No. of    
Name                                            Type         Name     Dir     Delay     Time         Fan Out(s)
---------------------------------------------------------------------------------------------------------------
BSRL00.OS01.sdiv[21]                            FD1S3IX      Q        Out     1.180     1.180 r      -         
sdiv[21]                                        Net          -        -       -         -            5         
BSRL00.OS01.un1_oscout_1_sqmuxa_i_a4            ORCALUT4     B        In      0.000     1.180 r      -         
BSRL00.OS01.un1_oscout_1_sqmuxa_i_a4            ORCALUT4     Z        Out     1.193     2.373 f      -         
N_41                                            Net          -        -       -         -            4         
BSRL00.OS01.un1_oscout_1_sqmuxa_i_a4_0          ORCALUT4     C        In      0.000     2.373 f      -         
BSRL00.OS01.un1_oscout_1_sqmuxa_i_a4_0          ORCALUT4     Z        Out     1.193     3.565 f      -         
N_43                                            Net          -        -       -         -            4         
BSRL00.OS01.un1_oscout_0_sqmuxa_1_0_a4[0]       ORCALUT4     C        In      0.000     3.565 f      -         
BSRL00.OS01.un1_oscout_0_sqmuxa_1_0_a4[0]       ORCALUT4     Z        Out     1.193     4.758 f      -         
N_45                                            Net          -        -       -         -            4         
BSRL00.OS01.un1_oscout_0_sqmuxa_1_0_a6_3[0]     ORCALUT4     D        In      0.000     4.758 f      -         
BSRL00.OS01.un1_oscout_0_sqmuxa_1_0_a6_3[0]     ORCALUT4     Z        Out     1.017     5.775 f      -         
N_39                                            Net          -        -       -         -            1         
BSRL00.OS01.un1_oscout_0_sqmuxa_1_0[0]          ORCALUT4     C        In      0.000     5.775 f      -         
BSRL00.OS01.un1_oscout_0_sqmuxa_1_0[0]          ORCALUT4     Z        Out     1.017     6.792 f      -         
un1_oscout_0_sqmuxa_1_0[0]                      Net          -        -       -         -            1         
BSRL00.OS01.un2_sdiv_cry_0_0                    CCU2D        B0       In      0.000     6.792 f      -         
BSRL00.OS01.un2_sdiv_cry_0_0                    CCU2D        COUT     Out     1.544     8.336 r      -         
un2_sdiv_cry_0                                  Net          -        -       -         -            1         
BSRL00.OS01.un2_sdiv_cry_1_0                    CCU2D        CIN      In      0.000     8.336 r      -         
BSRL00.OS01.un2_sdiv_cry_1_0                    CCU2D        COUT     Out     0.143     8.479 r      -         
un2_sdiv_cry_2                                  Net          -        -       -         -            1         
BSRL00.OS01.un2_sdiv_cry_3_0                    CCU2D        CIN      In      0.000     8.479 r      -         
BSRL00.OS01.un2_sdiv_cry_3_0                    CCU2D        COUT     Out     0.143     8.622 r      -         
un2_sdiv_cry_4                                  Net          -        -       -         -            1         
BSRL00.OS01.un2_sdiv_cry_5_0                    CCU2D        CIN      In      0.000     8.622 r      -         
BSRL00.OS01.un2_sdiv_cry_5_0                    CCU2D        COUT     Out     0.143     8.765 r      -         
un2_sdiv_cry_6                                  Net          -        -       -         -            1         
BSRL00.OS01.un2_sdiv_cry_7_0                    CCU2D        CIN      In      0.000     8.765 r      -         
BSRL00.OS01.un2_sdiv_cry_7_0                    CCU2D        COUT     Out     0.143     8.908 r      -         
un2_sdiv_cry_8                                  Net          -        -       -         -            1         
BSRL00.OS01.un2_sdiv_cry_9_0                    CCU2D        CIN      In      0.000     8.908 r      -         
BSRL00.OS01.un2_sdiv_cry_9_0                    CCU2D        COUT     Out     0.143     9.050 r      -         
un2_sdiv_cry_10                                 Net          -        -       -         -            1         
BSRL00.OS01.un2_sdiv_cry_11_0                   CCU2D        CIN      In      0.000     9.050 r      -         
BSRL00.OS01.un2_sdiv_cry_11_0                   CCU2D        COUT     Out     0.143     9.193 r      -         
un2_sdiv_cry_12                                 Net          -        -       -         -            1         
BSRL00.OS01.un2_sdiv_cry_13_0                   CCU2D        CIN      In      0.000     9.193 r      -         
BSRL00.OS01.un2_sdiv_cry_13_0                   CCU2D        COUT     Out     0.143     9.336 r      -         
un2_sdiv_cry_14                                 Net          -        -       -         -            1         
BSRL00.OS01.un2_sdiv_cry_15_0                   CCU2D        CIN      In      0.000     9.336 r      -         
BSRL00.OS01.un2_sdiv_cry_15_0                   CCU2D        COUT     Out     0.143     9.479 r      -         
un2_sdiv_cry_16                                 Net          -        -       -         -            1         
BSRL00.OS01.un2_sdiv_cry_17_0                   CCU2D        CIN      In      0.000     9.479 r      -         
BSRL00.OS01.un2_sdiv_cry_17_0                   CCU2D        COUT     Out     0.143     9.621 r      -         
un2_sdiv_cry_18                                 Net          -        -       -         -            1         
BSRL00.OS01.un2_sdiv_cry_19_0                   CCU2D        CIN      In      0.000     9.621 r      -         
BSRL00.OS01.un2_sdiv_cry_19_0                   CCU2D        COUT     Out     0.143     9.764 r      -         
un2_sdiv_cry_20                                 Net          -        -       -         -            1         
BSRL00.OS01.un2_sdiv_s_21_0                     CCU2D        CIN      In      0.000     9.764 r      -         
BSRL00.OS01.un2_sdiv_s_21_0                     CCU2D        S0       Out     1.549     11.313 r     -         
un2_sdiv[21]                                    Net          -        -       -         -            1         
BSRL00.OS01.sdiv[21]                            FD1S3IX      D        In      0.000     11.313 r     -         
===============================================================================================================



##### END OF TIMING REPORT #####]

Timing exceptions that could not be applied

Finished final timing analysis (Real Time elapsed 0h:00m:02s; CPU Time elapsed 0h:00m:01s; Memory used current: 184MB peak: 184MB)


Finished timing report (Real Time elapsed 0h:00m:02s; CPU Time elapsed 0h:00m:01s; Memory used current: 184MB peak: 184MB)

---------------------------------------
Resource Usage Report
Part: lcmxo2_7000he-5

Register bits: 35 of 6864 (1%)
PIC Latch:       0
I/O cells:       30


Details:
CCU2D:          15
FD1P3AX:        8
FD1S3AX:        1
FD1S3IX:        26
GSR:            1
IB:             21
OB:             9
ORCALUT4:       56
OSCH:           1
PFUMX:          2
PUR:            1
VHI:            3
VLO:            4
Mapper successful!

At Mapper Exit (Real Time elapsed 0h:00m:02s; CPU Time elapsed 0h:00m:01s; Memory used current: 65MB peak: 184MB)

Process took 0h:00m:02s realtime, 0h:00m:01s cputime
# Sat Nov 12 19:03:03 2022

###########################################################]


Synthesis exit by 0.

edif2ngd  -l "MachXO2" -d LCMXO2-7000HE -path "C:/Users/sando_m929gqi/Desktop/ESCOM/7moSemestre/ArquitecturaDeComputadoras/PrimerParcial/Practicas/11-barrelSRL00/barrelSRL0" -path "C:/Users/sando_m929gqi/Desktop/ESCOM/7moSemestre/ArquitecturaDeComputadoras/PrimerParcial/Practicas/11-barrelSRL00"   "C:/Users/sando_m929gqi/Desktop/ESCOM/7moSemestre/ArquitecturaDeComputadoras/PrimerParcial/Practicas/11-barrelSRL00/barrelSRL0/barrelSRL00_barrelSRL0.edi" "barrelSRL00_barrelSRL0.ngo"   
edif2ngd:  version Diamond (64-bit) 3.12.0.240.2

Copyright (c) 1991-1994 by NeoCAD Inc. All rights reserved.
Copyright (c) 1995 AT&T Corp.   All rights reserved.
Copyright (c) 1995-2001 Lucent Technologies Inc.  All rights reserved.
Copyright (c) 2001 Agere Systems   All rights reserved.
Copyright (c) 2002-2020 Lattice Semiconductor Corporation,  All rights reserved.
Writing the design to barrelSRL00_barrelSRL0.ngo...

Total CPU Time: 0 secs  
Total REAL Time: 0 secs  
Peak Memory Usage: 11 MB


ngdbuild  -a "MachXO2" -d LCMXO2-7000HE  -p "C:/lscc/diamond/3.12/ispfpga/xo2c00/data"  -p "C:/Users/sando_m929gqi/Desktop/ESCOM/7moSemestre/ArquitecturaDeComputadoras/PrimerParcial/Practicas/11-barrelSRL00/barrelSRL0" -p "C:/Users/sando_m929gqi/Desktop/ESCOM/7moSemestre/ArquitecturaDeComputadoras/PrimerParcial/Practicas/11-barrelSRL00"  "barrelSRL00_barrelSRL0.ngo" "barrelSRL00_barrelSRL0.ngd"  	
ngdbuild:  version Diamond (64-bit) 3.12.0.240.2

Copyright (c) 1991-1994 by NeoCAD Inc. All rights reserved.
Copyright (c) 1995 AT&T Corp.   All rights reserved.
Copyright (c) 1995-2001 Lucent Technologies Inc.  All rights reserved.
Copyright (c) 2001 Agere Systems   All rights reserved.
Copyright (c) 2002-2020 Lattice Semiconductor Corporation,  All rights reserved.
Reading 'barrelSRL00_barrelSRL0.ngo' ...
Loading NGL library 'C:/lscc/diamond/3.12/ispfpga/xo2c00a/data/xo2alib.ngl'...
Loading NGL library 'C:/lscc/diamond/3.12/ispfpga/xo2c00/data/xo2clib.ngl'...
Loading NGL library 'C:/lscc/diamond/3.12/ispfpga/mg5g00/data/mg5glib.ngl'...
Loading NGL library 'C:/lscc/diamond/3.12/ispfpga/or5g00/data/orc5glib.ngl'...


Running DRC...

    <postMsg mid="1166052" type="Warning" dynamic="2" navigation="1" arg0="logical" arg1="BSRL00/OS00/OSCInst0_SEDSTDBY" arg2="BSRL00/OS00/OSCInst0_SEDSTDBY"  />
    <postMsg mid="1163101" type="Warning" dynamic="1" navigation="0" arg0="1"  />

Design Results:
    147 blocks expanded
Complete the first expansion.
Writing 'barrelSRL00_barrelSRL0.ngd' ...
Total CPU Time: 0 secs 
Total REAL Time: 0 secs 
Peak Memory Usage: 18 MB


map -a "MachXO2" -p LCMXO2-7000HE -t TQFP144 -s 5 -oc Commercial   "barrelSRL00_barrelSRL0.ngd" -o "barrelSRL00_barrelSRL0_map.ncd" -pr "barrelSRL00_barrelSRL0.prf" -mp "barrelSRL00_barrelSRL0.mrp" -lpf "C:/Users/sando_m929gqi/Desktop/ESCOM/7moSemestre/ArquitecturaDeComputadoras/PrimerParcial/Practicas/11-barrelSRL00/barrelSRL0/barrelSRL00_barrelSRL0_synplify.lpf" -lpf "C:/Users/sando_m929gqi/Desktop/ESCOM/7moSemestre/ArquitecturaDeComputadoras/PrimerParcial/Practicas/11-barrelSRL00/barrelSRL00.lpf"  -c 0           
map:  version Diamond (64-bit) 3.12.0.240.2

Copyright (c) 1991-1994 by NeoCAD Inc. All rights reserved.
Copyright (c) 1995 AT&T Corp.   All rights reserved.
Copyright (c) 1995-2001 Lucent Technologies Inc.  All rights reserved.
Copyright (c) 2001 Agere Systems   All rights reserved.
Copyright (c) 2002-2020 Lattice Semiconductor Corporation,  All rights reserved.
   Process the file: barrelSRL00_barrelSRL0.ngd
   Picdevice="LCMXO2-7000HE"

   Pictype="TQFP144"

   Picspeed=5

   Remove unused logic

   Do not produce over sized NCDs.

Part used: LCMXO2-7000HETQFP144, Performance used: 5.

Loading device for application map from file 'xo2c7000.nph' in environment: C:/lscc/diamond/3.12/ispfpga.
Package Status:                     Final          Version 1.39.

Running general design DRC...

Removing unused logic...

Optimizing...




Design Summary:
   Number of registers:     35 out of  7209 (0%)
      PFU registers:           35 out of  6864 (1%)
      PIO registers:            0 out of   345 (0%)
   Number of SLICEs:        43 out of  3432 (1%)
      SLICEs as Logic/ROM:     43 out of  3432 (1%)
      SLICEs as RAM:            0 out of  2574 (0%)
      SLICEs as Carry:         15 out of  3432 (0%)
   Number of LUT4s:         86 out of  6864 (1%)
      Number used as logic LUTs:         56
      Number used as distributed RAM:     0
      Number used as ripple logic:       30
      Number used as shift registers:     0
   Number of PIO sites used: 30 + 4(JTAG) out of 115 (30%)
   Number of block RAMs:  0 out of 26 (0%)
   Number of GSRs:        0 out of 1 (0%)
   EFB used :        No
   JTAG used :       No
   Readback used :   No
   Oscillator used : Yes
   Startup used :    No
   POR :             On
   Bandgap :         On
   Number of Power Controller:  0 out of 1 (0%)
   Number of Dynamic Bank Controller (BCINRD):  0 out of 6 (0%)
   Number of Dynamic Bank Controller (BCLVDSO):  0 out of 1 (0%)
   Number of DCCA:  0 out of 8 (0%)
   Number of DCMA:  0 out of 2 (0%)
   Number of PLLs:  0 out of 2 (0%)
   Number of DQSDLLs:  0 out of 2 (0%)
   Number of CLKDIVC:  0 out of 4 (0%)
   Number of ECLKSYNCA:  0 out of 4 (0%)
   Number of ECLKBRIDGECS:  0 out of 2 (0%)
   Notes:-
      1. Total number of LUT4s = (Number of logic LUT4s) + 2*(Number of distributed RAMs) + 2*(Number of ripple logic)
      2. Number of logic LUT4s does not include count of distributed RAM and ripple logic.
   Number of clocks:  2
     Net clk0_c: 7 loads, 7 rising, 0 falling (Driver: BSRL00/OS01/oscout )
     Net BSRL00/sclk: 13 loads, 13 rising, 0 falling (Driver: BSRL00/OS00/OSCInst0 )
   Number of Clock Enables:  1
     Net BSRL01/un1_outs34_i: 5 loads, 5 LSLICEs
   Number of LSRs:  2
     Net BSRL01/outs29: 2 loads, 2 LSLICEs
     Net BSRL00/OS01/N_4_i: 12 loads, 12 LSLICEs
   Number of nets driven by tri-state buffers:  0
   Top 10 highest fanout non-clock nets:
     Net BSRL00/OS01/N_4_i: 13 loads
     Net en0_c[2]: 13 loads
     Net en0_c[1]: 12 loads
     Net cdiv0_c[3]: 10 loads
     Net en0_c[0]: 10 loads
     Net cdiv0_c[1]: 9 loads
     Net cdiv0_c[2]: 9 loads
     Net cdiv0_c[0]: 7 loads
     Net cdiv0_c[5]: 7 loads
     Net cdiv0_c[4]: 6 loads
 

   Number of warnings:  0
   Number of errors:    0



Total CPU Time: 0 secs  
Total REAL Time: 0 secs  
Peak Memory Usage: 58 MB

Dumping design to file barrelSRL00_barrelSRL0_map.ncd.

mpartrce -p "barrelSRL00_barrelSRL0.p2t" -f "barrelSRL00_barrelSRL0.p3t" -tf "barrelSRL00_barrelSRL0.pt" "barrelSRL00_barrelSRL0_map.ncd" "barrelSRL00_barrelSRL0.ncd"

---- MParTrce Tool ----
Removing old design directory at request of -rem command line option to this program.
Running par. Please wait . . .

Lattice Place and Route Report for Design "barrelSRL00_barrelSRL0_map.ncd"
Sat Nov 12 19:03:05 2022

PAR: Place And Route Diamond (64-bit) 3.12.0.240.2.
Command Line: par -w -l 5 -i 6 -t 1 -c 0 -e 0 -gui -msgset C:/Users/sando_m929gqi/Desktop/ESCOM/7moSemestre/ArquitecturaDeComputadoras/PrimerParcial/Practicas/11-barrelSRL00/promote.xml -exp parUseNBR=1:parCDP=0:parCDR=0:parPathBased=OFF:parASE=1 barrelSRL00_barrelSRL0_map.ncd barrelSRL00_barrelSRL0.dir/5_1.ncd barrelSRL00_barrelSRL0.prf
Preference file: barrelSRL00_barrelSRL0.prf.
Placement level-cost: 5-1.
Routing Iterations: 6

Loading design for application par from file barrelSRL00_barrelSRL0_map.ncd.
Design name: barrelSRL00
NCD version: 3.3
Vendor:      LATTICE
Device:      LCMXO2-7000HE
Package:     TQFP144
Performance: 5
Loading device for application par from file 'xo2c7000.nph' in environment: C:/lscc/diamond/3.12/ispfpga.
Package Status:                     Final          Version 1.39.
Performance Hardware Data Status:   Final          Version 34.4.
License checked out.


Ignore Preference Error(s):  True
Device utilization summary:

   PIO (prelim)   30+4(JTAG)/336     10% used
                  30+4(JTAG)/115     30% bonded

   SLICE             43/3432          1% used

   OSC                1/1           100% used


Number of Signals: 147
Number of Connections: 323

Pin Constraint Summary:
   30 out of 30 pins locked (100% locked).

The following 1 signal is selected to use the primary clock routing resources:
    BSRL00/sclk (driver: BSRL00/OS00/OSCInst0, clk load #: 13)


The following 2 signals are selected to use the secondary clock routing resources:
    clk0_c (driver: SLICE_17, clk load #: 7, sr load #: 0, ce load #: 0)
    BSRL00/OS01/N_4_i (driver: BSRL00/OS01/SLICE_24, clk load #: 0, sr load #: 12, ce load #: 0)

No signal is selected as Global Set/Reset.
Starting Placer Phase 0.

Finished Placer Phase 0.  REAL time: 0 secs 

Starting Placer Phase 1.
....................
Placer score = 35117.
Finished Placer Phase 1.  REAL time: 3 secs 

Starting Placer Phase 2.
.
Placer score =  35008
Finished Placer Phase 2.  REAL time: 3 secs 


------------------ Clock Report ------------------

Global Clock Resources:
  CLK_PIN    : 0 out of 8 (0%)
  PLL        : 0 out of 2 (0%)
  DCM        : 0 out of 2 (0%)
  DCC        : 0 out of 8 (0%)

Global Clocks:
  PRIMARY "BSRL00/sclk" from OSC on comp "BSRL00/OS00/OSCInst0" on site "OSC", clk load = 13
  SECONDARY "clk0_c" from Q0 on comp "SLICE_17" on site "R21C20D", clk load = 7, ce load = 0, sr load = 0
  SECONDARY "BSRL00/OS01/N_4_i" from F0 on comp "BSRL00/OS01/SLICE_24" on site "R21C18C", clk load = 0, ce load = 0, sr load = 12

  PRIMARY  : 1 out of 8 (12%)
  SECONDARY: 2 out of 8 (25%)

Edge Clocks:
  No edge clock selected.

--------------- End of Clock Report ---------------


I/O Usage Summary (final):
   30 + 4(JTAG) out of 336 (10.1%) PIO sites used.
   30 + 4(JTAG) out of 115 (29.6%) bonded PIO sites used.
   Number of PIO comps: 30; differential: 0.
   Number of Vref pins used: 0.

I/O Bank Usage Summary:
+----------+----------------+------------+-----------+
| I/O Bank | Usage          | Bank Vccio | Bank Vref |
+----------+----------------+------------+-----------+
| 0        | 7 / 28 ( 25%)  | 2.5V       | -         |
| 1        | 3 / 29 ( 10%)  | 2.5V       | -         |
| 2        | 14 / 29 ( 48%) | 2.5V       | -         |
| 3        | 4 / 9 ( 44%)   | 2.5V       | -         |
| 4        | 2 / 10 ( 20%)  | 2.5V       | -         |
| 5        | 0 / 10 (  0%)  | -          | -         |
+----------+----------------+------------+-----------+

Total placer CPU time: 1 secs 

Dumping design to file barrelSRL00_barrelSRL0.dir/5_1.ncd.

0 connections routed; 323 unrouted.
Starting router resource preassignment

Completed router resource preassignment. Real time: 5 secs 

Start NBR router at 19:03:10 11/12/22

*****************************************************************
Info: NBR allows conflicts(one node used by more than one signal)
      in the earlier iterations. In each iteration, it tries to  
      solve the conflicts while keeping the critical connections 
      routed as short as possible. The routing process is said to
      be completed when no conflicts exist and all connections   
      are routed.                                                
Note: NBR uses a different method to calculate timing slacks. The
      worst slack and total negative slack may not be the same as
      that in TRCE report. You should always run TRCE to verify  
      your design.                                               
*****************************************************************

Start NBR special constraint process at 19:03:10 11/12/22

Start NBR section for initial routing at 19:03:10 11/12/22
Level 4, iteration 1
3(0.00%) conflicts; 0(0.00%) untouched conn; 0 (nbr) score; 
Estimated worst slack/total negative slack<setup>: 469.120ns/0.000ns; real time: 5 secs 

Info: Initial congestion level at 75% usage is 0
Info: Initial congestion area  at 75% usage is 0 (0.00%)

Start NBR section for normal routing at 19:03:10 11/12/22
Level 4, iteration 1
2(0.00%) conflicts; 0(0.00%) untouched conn; 0 (nbr) score; 
Estimated worst slack/total negative slack<setup>: 469.120ns/0.000ns; real time: 5 secs 
Level 4, iteration 2
3(0.00%) conflicts; 0(0.00%) untouched conn; 0 (nbr) score; 
Estimated worst slack/total negative slack<setup>: 469.120ns/0.000ns; real time: 5 secs 
Level 4, iteration 3
1(0.00%) conflict; 0(0.00%) untouched conn; 0 (nbr) score; 
Estimated worst slack/total negative slack<setup>: 469.120ns/0.000ns; real time: 5 secs 
Level 4, iteration 4
0(0.00%) conflict; 0(0.00%) untouched conn; 0 (nbr) score; 
Estimated worst slack/total negative slack<setup>: 469.120ns/0.000ns; real time: 5 secs 

Start NBR section for setup/hold timing optimization with effort level 3 at 19:03:10 11/12/22

Start NBR section for re-routing at 19:03:10 11/12/22
Level 4, iteration 1
0(0.00%) conflict; 0(0.00%) untouched conn; 0 (nbr) score; 
Estimated worst slack/total negative slack<setup>: 469.120ns/0.000ns; real time: 5 secs 

Start NBR section for post-routing at 19:03:10 11/12/22

End NBR router with 0 unrouted connection

NBR Summary
-----------
  Number of unrouted connections : 0 (0.00%)
  Number of connections with timing violations : 0 (0.00%)
  Estimated worst slack<setup> : 469.120ns
  Timing score<setup> : 0
-----------
Notes: The timing info is calculated for SETUP only and all PAR_ADJs are ignored.



Total CPU time 2 secs 
Total REAL time: 6 secs 
Completely routed.
End of route.  323 routed (100.00%); 0 unrouted.

Hold time timing score: 0, hold timing errors: 0

Timing score: 0 

Dumping design to file barrelSRL00_barrelSRL0.dir/5_1.ncd.


PAR_SUMMARY::Run status = Completed
PAR_SUMMARY::Number of unrouted conns = 0
PAR_SUMMARY::Worst  slack<setup/<ns>> = 469.120
PAR_SUMMARY::Timing score<setup/<ns>> = 0.000
PAR_SUMMARY::Worst  slack<hold /<ns>> = 0.377
PAR_SUMMARY::Timing score<hold /<ns>> = 0.000
PAR_SUMMARY::Number of errors = 0

Total CPU  time to completion: 3 secs 
Total REAL time to completion: 6 secs 

par done!

Note: user must run 'Trace' for timing closure signoff.

Copyright (c) 1991-1994 by NeoCAD Inc. All rights reserved.
Copyright (c) 1995 AT&T Corp.   All rights reserved.
Copyright (c) 1995-2001 Lucent Technologies Inc.  All rights reserved.
Copyright (c) 2001 Agere Systems   All rights reserved.
Copyright (c) 2002-2020 Lattice Semiconductor Corporation,  All rights reserved.
Exiting par with exit code 0
Exiting mpartrce with exit code 0

trce -f "barrelSRL00_barrelSRL0.pt" -o "barrelSRL00_barrelSRL0.twr" "barrelSRL00_barrelSRL0.ncd" "barrelSRL00_barrelSRL0.prf"
trce:  version Diamond (64-bit) 3.12.0.240.2

Copyright (c) 1991-1994 by NeoCAD Inc. All rights reserved.
Copyright (c) 1995 AT&T Corp.   All rights reserved.
Copyright (c) 1995-2001 Lucent Technologies Inc.  All rights reserved.
Copyright (c) 2001 Agere Systems   All rights reserved.
Copyright (c) 2002-2020 Lattice Semiconductor Corporation,  All rights reserved.

Loading design for application trce from file barrelsrl00_barrelsrl0.ncd.
Design name: barrelSRL00
NCD version: 3.3
Vendor:      LATTICE
Device:      LCMXO2-7000HE
Package:     TQFP144
Performance: 5
Loading device for application trce from file 'xo2c7000.nph' in environment: C:/lscc/diamond/3.12/ispfpga.
Package Status:                     Final          Version 1.39.
Performance Hardware Data Status:   Final          Version 34.4.
Setup and Hold Report

--------------------------------------------------------------------------------
Lattice TRACE Report - Setup, Version Diamond (64-bit) 3.12.0.240.2
Sat Nov 12 19:03:11 2022

Copyright (c) 1991-1994 by NeoCAD Inc. All rights reserved.
Copyright (c) 1995 AT&T Corp.   All rights reserved.
Copyright (c) 1995-2001 Lucent Technologies Inc.  All rights reserved.
Copyright (c) 2001 Agere Systems   All rights reserved.
Copyright (c) 2002-2020 Lattice Semiconductor Corporation,  All rights reserved.

Report Information
------------------
Command line:    trce -v 10 -gt -sethld -sp 5 -sphld m -o barrelSRL00_barrelSRL0.twr -gui -msgset C:/Users/sando_m929gqi/Desktop/ESCOM/7moSemestre/ArquitecturaDeComputadoras/PrimerParcial/Practicas/11-barrelSRL00/promote.xml barrelSRL00_barrelSRL0.ncd barrelSRL00_barrelSRL0.prf 
Design file:     barrelsrl00_barrelsrl0.ncd
Preference file: barrelsrl00_barrelsrl0.prf
Device,speed:    LCMXO2-7000HE,5
Report level:    verbose report, limited to 10 items per preference
--------------------------------------------------------------------------------

BLOCK ASYNCPATHS
BLOCK RESETPATHS
--------------------------------------------------------------------------------



Timing summary (Setup):
---------------

Timing errors: 0  Score: 0
Cumulative negative slack: 0

Constraints cover 1478 paths, 1 nets, and 188 connections (58.20% coverage)

--------------------------------------------------------------------------------
Lattice TRACE Report - Hold, Version Diamond (64-bit) 3.12.0.240.2
Sat Nov 12 19:03:11 2022

Copyright (c) 1991-1994 by NeoCAD Inc. All rights reserved.
Copyright (c) 1995 AT&T Corp.   All rights reserved.
Copyright (c) 1995-2001 Lucent Technologies Inc.  All rights reserved.
Copyright (c) 2001 Agere Systems   All rights reserved.
Copyright (c) 2002-2020 Lattice Semiconductor Corporation,  All rights reserved.

Report Information
------------------
Command line:    trce -v 10 -gt -sethld -sp 5 -sphld m -o barrelSRL00_barrelSRL0.twr -gui -msgset C:/Users/sando_m929gqi/Desktop/ESCOM/7moSemestre/ArquitecturaDeComputadoras/PrimerParcial/Practicas/11-barrelSRL00/promote.xml barrelSRL00_barrelSRL0.ncd barrelSRL00_barrelSRL0.prf 
Design file:     barrelsrl00_barrelsrl0.ncd
Preference file: barrelsrl00_barrelsrl0.prf
Device,speed:    LCMXO2-7000HE,m
Report level:    verbose report, limited to 10 items per preference
--------------------------------------------------------------------------------

BLOCK ASYNCPATHS
BLOCK RESETPATHS
--------------------------------------------------------------------------------



Timing summary (Hold):
---------------

Timing errors: 0  Score: 0
Cumulative negative slack: 0

Constraints cover 1478 paths, 1 nets, and 188 connections (58.20% coverage)



Timing summary (Setup and Hold):
---------------

Timing errors: 0 (setup), 0 (hold)
Score: 0 (setup), 0 (hold)
Cumulative negative slack: 0 (0+0)
--------------------------------------------------------------------------------

--------------------------------------------------------------------------------

Total CPU Time: 0 secs 
Total REAL Time: 0 secs 
Peak Memory Usage: 66 MB


tmcheck -par "barrelSRL00_barrelSRL0.par" 

bitgen -f "barrelSRL00_barrelSRL0.t2b" -w "barrelSRL00_barrelSRL0.ncd"  -jedec "barrelSRL00_barrelSRL0.prf"


BITGEN: Bitstream Generator Diamond (64-bit) 3.12.0.240.2
Copyright (c) 1991-1994 by NeoCAD Inc. All rights reserved.
Copyright (c) 1995 AT&T Corp.   All rights reserved.
Copyright (c) 1995-2001 Lucent Technologies Inc.  All rights reserved.
Copyright (c) 2001 Agere Systems   All rights reserved.
Copyright (c) 2002-2020 Lattice Semiconductor Corporation,  All rights reserved.


Loading design for application Bitgen from file barrelSRL00_barrelSRL0.ncd.
Design name: barrelSRL00
NCD version: 3.3
Vendor:      LATTICE
Device:      LCMXO2-7000HE
Package:     TQFP144
Performance: 5
Loading device for application Bitgen from file 'xo2c7000.nph' in environment: C:/lscc/diamond/3.12/ispfpga.
Package Status:                     Final          Version 1.39.
Performance Hardware Data Status:   Final          Version 34.4.

Running DRC.
DRC detected 0 errors and 0 warnings.
Reading Preference File from barrelSRL00_barrelSRL0.prf.

Preference Summary:
+---------------------------------+---------------------------------+
|  Preference                     |  Current Setting                |
+---------------------------------+---------------------------------+
|                         RamCfg  |                        Reset**  |
+---------------------------------+---------------------------------+
|                     MCCLK_FREQ  |                         2.08**  |
+---------------------------------+---------------------------------+
|                  CONFIG_SECURE  |                          OFF**  |
+---------------------------------+---------------------------------+
|                          INBUF  |                           ON**  |
+---------------------------------+---------------------------------+
|                      JTAG_PORT  |                       ENABLE**  |
+---------------------------------+---------------------------------+
|                       SDM_PORT  |                      DISABLE**  |
+---------------------------------+---------------------------------+
|                 SLAVE_SPI_PORT  |                      DISABLE**  |
+---------------------------------+---------------------------------+
|                MASTER_SPI_PORT  |                      DISABLE**  |
+---------------------------------+---------------------------------+
|                       I2C_PORT  |                      DISABLE**  |
+---------------------------------+---------------------------------+
|        MUX_CONFIGURATION_PORTS  |                      DISABLE**  |
+---------------------------------+---------------------------------+
|                  CONFIGURATION  |                          CFG**  |
+---------------------------------+---------------------------------+
|                COMPRESS_CONFIG  |                           ON**  |
+---------------------------------+---------------------------------+
|                        MY_ASSP  |                          OFF**  |
+---------------------------------+---------------------------------+
|               ONE_TIME_PROGRAM  |                          OFF**  |
+---------------------------------+---------------------------------+
|                 ENABLE_TRANSFR  |                      DISABLE**  |
+---------------------------------+---------------------------------+
|                  SHAREDEBRINIT  |                      DISABLE**  |
+---------------------------------+---------------------------------+
|            BACKGROUND_RECONFIG  |                          OFF**  |
+---------------------------------+---------------------------------+
 *  Default setting.
 ** The specified setting matches the default setting.


Creating bit map...
 
Bitstream Status: Final           Version 1.95.
 
Saving bit stream in "barrelSRL00_barrelSRL0.jed".
 
===========
UFM Summary.
===========
UFM Size:        2046 Pages (128*2046 Bits).
UFM Utilization: General Purpose Flash Memory.
 
Available General Purpose Flash Memory: 2046 Pages (Page 0 to Page 2045).
Initialized UFM Pages:                     0 Page.
 
Total CPU Time: 1 secs 
Total REAL Time: 2 secs 
Peak Memory Usage: 289 MB
