Running in Lattice mode

Starting:    C:\lscc\diamond\3.12\synpbase\bin64\mbin\synbatch.exe
Install:     C:\lscc\diamond\3.12\synpbase
Hostname:    SANDOVALCHICLES
Date:        Thu Oct 20 20:04:14 2022
Version:     Q-2020.03L-SP1

Arguments:   -product synplify_pro -batch and00_and0_synplify.tcl
ProductType: synplify_pro




log file: "C:\Users\OzkArItO\Desktop\ESCOM\7mo_Semestre\Arquitectura de computadoras\Practicas\01-projectDiamont-PrimerParcial\01-and00\and0\and00_and0.srr"
Running: hdl_info_gen in foreground

Generating HDL info...
Copied C:\Users\OzkArItO\Desktop\ESCOM\7mo_Semestre\Arquitectura de computadoras\Practicas\01-projectDiamont-PrimerParcial\01-and00\and0\and00_and0.srr to C:\Users\OzkArItO\Desktop\ESCOM\7mo_Semestre\Arquitectura de computadoras\Practicas\01-projectDiamont-PrimerParcial\01-and00\and0\and00_and0.srf

hdl_info_gen completed
# Thu Oct 20 20:04:16 2022

Return Code: 0
Run Time:00h:00m:01s
log file: "C:\Users\OzkArItO\Desktop\ESCOM\7mo_Semestre\Arquitectura de computadoras\Practicas\01-projectDiamont-PrimerParcial\01-and00\and0\and00_and0.srr"
Running: and0 in foreground

Running proj_1|and0

Running Flow: compile (Compile) on proj_1|and0
# Thu Oct 20 20:04:17 2022

Running Flow: compile_flow (Compile Process) on proj_1|and0
# Thu Oct 20 20:04:17 2022

Running: compiler (Compile Input) on proj_1|and0
# Thu Oct 20 20:04:17 2022
Copied C:\Users\OzkArItO\Desktop\ESCOM\7mo_Semestre\Arquitectura de computadoras\Practicas\01-projectDiamont-PrimerParcial\01-and00\and0\synwork\and00_and0_comp.srs to C:\Users\OzkArItO\Desktop\ESCOM\7mo_Semestre\Arquitectura de computadoras\Practicas\01-projectDiamont-PrimerParcial\01-and00\and0\and00_and0.srs

compiler completed
# Thu Oct 20 20:04:23 2022

Return Code: 0
Run Time:00h:00m:06s

Running: multi_srs_gen (Multi-srs Generator) on proj_1|and0
# Thu Oct 20 20:04:23 2022

multi_srs_gen completed
# Thu Oct 20 20:04:24 2022

Return Code: 0
Run Time:00h:00m:01s
Copied C:\Users\OzkArItO\Desktop\ESCOM\7mo_Semestre\Arquitectura de computadoras\Practicas\01-projectDiamont-PrimerParcial\01-and00\and0\synwork\and00_and0_mult.srs to C:\Users\OzkArItO\Desktop\ESCOM\7mo_Semestre\Arquitectura de computadoras\Practicas\01-projectDiamont-PrimerParcial\01-and00\and0\and00_and0.srs
Copied C:\Users\OzkArItO\Desktop\ESCOM\7mo_Semestre\Arquitectura de computadoras\Practicas\01-projectDiamont-PrimerParcial\01-and00\and0\and00_and0.srr to C:\Users\OzkArItO\Desktop\ESCOM\7mo_Semestre\Arquitectura de computadoras\Practicas\01-projectDiamont-PrimerParcial\01-and00\and0\and00_and0.srf
Complete: Compile Process on proj_1|and0

Running: premap (Premap) on proj_1|and0
# Thu Oct 20 20:04:24 2022

premap completed
# Thu Oct 20 20:04:30 2022

Return Code: 0
Run Time:00h:00m:06s
Complete: Compile on proj_1|and0

Running Flow: map (Map) on proj_1|and0
# Thu Oct 20 20:04:30 2022

Running: fpga_mapper (Map & Optimize) on proj_1|and0
# Thu Oct 20 20:04:30 2022
Copied C:\Users\OzkArItO\Desktop\ESCOM\7mo_Semestre\Arquitectura de computadoras\Practicas\01-projectDiamont-PrimerParcial\01-and00\and0\synwork\and00_and0_m.srm to C:\Users\OzkArItO\Desktop\ESCOM\7mo_Semestre\Arquitectura de computadoras\Practicas\01-projectDiamont-PrimerParcial\01-and00\and0\and00_and0.srm

fpga_mapper completed
# Thu Oct 20 20:04:38 2022

Return Code: 0
Run Time:00h:00m:08s
Complete: Map on proj_1|and0
Copied C:\Users\OzkArItO\Desktop\ESCOM\7mo_Semestre\Arquitectura de computadoras\Practicas\01-projectDiamont-PrimerParcial\01-and00\and0\and00_and0.srr to C:\Users\OzkArItO\Desktop\ESCOM\7mo_Semestre\Arquitectura de computadoras\Practicas\01-projectDiamont-PrimerParcial\01-and00\and0\and00_and0.srf
Complete: Logic Synthesis on proj_1|and0
TCL script complete: "and00_and0_synplify.tcl"
exit status=0
exit status=0
Save changes for project:
C:\Users\OzkArItO\Desktop\ESCOM\7mo_Semestre\Arquitectura de computadoras\Practicas\01-projectDiamont-PrimerParcial\01-and00\and0\proj_1.prj
batch mode default:no
